[0.044s] Invoking command in '/home/shivam/bumperbot_ws/build/bumperbot_bringup': CMAKE_PREFIX_PATH=/opt/ros/humble /usr/bin/cmake --build /home/shivam/bumperbot_ws/build/bumperbot_bringup -- -j12 -l12
[0.223s] Invoked command in '/home/shivam/bumperbot_ws/build/bumperbot_bringup' returned '0': CMAKE_PREFIX_PATH=/opt/ros/humble /usr/bin/cmake --build /home/shivam/bumperbot_ws/build/bumperbot_bringup -- -j12 -l12
[0.303s] Invoking command in '/home/shivam/bumperbot_ws/build/bumperbot_bringup': CMAKE_PREFIX_PATH=/opt/ros/humble /usr/bin/cmake --install /home/shivam/bumperbot_ws/build/bumperbot_bringup
[0.325s] -- Install configuration: ""
[0.345s] -- Up-to-date: /home/shivam/bumperbot_ws/install/bumperbot_bringup/share/bumperbot_bringup/launch
[0.352s] -- Up-to-date: /home/shivam/bumperbot_ws/install/bumperbot_bringup/share/bumperbot_bringup/launch/simulated_robot.launch.py
[0.352s] -- Up-to-date: /home/shivam/bumperbot_ws/install/bumperbot_bringup/share/bumperbot_bringup/launch/real_robot.launch.py
[0.355s] -- Up-to-date: /home/shivam/bumperbot_ws/install/bumperbot_bringup/share/ament_index/resource_index/package_run_dependencies/bumperbot_bringup
[0.356s] -- Up-to-date: /home/shivam/bumperbot_ws/install/bumperbot_bringup/share/ament_index/resource_index/parent_prefix_path/bumperbot_bringup
[0.358s] -- Up-to-date: /home/shivam/bumperbot_ws/install/bumperbot_bringup/share/bumperbot_bringup/environment/ament_prefix_path.sh
[0.358s] -- Up-to-date: /home/shivam/bumperbot_ws/install/bumperbot_bringup/share/bumperbot_bringup/environment/ament_prefix_path.dsv
[0.358s] -- Up-to-date: /home/shivam/bumperbot_ws/install/bumperbot_bringup/share/bumperbot_bringup/environment/path.sh
[0.358s] -- Up-to-date: /home/shivam/bumperbot_ws/install/bumperbot_bringup/share/bumperbot_bringup/environment/path.dsv
[0.358s] -- Up-to-date: /home/shivam/bumperbot_ws/install/bumperbot_bringup/share/bumperbot_bringup/local_setup.bash
[0.359s] -- Up-to-date: /home/shivam/bumperbot_ws/install/bumperbot_bringup/share/bumperbot_bringup/local_setup.sh
[0.359s] -- Up-to-date: /home/shivam/bumperbot_ws/install/bumperbot_bringup/share/bumperbot_bringup/local_setup.zsh
[0.359s] -- Up-to-date: /home/shivam/bumperbot_ws/install/bumperbot_bringup/share/bumperbot_bringup/local_setup.dsv
[0.359s] -- Up-to-date: /home/shivam/bumperbot_ws/install/bumperbot_bringup/share/bumperbot_bringup/package.dsv
[0.360s] -- Up-to-date: /home/shivam/bumperbot_ws/install/bumperbot_bringup/share/ament_index/resource_index/packages/bumperbot_bringup
[0.371s] -- Up-to-date: /home/shivam/bumperbot_ws/install/bumperbot_bringup/share/bumperbot_bringup/cmake/bumperbot_bringupConfig.cmake
[0.373s] -- Up-to-date: /home/shivam/bumperbot_ws/install/bumperbot_bringup/share/bumperbot_bringup/cmake/bumperbot_bringupConfig-version.cmake
[0.373s] -- Up-to-date: /home/shivam/bumperbot_ws/install/bumperbot_bringup/share/bumperbot_bringup/package.xml
[0.376s] Invoked command in '/home/shivam/bumperbot_ws/build/bumperbot_bringup' returned '0': CMAKE_PREFIX_PATH=/opt/ros/humble /usr/bin/cmake --install /home/shivam/bumperbot_ws/build/bumperbot_bringup
