[0.051s] Invoking command in '/home/shivam/bumperbot_ws/build/bumperbot_localization': CMAKE_PREFIX_PATH=/opt/ros/humble /usr/bin/cmake --build /home/shivam/bumperbot_ws/build/bumperbot_localization -- -j12 -l12
[0.248s] [35m[1mConsolidate compiler generated dependencies of target imu_republisher[0m
[0.279s] [35m[1mConsolidate compiler generated dependencies of target kalman_filter[0m
[0.320s] [  0%] Built target ament_cmake_python_copy_bumperbot_localization
[0.690s] [ 50%] Built target imu_republisher
[0.714s] [100%] Built target kalman_filter
[1.010s] running egg_info
[1.010s] writing bumperbot_localization.egg-info/PKG-INFO
[1.011s] writing dependency_links to bumperbot_localization.egg-info/dependency_links.txt
[1.011s] writing top-level names to bumperbot_localization.egg-info/top_level.txt
[1.012s] reading manifest file 'bumperbot_localization.egg-info/SOURCES.txt'
[1.014s] writing manifest file 'bumperbot_localization.egg-info/SOURCES.txt'
[1.047s] [100%] Built target ament_cmake_python_build_bumperbot_localization_egg
[1.057s] Invoked command in '/home/shivam/bumperbot_ws/build/bumperbot_localization' returned '0': CMAKE_PREFIX_PATH=/opt/ros/humble /usr/bin/cmake --build /home/shivam/bumperbot_ws/build/bumperbot_localization -- -j12 -l12
[1.089s] Invoking command in '/home/shivam/bumperbot_ws/build/bumperbot_localization': CMAKE_PREFIX_PATH=/opt/ros/humble /usr/bin/cmake --install /home/shivam/bumperbot_ws/build/bumperbot_localization
[1.099s] -- Install configuration: ""
[1.102s] -- Up-to-date: /home/shivam/bumperbot_ws/install/bumperbot_localization/share/bumperbot_localization/environment/pythonpath.sh
[1.104s] -- Up-to-date: /home/shivam/bumperbot_ws/install/bumperbot_localization/share/bumperbot_localization/environment/pythonpath.dsv
[1.105s] -- Up-to-date: /home/shivam/bumperbot_ws/install/bumperbot_localization/local/lib/python3.10/dist-packages/bumperbot_localization-0.0.0-py3.10.egg-info
[1.105s] -- Installing: /home/shivam/bumperbot_ws/install/bumperbot_localization/local/lib/python3.10/dist-packages/bumperbot_localization-0.0.0-py3.10.egg-info/SOURCES.txt
[1.105s] -- Installing: /home/shivam/bumperbot_ws/install/bumperbot_localization/local/lib/python3.10/dist-packages/bumperbot_localization-0.0.0-py3.10.egg-info/dependency_links.txt
[1.106s] -- Installing: /home/shivam/bumperbot_ws/install/bumperbot_localization/local/lib/python3.10/dist-packages/bumperbot_localization-0.0.0-py3.10.egg-info/top_level.txt
[1.106s] -- Installing: /home/shivam/bumperbot_ws/install/bumperbot_localization/local/lib/python3.10/dist-packages/bumperbot_localization-0.0.0-py3.10.egg-info/PKG-INFO
[1.106s] -- Up-to-date: /home/shivam/bumperbot_ws/install/bumperbot_localization/local/lib/python3.10/dist-packages/bumperbot_localization
[1.106s] -- Up-to-date: /home/shivam/bumperbot_ws/install/bumperbot_localization/local/lib/python3.10/dist-packages/bumperbot_localization/kalman_filter.py
[1.106s] -- Up-to-date: /home/shivam/bumperbot_ws/install/bumperbot_localization/local/lib/python3.10/dist-packages/bumperbot_localization/__init__.py
[1.106s] -- Up-to-date: /home/shivam/bumperbot_ws/install/bumperbot_localization/local/lib/python3.10/dist-packages/bumperbot_localization/imu_republisher.py
[1.142s] Listing '/home/shivam/bumperbot_ws/install/bumperbot_localization/local/lib/python3.10/dist-packages/bumperbot_localization'...
[1.151s] -- Up-to-date: /home/shivam/bumperbot_ws/install/bumperbot_localization/include/include
[1.152s] -- Up-to-date: /home/shivam/bumperbot_ws/install/bumperbot_localization/include/include/bumperbot_localization
[1.152s] -- Up-to-date: /home/shivam/bumperbot_ws/install/bumperbot_localization/include/include/bumperbot_localization/kalman_filter.hpp
[1.152s] -- Up-to-date: /home/shivam/bumperbot_ws/install/bumperbot_localization/lib/bumperbot_localization/kalman_filter
[1.156s] -- Up-to-date: /home/shivam/bumperbot_ws/install/bumperbot_localization/lib/bumperbot_localization/imu_republisher
[1.157s] -- Up-to-date: /home/shivam/bumperbot_ws/install/bumperbot_localization/share/bumperbot_localization/launch
[1.157s] -- Up-to-date: /home/shivam/bumperbot_ws/install/bumperbot_localization/share/bumperbot_localization/launch/local_localization.launch.py
[1.158s] -- Up-to-date: /home/shivam/bumperbot_ws/install/bumperbot_localization/share/bumperbot_localization/config
[1.160s] -- Up-to-date: /home/shivam/bumperbot_ws/install/bumperbot_localization/share/bumperbot_localization/config/ekf.yaml
[1.162s] -- Up-to-date: /home/shivam/bumperbot_ws/install/bumperbot_localization/lib/bumperbot_localization/kalman_filter.py
[1.164s] -- Up-to-date: /home/shivam/bumperbot_ws/install/bumperbot_localization/lib/bumperbot_localization/imu_republisher.py
[1.165s] -- Up-to-date: /home/shivam/bumperbot_ws/install/bumperbot_localization/share/ament_index/resource_index/package_run_dependencies/bumperbot_localization
[1.165s] -- Up-to-date: /home/shivam/bumperbot_ws/install/bumperbot_localization/share/ament_index/resource_index/parent_prefix_path/bumperbot_localization
[1.166s] -- Up-to-date: /home/shivam/bumperbot_ws/install/bumperbot_localization/share/bumperbot_localization/environment/ament_prefix_path.sh
[1.166s] -- Up-to-date: /home/shivam/bumperbot_ws/install/bumperbot_localization/share/bumperbot_localization/environment/ament_prefix_path.dsv
[1.166s] -- Up-to-date: /home/shivam/bumperbot_ws/install/bumperbot_localization/share/bumperbot_localization/environment/path.sh
[1.166s] -- Up-to-date: /home/shivam/bumperbot_ws/install/bumperbot_localization/share/bumperbot_localization/environment/path.dsv
[1.166s] -- Up-to-date: /home/shivam/bumperbot_ws/install/bumperbot_localization/share/bumperbot_localization/local_setup.bash
[1.167s] -- Up-to-date: /home/shivam/bumperbot_ws/install/bumperbot_localization/share/bumperbot_localization/local_setup.sh
[1.167s] -- Up-to-date: /home/shivam/bumperbot_ws/install/bumperbot_localization/share/bumperbot_localization/local_setup.zsh
[1.167s] -- Up-to-date: /home/shivam/bumperbot_ws/install/bumperbot_localization/share/bumperbot_localization/local_setup.dsv
[1.167s] -- Installing: /home/shivam/bumperbot_ws/install/bumperbot_localization/share/bumperbot_localization/package.dsv
[1.169s] -- Up-to-date: /home/shivam/bumperbot_ws/install/bumperbot_localization/share/ament_index/resource_index/packages/bumperbot_localization
[1.170s] -- Up-to-date: /home/shivam/bumperbot_ws/install/bumperbot_localization/share/bumperbot_localization/cmake/bumperbot_localizationConfig.cmake
[1.170s] -- Up-to-date: /home/shivam/bumperbot_ws/install/bumperbot_localization/share/bumperbot_localization/cmake/bumperbot_localizationConfig-version.cmake
[1.170s] -- Up-to-date: /home/shivam/bumperbot_ws/install/bumperbot_localization/share/bumperbot_localization/package.xml
[1.192s] Invoked command in '/home/shivam/bumperbot_ws/build/bumperbot_localization' returned '0': CMAKE_PREFIX_PATH=/opt/ros/humble /usr/bin/cmake --install /home/shivam/bumperbot_ws/build/bumperbot_localization
