[0.429s] DEBUG:colcon:Command line arguments: ['/usr/bin/colcon', 'build']
[0.429s] DEBUG:colcon:Parsed command line arguments: Namespace(log_base=None, log_level=None, verb_name='build', build_base='build', install_base='install', merge_install=False, symlink_install=False, test_result_base=None, continue_on_error=False, executor='parallel', parallel_workers=12, event_handlers=None, ignore_user_meta=False, metas=['./colcon.meta'], base_paths=['.'], packages_ignore=None, packages_ignore_regex=None, paths=None, packages_up_to=None, packages_up_to_regex=None, packages_above=None, packages_above_and_dependencies=None, packages_above_depth=None, packages_select_by_dep=None, packages_skip_by_dep=None, packages_skip_up_to=None, packages_select_build_failed=False, packages_skip_build_finished=False, packages_select_test_failures=False, packages_skip_test_passed=False, packages_select=None, packages_skip=None, packages_select_regex=None, packages_skip_regex=None, packages_start=None, packages_end=None, allow_overriding=[], cmake_args=None, cmake_target=None, cmake_target_skip_unavailable=False, cmake_clean_cache=False, cmake_clean_first=False, cmake_force_configure=False, ament_cmake_args=None, catkin_cmake_args=None, catkin_skip_building_tests=False, verb_parser=<colcon_defaults.argument_parser.defaults.DefaultArgumentsDecorator object at 0x7f663cd28b20>, verb_extension=<colcon_core.verb.build.BuildVerb object at 0x7f663cd28520>, main=<bound method BuildVerb.main of <colcon_core.verb.build.BuildVerb object at 0x7f663cd28520>>)
[0.816s] Level 1:colcon.colcon_core.package_discovery:discover_packages(colcon_meta) check parameters
[0.816s] Level 1:colcon.colcon_core.package_discovery:discover_packages(recursive) check parameters
[0.816s] Level 1:colcon.colcon_core.package_discovery:discover_packages(ignore) check parameters
[0.816s] Level 1:colcon.colcon_core.package_discovery:discover_packages(path) check parameters
[0.816s] Level 1:colcon.colcon_core.package_discovery:discover_packages(colcon_meta) discover
[0.816s] Level 1:colcon.colcon_core.package_discovery:discover_packages(recursive) discover
[0.816s] INFO:colcon.colcon_core.package_discovery:Crawling recursively for packages in '/home/shivam/bumperbot_ws'
[0.817s] Level 1:colcon.colcon_core.package_identification:_identify(.) by extensions ['ignore', 'ignore_ament_install']
[0.817s] Level 1:colcon.colcon_core.package_identification:_identify(.) by extension 'ignore'
[0.817s] Level 1:colcon.colcon_core.package_identification:_identify(.) by extension 'ignore_ament_install'
[0.817s] Level 1:colcon.colcon_core.package_identification:_identify(.) by extensions ['colcon_pkg']
[0.817s] Level 1:colcon.colcon_core.package_identification:_identify(.) by extension 'colcon_pkg'
[0.817s] Level 1:colcon.colcon_core.package_identification:_identify(.) by extensions ['colcon_meta']
[0.817s] Level 1:colcon.colcon_core.package_identification:_identify(.) by extension 'colcon_meta'
[0.817s] Level 1:colcon.colcon_core.package_identification:_identify(.) by extensions ['ros']
[0.817s] Level 1:colcon.colcon_core.package_identification:_identify(.) by extension 'ros'
[0.838s] Level 1:colcon.colcon_core.package_identification:_identify(.) by extensions ['cmake', 'python']
[0.838s] Level 1:colcon.colcon_core.package_identification:_identify(.) by extension 'cmake'
[0.838s] Level 1:colcon.colcon_core.package_identification:_identify(.) by extension 'python'
[0.838s] Level 1:colcon.colcon_core.package_identification:_identify(.) by extensions ['python_setup_py']
[0.838s] Level 1:colcon.colcon_core.package_identification:_identify(.) by extension 'python_setup_py'
[0.838s] Level 1:colcon.colcon_core.package_identification:_identify(build) by extensions ['ignore', 'ignore_ament_install']
[0.839s] Level 1:colcon.colcon_core.package_identification:_identify(build) by extension 'ignore'
[0.839s] Level 1:colcon.colcon_core.package_identification:_identify(build) ignored
[0.839s] Level 1:colcon.colcon_core.package_identification:_identify(install) by extensions ['ignore', 'ignore_ament_install']
[0.839s] Level 1:colcon.colcon_core.package_identification:_identify(install) by extension 'ignore'
[0.839s] Level 1:colcon.colcon_core.package_identification:_identify(install) ignored
[0.839s] Level 1:colcon.colcon_core.package_identification:_identify(log) by extensions ['ignore', 'ignore_ament_install']
[0.839s] Level 1:colcon.colcon_core.package_identification:_identify(log) by extension 'ignore'
[0.839s] Level 1:colcon.colcon_core.package_identification:_identify(log) ignored
[0.839s] Level 1:colcon.colcon_core.package_identification:_identify(src) by extensions ['ignore', 'ignore_ament_install']
[0.839s] Level 1:colcon.colcon_core.package_identification:_identify(src) by extension 'ignore'
[0.839s] Level 1:colcon.colcon_core.package_identification:_identify(src) by extension 'ignore_ament_install'
[0.839s] Level 1:colcon.colcon_core.package_identification:_identify(src) by extensions ['colcon_pkg']
[0.839s] Level 1:colcon.colcon_core.package_identification:_identify(src) by extension 'colcon_pkg'
[0.839s] Level 1:colcon.colcon_core.package_identification:_identify(src) by extensions ['colcon_meta']
[0.839s] Level 1:colcon.colcon_core.package_identification:_identify(src) by extension 'colcon_meta'
[0.839s] Level 1:colcon.colcon_core.package_identification:_identify(src) by extensions ['ros']
[0.839s] Level 1:colcon.colcon_core.package_identification:_identify(src) by extension 'ros'
[0.840s] Level 1:colcon.colcon_core.package_identification:_identify(src) by extensions ['cmake', 'python']
[0.840s] Level 1:colcon.colcon_core.package_identification:_identify(src) by extension 'cmake'
[0.840s] Level 1:colcon.colcon_core.package_identification:_identify(src) by extension 'python'
[0.840s] Level 1:colcon.colcon_core.package_identification:_identify(src) by extensions ['python_setup_py']
[0.840s] Level 1:colcon.colcon_core.package_identification:_identify(src) by extension 'python_setup_py'
[0.840s] Level 1:colcon.colcon_core.package_identification:_identify(src/bumperbot_cpp_examples) by extensions ['ignore', 'ignore_ament_install']
[0.840s] Level 1:colcon.colcon_core.package_identification:_identify(src/bumperbot_cpp_examples) by extension 'ignore'
[0.840s] Level 1:colcon.colcon_core.package_identification:_identify(src/bumperbot_cpp_examples) by extension 'ignore_ament_install'
[0.840s] Level 1:colcon.colcon_core.package_identification:_identify(src/bumperbot_cpp_examples) by extensions ['colcon_pkg']
[0.840s] Level 1:colcon.colcon_core.package_identification:_identify(src/bumperbot_cpp_examples) by extension 'colcon_pkg'
[0.840s] Level 1:colcon.colcon_core.package_identification:_identify(src/bumperbot_cpp_examples) by extensions ['colcon_meta']
[0.840s] Level 1:colcon.colcon_core.package_identification:_identify(src/bumperbot_cpp_examples) by extension 'colcon_meta'
[0.840s] Level 1:colcon.colcon_core.package_identification:_identify(src/bumperbot_cpp_examples) by extensions ['ros']
[0.840s] Level 1:colcon.colcon_core.package_identification:_identify(src/bumperbot_cpp_examples) by extension 'ros'
[0.845s] DEBUG:colcon.colcon_core.package_identification:Package 'src/bumperbot_cpp_examples' with type 'ros.ament_cmake' and name 'bumperbot_cpp_examples'
[0.845s] Level 1:colcon.colcon_core.package_identification:_identify(src/bumperbot_description) by extensions ['ignore', 'ignore_ament_install']
[0.845s] Level 1:colcon.colcon_core.package_identification:_identify(src/bumperbot_description) by extension 'ignore'
[0.845s] Level 1:colcon.colcon_core.package_identification:_identify(src/bumperbot_description) by extension 'ignore_ament_install'
[0.845s] Level 1:colcon.colcon_core.package_identification:_identify(src/bumperbot_description) by extensions ['colcon_pkg']
[0.845s] Level 1:colcon.colcon_core.package_identification:_identify(src/bumperbot_description) by extension 'colcon_pkg'
[0.845s] Level 1:colcon.colcon_core.package_identification:_identify(src/bumperbot_description) by extensions ['colcon_meta']
[0.845s] Level 1:colcon.colcon_core.package_identification:_identify(src/bumperbot_description) by extension 'colcon_meta'
[0.845s] Level 1:colcon.colcon_core.package_identification:_identify(src/bumperbot_description) by extensions ['ros']
[0.845s] Level 1:colcon.colcon_core.package_identification:_identify(src/bumperbot_description) by extension 'ros'
[0.846s] DEBUG:colcon.colcon_core.package_identification:Package 'src/bumperbot_description' with type 'ros.ament_cmake' and name 'bumperbot_description'
[0.846s] Level 1:colcon.colcon_core.package_identification:_identify(src/bumperbot_py_examples) by extensions ['ignore', 'ignore_ament_install']
[0.846s] Level 1:colcon.colcon_core.package_identification:_identify(src/bumperbot_py_examples) by extension 'ignore'
[0.846s] Level 1:colcon.colcon_core.package_identification:_identify(src/bumperbot_py_examples) by extension 'ignore_ament_install'
[0.846s] Level 1:colcon.colcon_core.package_identification:_identify(src/bumperbot_py_examples) by extensions ['colcon_pkg']
[0.846s] Level 1:colcon.colcon_core.package_identification:_identify(src/bumperbot_py_examples) by extension 'colcon_pkg'
[0.847s] Level 1:colcon.colcon_core.package_identification:_identify(src/bumperbot_py_examples) by extensions ['colcon_meta']
[0.847s] Level 1:colcon.colcon_core.package_identification:_identify(src/bumperbot_py_examples) by extension 'colcon_meta'
[0.847s] Level 1:colcon.colcon_core.package_identification:_identify(src/bumperbot_py_examples) by extensions ['ros']
[0.847s] Level 1:colcon.colcon_core.package_identification:_identify(src/bumperbot_py_examples) by extension 'ros'
[0.847s] DEBUG:colcon.colcon_core.package_identification:Package 'src/bumperbot_py_examples' with type 'ros.ament_python' and name 'bumperbot_py_examples'
[0.847s] Level 1:colcon.colcon_core.package_discovery:discover_packages(recursive) using defaults
[0.847s] Level 1:colcon.colcon_core.package_discovery:discover_packages(ignore) discover
[0.847s] Level 1:colcon.colcon_core.package_discovery:discover_packages(ignore) using defaults
[0.847s] Level 1:colcon.colcon_core.package_discovery:discover_packages(path) discover
[0.847s] Level 1:colcon.colcon_core.package_discovery:discover_packages(path) using defaults
[0.905s] Level 1:colcon.colcon_core.package_discovery:discover_packages(prefix_path) check parameters
[0.905s] Level 1:colcon.colcon_core.package_discovery:discover_packages(prefix_path) discover
[0.911s] DEBUG:colcon.colcon_installed_package_information.package_discovery:Found 382 installed packages in /opt/ros/humble
[0.913s] Level 1:colcon.colcon_core.package_discovery:discover_packages(prefix_path) using defaults
[0.964s] Level 5:colcon.colcon_core.verb:set package 'bumperbot_cpp_examples' build argument 'cmake_args' from command line to 'None'
[0.964s] Level 5:colcon.colcon_core.verb:set package 'bumperbot_cpp_examples' build argument 'cmake_target' from command line to 'None'
[0.964s] Level 5:colcon.colcon_core.verb:set package 'bumperbot_cpp_examples' build argument 'cmake_target_skip_unavailable' from command line to 'False'
[0.964s] Level 5:colcon.colcon_core.verb:set package 'bumperbot_cpp_examples' build argument 'cmake_clean_cache' from command line to 'False'
[0.964s] Level 5:colcon.colcon_core.verb:set package 'bumperbot_cpp_examples' build argument 'cmake_clean_first' from command line to 'False'
[0.964s] Level 5:colcon.colcon_core.verb:set package 'bumperbot_cpp_examples' build argument 'cmake_force_configure' from command line to 'False'
[0.964s] Level 5:colcon.colcon_core.verb:set package 'bumperbot_cpp_examples' build argument 'ament_cmake_args' from command line to 'None'
[0.964s] Level 5:colcon.colcon_core.verb:set package 'bumperbot_cpp_examples' build argument 'catkin_cmake_args' from command line to 'None'
[0.964s] Level 5:colcon.colcon_core.verb:set package 'bumperbot_cpp_examples' build argument 'catkin_skip_building_tests' from command line to 'False'
[0.964s] DEBUG:colcon.colcon_core.verb:Building package 'bumperbot_cpp_examples' with the following arguments: {'ament_cmake_args': None, 'build_base': '/home/shivam/bumperbot_ws/build/bumperbot_cpp_examples', 'catkin_cmake_args': None, 'catkin_skip_building_tests': False, 'cmake_args': None, 'cmake_clean_cache': False, 'cmake_clean_first': False, 'cmake_force_configure': False, 'cmake_target': None, 'cmake_target_skip_unavailable': False, 'install_base': '/home/shivam/bumperbot_ws/install/bumperbot_cpp_examples', 'merge_install': False, 'path': '/home/shivam/bumperbot_ws/src/bumperbot_cpp_examples', 'symlink_install': False, 'test_result_base': None}
[0.964s] Level 5:colcon.colcon_core.verb:set package 'bumperbot_description' build argument 'cmake_args' from command line to 'None'
[0.964s] Level 5:colcon.colcon_core.verb:set package 'bumperbot_description' build argument 'cmake_target' from command line to 'None'
[0.964s] Level 5:colcon.colcon_core.verb:set package 'bumperbot_description' build argument 'cmake_target_skip_unavailable' from command line to 'False'
[0.964s] Level 5:colcon.colcon_core.verb:set package 'bumperbot_description' build argument 'cmake_clean_cache' from command line to 'False'
[0.964s] Level 5:colcon.colcon_core.verb:set package 'bumperbot_description' build argument 'cmake_clean_first' from command line to 'False'
[0.964s] Level 5:colcon.colcon_core.verb:set package 'bumperbot_description' build argument 'cmake_force_configure' from command line to 'False'
[0.964s] Level 5:colcon.colcon_core.verb:set package 'bumperbot_description' build argument 'ament_cmake_args' from command line to 'None'
[0.964s] Level 5:colcon.colcon_core.verb:set package 'bumperbot_description' build argument 'catkin_cmake_args' from command line to 'None'
[0.964s] Level 5:colcon.colcon_core.verb:set package 'bumperbot_description' build argument 'catkin_skip_building_tests' from command line to 'False'
[0.964s] DEBUG:colcon.colcon_core.verb:Building package 'bumperbot_description' with the following arguments: {'ament_cmake_args': None, 'build_base': '/home/shivam/bumperbot_ws/build/bumperbot_description', 'catkin_cmake_args': None, 'catkin_skip_building_tests': False, 'cmake_args': None, 'cmake_clean_cache': False, 'cmake_clean_first': False, 'cmake_force_configure': False, 'cmake_target': None, 'cmake_target_skip_unavailable': False, 'install_base': '/home/shivam/bumperbot_ws/install/bumperbot_description', 'merge_install': False, 'path': '/home/shivam/bumperbot_ws/src/bumperbot_description', 'symlink_install': False, 'test_result_base': None}
[0.965s] Level 5:colcon.colcon_core.verb:set package 'bumperbot_py_examples' build argument 'cmake_args' from command line to 'None'
[0.965s] Level 5:colcon.colcon_core.verb:set package 'bumperbot_py_examples' build argument 'cmake_target' from command line to 'None'
[0.965s] Level 5:colcon.colcon_core.verb:set package 'bumperbot_py_examples' build argument 'cmake_target_skip_unavailable' from command line to 'False'
[0.965s] Level 5:colcon.colcon_core.verb:set package 'bumperbot_py_examples' build argument 'cmake_clean_cache' from command line to 'False'
[0.965s] Level 5:colcon.colcon_core.verb:set package 'bumperbot_py_examples' build argument 'cmake_clean_first' from command line to 'False'
[0.965s] Level 5:colcon.colcon_core.verb:set package 'bumperbot_py_examples' build argument 'cmake_force_configure' from command line to 'False'
[0.965s] Level 5:colcon.colcon_core.verb:set package 'bumperbot_py_examples' build argument 'ament_cmake_args' from command line to 'None'
[0.965s] Level 5:colcon.colcon_core.verb:set package 'bumperbot_py_examples' build argument 'catkin_cmake_args' from command line to 'None'
[0.965s] Level 5:colcon.colcon_core.verb:set package 'bumperbot_py_examples' build argument 'catkin_skip_building_tests' from command line to 'False'
[0.965s] DEBUG:colcon.colcon_core.verb:Building package 'bumperbot_py_examples' with the following arguments: {'ament_cmake_args': None, 'build_base': '/home/shivam/bumperbot_ws/build/bumperbot_py_examples', 'catkin_cmake_args': None, 'catkin_skip_building_tests': False, 'cmake_args': None, 'cmake_clean_cache': False, 'cmake_clean_first': False, 'cmake_force_configure': False, 'cmake_target': None, 'cmake_target_skip_unavailable': False, 'install_base': '/home/shivam/bumperbot_ws/install/bumperbot_py_examples', 'merge_install': False, 'path': '/home/shivam/bumperbot_ws/src/bumperbot_py_examples', 'symlink_install': False, 'test_result_base': None}
[0.965s] INFO:colcon.colcon_core.executor:Executing jobs using 'parallel' executor
[0.967s] DEBUG:colcon.colcon_parallel_executor.executor.parallel:run_until_complete
[0.967s] INFO:colcon.colcon_ros.task.ament_cmake.build:Building ROS package in '/home/shivam/bumperbot_ws/src/bumperbot_cpp_examples' with build type 'ament_cmake'
[0.967s] INFO:colcon.colcon_cmake.task.cmake.build:Building CMake package in '/home/shivam/bumperbot_ws/src/bumperbot_cpp_examples'
[0.976s] INFO:colcon.colcon_core.plugin_system:Skipping extension 'colcon_core.shell.bat': Not used on non-Windows systems
[0.977s] INFO:colcon.colcon_core.shell:Skip shell extension 'powershell' for command environment: Not usable outside of PowerShell
[0.977s] DEBUG:colcon.colcon_core.shell:Skip shell extension 'dsv' for command environment
[0.981s] INFO:colcon.colcon_ros.task.ament_cmake.build:Building ROS package in '/home/shivam/bumperbot_ws/src/bumperbot_description' with build type 'ament_cmake'
[0.981s] INFO:colcon.colcon_cmake.task.cmake.build:Building CMake package in '/home/shivam/bumperbot_ws/src/bumperbot_description'
[0.981s] INFO:colcon.colcon_core.shell:Skip shell extension 'powershell' for command environment: Not usable outside of PowerShell
[0.981s] DEBUG:colcon.colcon_core.shell:Skip shell extension 'dsv' for command environment
[0.985s] INFO:colcon.colcon_ros.task.ament_python.build:Building ROS package in '/home/shivam/bumperbot_ws/src/bumperbot_py_examples' with build type 'ament_python'
[0.985s] Level 1:colcon.colcon_core.shell:create_environment_hook('bumperbot_py_examples', 'ament_prefix_path')
[0.985s] INFO:colcon.colcon_core.shell:Creating environment hook '/home/shivam/bumperbot_ws/install/bumperbot_py_examples/share/bumperbot_py_examples/hook/ament_prefix_path.ps1'
[0.986s] INFO:colcon.colcon_core.shell:Creating environment descriptor '/home/shivam/bumperbot_ws/install/bumperbot_py_examples/share/bumperbot_py_examples/hook/ament_prefix_path.dsv'
[0.987s] INFO:colcon.colcon_core.shell:Creating environment hook '/home/shivam/bumperbot_ws/install/bumperbot_py_examples/share/bumperbot_py_examples/hook/ament_prefix_path.sh'
[0.989s] INFO:colcon.colcon_core.shell:Skip shell extension 'powershell' for command environment: Not usable outside of PowerShell
[0.989s] DEBUG:colcon.colcon_core.shell:Skip shell extension 'dsv' for command environment
[0.998s] DEBUG:colcon.colcon_core.event_handler.log_command:Invoking command in '/home/shivam/bumperbot_ws/build/bumperbot_cpp_examples': CMAKE_PREFIX_PATH=/opt/ros/humble /usr/bin/cmake /home/shivam/bumperbot_ws/src/bumperbot_cpp_examples -DCMAKE_INSTALL_PREFIX=/home/shivam/bumperbot_ws/install/bumperbot_cpp_examples
[1.006s] DEBUG:colcon.colcon_core.event_handler.log_command:Invoking command in '/home/shivam/bumperbot_ws/build/bumperbot_description': CMAKE_PREFIX_PATH=/opt/ros/humble /usr/bin/cmake /home/shivam/bumperbot_ws/src/bumperbot_description -DCMAKE_INSTALL_PREFIX=/home/shivam/bumperbot_ws/install/bumperbot_description
[1.445s] INFO:colcon.colcon_core.task.python.build:Building Python package in '/home/shivam/bumperbot_ws/src/bumperbot_py_examples'
[1.446s] INFO:colcon.colcon_core.shell:Skip shell extension 'powershell' for command environment: Not usable outside of PowerShell
[1.446s] DEBUG:colcon.colcon_core.shell:Skip shell extension 'dsv' for command environment
[2.313s] DEBUG:colcon.colcon_core.event_handler.log_command:Invoking command in '/home/shivam/bumperbot_ws/src/bumperbot_py_examples': PYTHONPATH=/home/shivam/bumperbot_ws/build/bumperbot_py_examples/prefix_override:/home/shivam/bumperbot_ws/install/bumperbot_py_examples/lib/python3.10/site-packages:${PYTHONPATH} /usr/bin/python3 -W ignore:setup.py install is deprecated setup.py egg_info --egg-base ../../build/bumperbot_py_examples build --build-base /home/shivam/bumperbot_ws/build/bumperbot_py_examples/build install --record /home/shivam/bumperbot_ws/build/bumperbot_py_examples/install.log --single-version-externally-managed install_data
[2.758s] DEBUG:colcon.colcon_core.event_handler.log_command:Invoked command in '/home/shivam/bumperbot_ws/src/bumperbot_py_examples' returned '0': PYTHONPATH=/home/shivam/bumperbot_ws/build/bumperbot_py_examples/prefix_override:/home/shivam/bumperbot_ws/install/bumperbot_py_examples/lib/python3.10/site-packages:${PYTHONPATH} /usr/bin/python3 -W ignore:setup.py install is deprecated setup.py egg_info --egg-base ../../build/bumperbot_py_examples build --build-base /home/shivam/bumperbot_ws/build/bumperbot_py_examples/build install --record /home/shivam/bumperbot_ws/build/bumperbot_py_examples/install.log --single-version-externally-managed install_data
[2.766s] Level 1:colcon.colcon_core.environment:checking '/home/shivam/bumperbot_ws/install/bumperbot_py_examples' for CMake module files
[2.766s] Level 1:colcon.colcon_core.environment:checking '/home/shivam/bumperbot_ws/install/bumperbot_py_examples' for CMake config files
[2.767s] Level 1:colcon.colcon_core.environment:checking '/home/shivam/bumperbot_ws/install/bumperbot_py_examples/lib'
[2.767s] Level 1:colcon.colcon_core.environment:checking '/home/shivam/bumperbot_ws/install/bumperbot_py_examples/bin'
[2.767s] Level 1:colcon.colcon_core.environment:checking '/home/shivam/bumperbot_ws/install/bumperbot_py_examples/lib/pkgconfig/bumperbot_py_examples.pc'
[2.768s] Level 1:colcon.colcon_core.environment:checking '/home/shivam/bumperbot_ws/install/bumperbot_py_examples/lib/python3.10/site-packages'
[2.768s] Level 1:colcon.colcon_core.shell:create_environment_hook('bumperbot_py_examples', 'pythonpath')
[2.768s] INFO:colcon.colcon_core.shell:Creating environment hook '/home/shivam/bumperbot_ws/install/bumperbot_py_examples/share/bumperbot_py_examples/hook/pythonpath.ps1'
[2.768s] INFO:colcon.colcon_core.shell:Creating environment descriptor '/home/shivam/bumperbot_ws/install/bumperbot_py_examples/share/bumperbot_py_examples/hook/pythonpath.dsv'
[2.769s] INFO:colcon.colcon_core.shell:Creating environment hook '/home/shivam/bumperbot_ws/install/bumperbot_py_examples/share/bumperbot_py_examples/hook/pythonpath.sh'
[2.769s] Level 1:colcon.colcon_core.environment:checking '/home/shivam/bumperbot_ws/install/bumperbot_py_examples/bin'
[2.769s] Level 1:colcon.colcon_core.environment:create_environment_scripts_only(bumperbot_py_examples)
[2.770s] INFO:colcon.colcon_core.shell:Creating package script '/home/shivam/bumperbot_ws/install/bumperbot_py_examples/share/bumperbot_py_examples/package.ps1'
[2.771s] INFO:colcon.colcon_core.shell:Creating package descriptor '/home/shivam/bumperbot_ws/install/bumperbot_py_examples/share/bumperbot_py_examples/package.dsv'
[2.773s] INFO:colcon.colcon_core.shell:Creating package script '/home/shivam/bumperbot_ws/install/bumperbot_py_examples/share/bumperbot_py_examples/package.sh'
[2.774s] INFO:colcon.colcon_core.shell:Creating package script '/home/shivam/bumperbot_ws/install/bumperbot_py_examples/share/bumperbot_py_examples/package.bash'
[2.775s] INFO:colcon.colcon_core.shell:Creating package script '/home/shivam/bumperbot_ws/install/bumperbot_py_examples/share/bumperbot_py_examples/package.zsh'
[2.776s] Level 1:colcon.colcon_core.environment:create_file_with_runtime_dependencies(/home/shivam/bumperbot_ws/install/bumperbot_py_examples/share/colcon-core/packages/bumperbot_py_examples)
[4.298s] DEBUG:colcon.colcon_core.event_handler.log_command:Invoked command in '/home/shivam/bumperbot_ws/build/bumperbot_description' returned '0': CMAKE_PREFIX_PATH=/opt/ros/humble /usr/bin/cmake /home/shivam/bumperbot_ws/src/bumperbot_description -DCMAKE_INSTALL_PREFIX=/home/shivam/bumperbot_ws/install/bumperbot_description
[4.299s] DEBUG:colcon.colcon_core.event_handler.log_command:Invoking command in '/home/shivam/bumperbot_ws/build/bumperbot_description': CMAKE_PREFIX_PATH=/opt/ros/humble /usr/bin/cmake --build /home/shivam/bumperbot_ws/build/bumperbot_description -- -j12 -l12
[4.332s] DEBUG:colcon.colcon_core.event_handler.log_command:Invoked command in '/home/shivam/bumperbot_ws/build/bumperbot_description' returned '0': CMAKE_PREFIX_PATH=/opt/ros/humble /usr/bin/cmake --build /home/shivam/bumperbot_ws/build/bumperbot_description -- -j12 -l12
[4.360s] DEBUG:colcon.colcon_core.event_handler.log_command:Invoking command in '/home/shivam/bumperbot_ws/build/bumperbot_description': CMAKE_PREFIX_PATH=/opt/ros/humble /usr/bin/cmake --install /home/shivam/bumperbot_ws/build/bumperbot_description
[4.386s] Level 1:colcon.colcon_core.environment:create_environment_scripts_only(bumperbot_description)
[4.387s] DEBUG:colcon.colcon_core.event_handler.log_command:Invoked command in '/home/shivam/bumperbot_ws/build/bumperbot_description' returned '0': CMAKE_PREFIX_PATH=/opt/ros/humble /usr/bin/cmake --install /home/shivam/bumperbot_ws/build/bumperbot_description
[4.387s] Level 1:colcon.colcon_core.environment:checking '/home/shivam/bumperbot_ws/install/bumperbot_description' for CMake module files
[4.388s] Level 1:colcon.colcon_core.environment:checking '/home/shivam/bumperbot_ws/install/bumperbot_description' for CMake config files
[4.388s] Level 1:colcon.colcon_core.shell:create_environment_hook('bumperbot_description', 'cmake_prefix_path')
[4.388s] INFO:colcon.colcon_core.shell:Creating environment hook '/home/shivam/bumperbot_ws/install/bumperbot_description/share/bumperbot_description/hook/cmake_prefix_path.ps1'
[4.388s] INFO:colcon.colcon_core.shell:Creating environment descriptor '/home/shivam/bumperbot_ws/install/bumperbot_description/share/bumperbot_description/hook/cmake_prefix_path.dsv'
[4.389s] INFO:colcon.colcon_core.shell:Creating environment hook '/home/shivam/bumperbot_ws/install/bumperbot_description/share/bumperbot_description/hook/cmake_prefix_path.sh'
[4.389s] Level 1:colcon.colcon_core.environment:checking '/home/shivam/bumperbot_ws/install/bumperbot_description/bin'
[4.389s] Level 1:colcon.colcon_core.environment:checking '/home/shivam/bumperbot_ws/install/bumperbot_description/lib/pkgconfig/bumperbot_description.pc'
[4.389s] Level 1:colcon.colcon_core.environment:checking '/home/shivam/bumperbot_ws/install/bumperbot_description/lib/python3.10/site-packages'
[4.390s] Level 1:colcon.colcon_core.environment:checking '/home/shivam/bumperbot_ws/install/bumperbot_description/bin'
[4.390s] INFO:colcon.colcon_core.shell:Creating package script '/home/shivam/bumperbot_ws/install/bumperbot_description/share/bumperbot_description/package.ps1'
[4.390s] INFO:colcon.colcon_core.shell:Creating package descriptor '/home/shivam/bumperbot_ws/install/bumperbot_description/share/bumperbot_description/package.dsv'
[4.390s] INFO:colcon.colcon_core.shell:Creating package script '/home/shivam/bumperbot_ws/install/bumperbot_description/share/bumperbot_description/package.sh'
[4.391s] INFO:colcon.colcon_core.shell:Creating package script '/home/shivam/bumperbot_ws/install/bumperbot_description/share/bumperbot_description/package.bash'
[4.391s] INFO:colcon.colcon_core.shell:Creating package script '/home/shivam/bumperbot_ws/install/bumperbot_description/share/bumperbot_description/package.zsh'
[4.391s] Level 1:colcon.colcon_core.environment:create_file_with_runtime_dependencies(/home/shivam/bumperbot_ws/install/bumperbot_description/share/colcon-core/packages/bumperbot_description)
[4.409s] Level 1:colcon.colcon_core.environment:create_environment_scripts_only(bumperbot_description)
[4.409s] Level 1:colcon.colcon_core.environment:checking '/home/shivam/bumperbot_ws/install/bumperbot_description' for CMake module files
[4.409s] Level 1:colcon.colcon_core.environment:checking '/home/shivam/bumperbot_ws/install/bumperbot_description' for CMake config files
[4.410s] Level 1:colcon.colcon_core.shell:create_environment_hook('bumperbot_description', 'cmake_prefix_path')
[4.410s] INFO:colcon.colcon_core.shell:Creating environment hook '/home/shivam/bumperbot_ws/install/bumperbot_description/share/bumperbot_description/hook/cmake_prefix_path.ps1'
[4.410s] INFO:colcon.colcon_core.shell:Creating environment descriptor '/home/shivam/bumperbot_ws/install/bumperbot_description/share/bumperbot_description/hook/cmake_prefix_path.dsv'
[4.410s] INFO:colcon.colcon_core.shell:Creating environment hook '/home/shivam/bumperbot_ws/install/bumperbot_description/share/bumperbot_description/hook/cmake_prefix_path.sh'
[4.411s] Level 1:colcon.colcon_core.environment:checking '/home/shivam/bumperbot_ws/install/bumperbot_description/bin'
[4.411s] Level 1:colcon.colcon_core.environment:checking '/home/shivam/bumperbot_ws/install/bumperbot_description/lib/pkgconfig/bumperbot_description.pc'
[4.411s] Level 1:colcon.colcon_core.environment:checking '/home/shivam/bumperbot_ws/install/bumperbot_description/lib/python3.10/site-packages'
[4.411s] Level 1:colcon.colcon_core.environment:checking '/home/shivam/bumperbot_ws/install/bumperbot_description/bin'
[4.412s] INFO:colcon.colcon_core.shell:Creating package script '/home/shivam/bumperbot_ws/install/bumperbot_description/share/bumperbot_description/package.ps1'
[4.413s] INFO:colcon.colcon_core.shell:Creating package descriptor '/home/shivam/bumperbot_ws/install/bumperbot_description/share/bumperbot_description/package.dsv'
[4.413s] INFO:colcon.colcon_core.shell:Creating package script '/home/shivam/bumperbot_ws/install/bumperbot_description/share/bumperbot_description/package.sh'
[4.414s] INFO:colcon.colcon_core.shell:Creating package script '/home/shivam/bumperbot_ws/install/bumperbot_description/share/bumperbot_description/package.bash'
[4.414s] INFO:colcon.colcon_core.shell:Creating package script '/home/shivam/bumperbot_ws/install/bumperbot_description/share/bumperbot_description/package.zsh'
[4.414s] Level 1:colcon.colcon_core.environment:create_file_with_runtime_dependencies(/home/shivam/bumperbot_ws/install/bumperbot_description/share/colcon-core/packages/bumperbot_description)
[8.851s] DEBUG:colcon.colcon_core.event_handler.log_command:Invoked command in '/home/shivam/bumperbot_ws/build/bumperbot_cpp_examples' returned '0': CMAKE_PREFIX_PATH=/opt/ros/humble /usr/bin/cmake /home/shivam/bumperbot_ws/src/bumperbot_cpp_examples -DCMAKE_INSTALL_PREFIX=/home/shivam/bumperbot_ws/install/bumperbot_cpp_examples
[8.851s] DEBUG:colcon.colcon_core.event_handler.log_command:Invoking command in '/home/shivam/bumperbot_ws/build/bumperbot_cpp_examples': CMAKE_PREFIX_PATH=/opt/ros/humble /usr/bin/cmake --build /home/shivam/bumperbot_ws/build/bumperbot_cpp_examples -- -j12 -l12
[18.773s] DEBUG:colcon.colcon_core.event_handler.log_command:Invoked command in '/home/shivam/bumperbot_ws/build/bumperbot_cpp_examples' returned '0': CMAKE_PREFIX_PATH=/opt/ros/humble /usr/bin/cmake --build /home/shivam/bumperbot_ws/build/bumperbot_cpp_examples -- -j12 -l12
[18.806s] DEBUG:colcon.colcon_core.event_handler.log_command:Invoking command in '/home/shivam/bumperbot_ws/build/bumperbot_cpp_examples': CMAKE_PREFIX_PATH=/opt/ros/humble /usr/bin/cmake --install /home/shivam/bumperbot_ws/build/bumperbot_cpp_examples
[18.824s] Level 1:colcon.colcon_core.environment:create_environment_scripts_only(bumperbot_cpp_examples)
[18.825s] DEBUG:colcon.colcon_core.event_handler.log_command:Invoked command in '/home/shivam/bumperbot_ws/build/bumperbot_cpp_examples' returned '0': CMAKE_PREFIX_PATH=/opt/ros/humble /usr/bin/cmake --install /home/shivam/bumperbot_ws/build/bumperbot_cpp_examples
[18.825s] Level 1:colcon.colcon_core.environment:checking '/home/shivam/bumperbot_ws/install/bumperbot_cpp_examples' for CMake module files
[18.826s] Level 1:colcon.colcon_core.environment:checking '/home/shivam/bumperbot_ws/install/bumperbot_cpp_examples' for CMake config files
[18.826s] Level 1:colcon.colcon_core.shell:create_environment_hook('bumperbot_cpp_examples', 'cmake_prefix_path')
[18.826s] INFO:colcon.colcon_core.shell:Creating environment hook '/home/shivam/bumperbot_ws/install/bumperbot_cpp_examples/share/bumperbot_cpp_examples/hook/cmake_prefix_path.ps1'
[18.827s] INFO:colcon.colcon_core.shell:Creating environment descriptor '/home/shivam/bumperbot_ws/install/bumperbot_cpp_examples/share/bumperbot_cpp_examples/hook/cmake_prefix_path.dsv'
[18.827s] INFO:colcon.colcon_core.shell:Creating environment hook '/home/shivam/bumperbot_ws/install/bumperbot_cpp_examples/share/bumperbot_cpp_examples/hook/cmake_prefix_path.sh'
[18.828s] Level 1:colcon.colcon_core.environment:checking '/home/shivam/bumperbot_ws/install/bumperbot_cpp_examples/lib'
[18.828s] Level 1:colcon.colcon_core.environment:checking '/home/shivam/bumperbot_ws/install/bumperbot_cpp_examples/bin'
[18.828s] Level 1:colcon.colcon_core.environment:checking '/home/shivam/bumperbot_ws/install/bumperbot_cpp_examples/lib/pkgconfig/bumperbot_cpp_examples.pc'
[18.829s] Level 1:colcon.colcon_core.environment:checking '/home/shivam/bumperbot_ws/install/bumperbot_cpp_examples/lib/python3.10/site-packages'
[18.829s] Level 1:colcon.colcon_core.environment:checking '/home/shivam/bumperbot_ws/install/bumperbot_cpp_examples/bin'
[18.830s] INFO:colcon.colcon_core.shell:Creating package script '/home/shivam/bumperbot_ws/install/bumperbot_cpp_examples/share/bumperbot_cpp_examples/package.ps1'
[18.830s] INFO:colcon.colcon_core.shell:Creating package descriptor '/home/shivam/bumperbot_ws/install/bumperbot_cpp_examples/share/bumperbot_cpp_examples/package.dsv'
[18.830s] INFO:colcon.colcon_core.shell:Creating package script '/home/shivam/bumperbot_ws/install/bumperbot_cpp_examples/share/bumperbot_cpp_examples/package.sh'
[18.830s] INFO:colcon.colcon_core.shell:Creating package script '/home/shivam/bumperbot_ws/install/bumperbot_cpp_examples/share/bumperbot_cpp_examples/package.bash'
[18.831s] INFO:colcon.colcon_core.shell:Creating package script '/home/shivam/bumperbot_ws/install/bumperbot_cpp_examples/share/bumperbot_cpp_examples/package.zsh'
[18.831s] Level 1:colcon.colcon_core.environment:create_file_with_runtime_dependencies(/home/shivam/bumperbot_ws/install/bumperbot_cpp_examples/share/colcon-core/packages/bumperbot_cpp_examples)
[18.862s] Level 1:colcon.colcon_core.environment:create_environment_scripts_only(bumperbot_cpp_examples)
[18.864s] Level 1:colcon.colcon_core.environment:checking '/home/shivam/bumperbot_ws/install/bumperbot_cpp_examples' for CMake module files
[18.864s] Level 1:colcon.colcon_core.environment:checking '/home/shivam/bumperbot_ws/install/bumperbot_cpp_examples' for CMake config files
[18.865s] Level 1:colcon.colcon_core.shell:create_environment_hook('bumperbot_cpp_examples', 'cmake_prefix_path')
[18.865s] INFO:colcon.colcon_core.shell:Creating environment hook '/home/shivam/bumperbot_ws/install/bumperbot_cpp_examples/share/bumperbot_cpp_examples/hook/cmake_prefix_path.ps1'
[18.865s] INFO:colcon.colcon_core.shell:Creating environment descriptor '/home/shivam/bumperbot_ws/install/bumperbot_cpp_examples/share/bumperbot_cpp_examples/hook/cmake_prefix_path.dsv'
[18.865s] INFO:colcon.colcon_core.shell:Creating environment hook '/home/shivam/bumperbot_ws/install/bumperbot_cpp_examples/share/bumperbot_cpp_examples/hook/cmake_prefix_path.sh'
[18.866s] Level 1:colcon.colcon_core.environment:checking '/home/shivam/bumperbot_ws/install/bumperbot_cpp_examples/lib'
[18.866s] Level 1:colcon.colcon_core.environment:checking '/home/shivam/bumperbot_ws/install/bumperbot_cpp_examples/bin'
[18.866s] Level 1:colcon.colcon_core.environment:checking '/home/shivam/bumperbot_ws/install/bumperbot_cpp_examples/lib/pkgconfig/bumperbot_cpp_examples.pc'
[18.866s] Level 1:colcon.colcon_core.environment:checking '/home/shivam/bumperbot_ws/install/bumperbot_cpp_examples/lib/python3.10/site-packages'
[18.866s] Level 1:colcon.colcon_core.environment:checking '/home/shivam/bumperbot_ws/install/bumperbot_cpp_examples/bin'
[18.867s] INFO:colcon.colcon_core.shell:Creating package script '/home/shivam/bumperbot_ws/install/bumperbot_cpp_examples/share/bumperbot_cpp_examples/package.ps1'
[18.868s] INFO:colcon.colcon_core.shell:Creating package descriptor '/home/shivam/bumperbot_ws/install/bumperbot_cpp_examples/share/bumperbot_cpp_examples/package.dsv'
[18.868s] INFO:colcon.colcon_core.shell:Creating package script '/home/shivam/bumperbot_ws/install/bumperbot_cpp_examples/share/bumperbot_cpp_examples/package.sh'
[18.869s] INFO:colcon.colcon_core.shell:Creating package script '/home/shivam/bumperbot_ws/install/bumperbot_cpp_examples/share/bumperbot_cpp_examples/package.bash'
[18.869s] INFO:colcon.colcon_core.shell:Creating package script '/home/shivam/bumperbot_ws/install/bumperbot_cpp_examples/share/bumperbot_cpp_examples/package.zsh'
[18.869s] Level 1:colcon.colcon_core.environment:create_file_with_runtime_dependencies(/home/shivam/bumperbot_ws/install/bumperbot_cpp_examples/share/colcon-core/packages/bumperbot_cpp_examples)
[18.871s] DEBUG:colcon.colcon_parallel_executor.executor.parallel:closing loop
[18.872s] DEBUG:colcon.colcon_parallel_executor.executor.parallel:loop closed
[18.872s] DEBUG:colcon.colcon_parallel_executor.executor.parallel:run_until_complete finished with '0'
[18.872s] DEBUG:colcon.colcon_core.event_reactor:joining thread
[18.921s] INFO:colcon.colcon_core.plugin_system:Skipping extension 'colcon_notification.desktop_notification.notify_send': Could not find 'notify-send'
[18.921s] INFO:colcon.colcon_core.plugin_system:Skipping extension 'colcon_notification.desktop_notification.terminal_notifier': Not used on non-Darwin systems
[18.921s] INFO:colcon.colcon_core.plugin_system:Skipping extension 'colcon_notification.desktop_notification.win32': Not used on non-Windows systems
[18.921s] INFO:colcon.colcon_notification.desktop_notification:Sending desktop notification using 'notify2'
[18.922s] DEBUG:colcon.colcon_notification.desktop_notification.notify2:Failed to initialize notify2: org.freedesktop.DBus.Error.ServiceUnknown: The name org.freedesktop.Notifications was not provided by any .service files
[18.922s] DEBUG:colcon.colcon_core.event_reactor:joined thread
[18.923s] INFO:colcon.colcon_core.shell:Creating prefix script '/home/shivam/bumperbot_ws/install/local_setup.ps1'
[18.925s] INFO:colcon.colcon_core.shell:Creating prefix util module '/home/shivam/bumperbot_ws/install/_local_setup_util_ps1.py'
[18.928s] INFO:colcon.colcon_core.shell:Creating prefix chain script '/home/shivam/bumperbot_ws/install/setup.ps1'
[18.929s] INFO:colcon.colcon_core.shell:Creating prefix script '/home/shivam/bumperbot_ws/install/local_setup.sh'
[18.930s] INFO:colcon.colcon_core.shell:Creating prefix util module '/home/shivam/bumperbot_ws/install/_local_setup_util_sh.py'
[18.931s] INFO:colcon.colcon_core.shell:Creating prefix chain script '/home/shivam/bumperbot_ws/install/setup.sh'
[18.932s] INFO:colcon.colcon_core.shell:Creating prefix script '/home/shivam/bumperbot_ws/install/local_setup.bash'
[18.933s] INFO:colcon.colcon_core.shell:Creating prefix chain script '/home/shivam/bumperbot_ws/install/setup.bash'
[18.935s] INFO:colcon.colcon_core.shell:Creating prefix script '/home/shivam/bumperbot_ws/install/local_setup.zsh'
[18.935s] INFO:colcon.colcon_core.shell:Creating prefix chain script '/home/shivam/bumperbot_ws/install/setup.zsh'
