[1.733s] Invoking command in '/home/shivam/bumperbot_ws/src/bumperbot_py_examples': AMENT_PREFIX_PATH=/home/shivam/bumperbot_ws/install/bumperbot_msgs:${AMENT_PREFIX_PATH} CMAKE_PREFIX_PATH=/home/shivam/bumperbot_ws/install/bumperbot_msgs LD_LIBRARY_PATH=/home/shivam/bumperbot_ws/install/bumperbot_msgs/lib:${LD_LIBRARY_PATH} PYTHONPATH=/home/shivam/bumperbot_ws/build/bumperbot_py_examples/prefix_override:/home/shivam/bumperbot_ws/install/bumperbot_py_examples/lib/python3.10/site-packages:/home/shivam/bumperbot_ws/install/bumperbot_msgs/local/lib/python3.10/dist-packages:${PYTHONPATH} /usr/bin/python3 -W ignore:setup.py install is deprecated setup.py egg_info --egg-base ../../build/bumperbot_py_examples build --build-base /home/shivam/bumperbot_ws/build/bumperbot_py_examples/build install --record /home/shivam/bumperbot_ws/build/bumperbot_py_examples/install.log --single-version-externally-managed install_data
[2.026s] running egg_info
[2.027s] writing ../../build/bumperbot_py_examples/bumperbot_py_examples.egg-info/PKG-INFO
[2.030s] writing dependency_links to ../../build/bumperbot_py_examples/bumperbot_py_examples.egg-info/dependency_links.txt
[2.030s] writing entry points to ../../build/bumperbot_py_examples/bumperbot_py_examples.egg-info/entry_points.txt
[2.030s] writing requirements to ../../build/bumperbot_py_examples/bumperbot_py_examples.egg-info/requires.txt
[2.031s] writing top-level names to ../../build/bumperbot_py_examples/bumperbot_py_examples.egg-info/top_level.txt
[2.036s] reading manifest file '../../build/bumperbot_py_examples/bumperbot_py_examples.egg-info/SOURCES.txt'
[2.037s] writing manifest file '../../build/bumperbot_py_examples/bumperbot_py_examples.egg-info/SOURCES.txt'
[2.038s] running build
[2.038s] running build_py
[2.040s] running install
[2.040s] running install_lib
[2.042s] running install_data
[2.044s] running install_egg_info
[2.046s] removing '/home/shivam/bumperbot_ws/install/bumperbot_py_examples/lib/python3.10/site-packages/bumperbot_py_examples-0.0.0-py3.10.egg-info' (and everything under it)
[2.046s] Copying ../../build/bumperbot_py_examples/bumperbot_py_examples.egg-info to /home/shivam/bumperbot_ws/install/bumperbot_py_examples/lib/python3.10/site-packages/bumperbot_py_examples-0.0.0-py3.10.egg-info
[2.047s] running install_scripts
[2.072s] Installing simple_parameter script to /home/shivam/bumperbot_ws/install/bumperbot_py_examples/lib/bumperbot_py_examples
[2.072s] Installing simple_publisher script to /home/shivam/bumperbot_ws/install/bumperbot_py_examples/lib/bumperbot_py_examples
[2.073s] Installing simple_service_client script to /home/shivam/bumperbot_ws/install/bumperbot_py_examples/lib/bumperbot_py_examples
[2.073s] Installing simple_service_server script to /home/shivam/bumperbot_ws/install/bumperbot_py_examples/lib/bumperbot_py_examples
[2.073s] Installing simple_subscriber script to /home/shivam/bumperbot_ws/install/bumperbot_py_examples/lib/bumperbot_py_examples
[2.075s] Installing simple_tf_kinematics script to /home/shivam/bumperbot_ws/install/bumperbot_py_examples/lib/bumperbot_py_examples
[2.075s] Installing simple_turtlesim_kinematics script to /home/shivam/bumperbot_ws/install/bumperbot_py_examples/lib/bumperbot_py_examples
[2.075s] writing list of installed files to '/home/shivam/bumperbot_ws/build/bumperbot_py_examples/install.log'
[2.111s] Invoked command in '/home/shivam/bumperbot_ws/src/bumperbot_py_examples' returned '0': AMENT_PREFIX_PATH=/home/shivam/bumperbot_ws/install/bumperbot_msgs:${AMENT_PREFIX_PATH} CMAKE_PREFIX_PATH=/home/shivam/bumperbot_ws/install/bumperbot_msgs LD_LIBRARY_PATH=/home/shivam/bumperbot_ws/install/bumperbot_msgs/lib:${LD_LIBRARY_PATH} PYTHONPATH=/home/shivam/bumperbot_ws/build/bumperbot_py_examples/prefix_override:/home/shivam/bumperbot_ws/install/bumperbot_py_examples/lib/python3.10/site-packages:/home/shivam/bumperbot_ws/install/bumperbot_msgs/local/lib/python3.10/dist-packages:${PYTHONPATH} /usr/bin/python3 -W ignore:setup.py install is deprecated setup.py egg_info --egg-base ../../build/bumperbot_py_examples build --build-base /home/shivam/bumperbot_ws/build/bumperbot_py_examples/build install --record /home/shivam/bumperbot_ws/build/bumperbot_py_examples/install.log --single-version-externally-managed install_data
