[0.019s] Invoking command in '/home/shivam/bumperbot_ws/build/bumperbot_description': CMAKE_PREFIX_PATH=/opt/ros/humble /usr/bin/cmake /home/shivam/bumperbot_ws/src/bumperbot_description -DCMAKE_INSTALL_PREFIX=/home/shivam/bumperbot_ws/install/bumperbot_description
[0.199s] -- The C compiler identification is GNU 11.4.0
[0.517s] -- The CXX compiler identification is GNU 11.4.0
[0.729s] -- Detecting C compiler ABI info
[0.847s] -- Detecting C compiler ABI info - done
[0.861s] -- Check for working C compiler: /usr/bin/cc - skipped
[0.861s] -- Detecting C compile features
[0.861s] -- Detecting C compile features - done
[0.861s] -- Detecting CXX compiler ABI info
[1.024s] -- Detecting CXX compiler ABI info - done
[1.032s] -- Check for working CXX compiler: /usr/bin/c++ - skipped
[1.033s] -- Detecting CXX compile features
[1.033s] -- Detecting CXX compile features - done
[1.051s] -- Found ament_cmake: 1.3.8 (/opt/ros/humble/share/ament_cmake/cmake)
[1.329s] -- Found Python3: /usr/bin/python3 (found version "3.10.12") found components: Interpreter 
[1.470s] -- Found urdf: 2.6.0 (/opt/ros/humble/share/urdf/cmake)
[2.429s] -- Found ament_lint_auto: 0.12.10 (/opt/ros/humble/share/ament_lint_auto/cmake)
[2.497s] -- Added test 'copyright' to check source files copyright and LICENSE
[2.501s] -- Added test 'flake8' to check Python code syntax and style conventions
[2.501s] -- Added test 'lint_cmake' to check CMake code style
[2.502s] -- Added test 'pep257' to check Python code against some of the docstring style conventions in PEP 257
[2.504s] -- Added test 'xmllint' to check XML markup files
[2.505s] -- Configuring done
[2.508s] -- Generating done
[2.509s] -- Build files have been written to: /home/shivam/bumperbot_ws/build/bumperbot_description
[2.515s] Invoked command in '/home/shivam/bumperbot_ws/build/bumperbot_description' returned '0': CMAKE_PREFIX_PATH=/opt/ros/humble /usr/bin/cmake /home/shivam/bumperbot_ws/src/bumperbot_description -DCMAKE_INSTALL_PREFIX=/home/shivam/bumperbot_ws/install/bumperbot_description
[2.516s] Invoking command in '/home/shivam/bumperbot_ws/build/bumperbot_description': CMAKE_PREFIX_PATH=/opt/ros/humble /usr/bin/cmake --build /home/shivam/bumperbot_ws/build/bumperbot_description -- -j12 -l12
[2.539s] Invoked command in '/home/shivam/bumperbot_ws/build/bumperbot_description' returned '0': CMAKE_PREFIX_PATH=/opt/ros/humble /usr/bin/cmake --build /home/shivam/bumperbot_ws/build/bumperbot_description -- -j12 -l12
[2.552s] Invoking command in '/home/shivam/bumperbot_ws/build/bumperbot_description': CMAKE_PREFIX_PATH=/opt/ros/humble /usr/bin/cmake --install /home/shivam/bumperbot_ws/build/bumperbot_description
[2.557s] -- Install configuration: ""
[2.558s] -- Installing: /home/shivam/bumperbot_ws/install/bumperbot_description/share/bumperbot_description/launch
[2.558s] -- Installing: /home/shivam/bumperbot_ws/install/bumperbot_description/share/bumperbot_description/launch/gazebo.launch.py
[2.559s] -- Installing: /home/shivam/bumperbot_ws/install/bumperbot_description/share/bumperbot_description/launch/display.launch.py
[2.559s] -- Installing: /home/shivam/bumperbot_ws/install/bumperbot_description/share/bumperbot_description/meshes
[2.559s] -- Installing: /home/shivam/bumperbot_ws/install/bumperbot_description/share/bumperbot_description/meshes/caster_front_link.STL
[2.560s] -- Installing: /home/shivam/bumperbot_ws/install/bumperbot_description/share/bumperbot_description/meshes/imu_link.STL
[2.561s] -- Installing: /home/shivam/bumperbot_ws/install/bumperbot_description/share/bumperbot_description/meshes/caster_rear_link.STL
[2.562s] -- Installing: /home/shivam/bumperbot_ws/install/bumperbot_description/share/bumperbot_description/meshes/wheel_left_link.STL
[2.565s] -- Installing: /home/shivam/bumperbot_ws/install/bumperbot_description/share/bumperbot_description/meshes/base_link.STL
[2.583s] -- Installing: /home/shivam/bumperbot_ws/install/bumperbot_description/share/bumperbot_description/meshes/wheel_right_link.STL
[2.586s] -- Installing: /home/shivam/bumperbot_ws/install/bumperbot_description/share/bumperbot_description/models
[2.586s] -- Installing: /home/shivam/bumperbot_ws/install/bumperbot_description/share/bumperbot_description/models/ground_plane
[2.586s] -- Installing: /home/shivam/bumperbot_ws/install/bumperbot_description/share/bumperbot_description/models/ground_plane/model-1_2.sdf
[2.586s] -- Installing: /home/shivam/bumperbot_ws/install/bumperbot_description/share/bumperbot_description/models/ground_plane/model-1_4.sdf
[2.586s] -- Installing: /home/shivam/bumperbot_ws/install/bumperbot_description/share/bumperbot_description/models/ground_plane/model.sdf
[2.586s] -- Installing: /home/shivam/bumperbot_ws/install/bumperbot_description/share/bumperbot_description/models/ground_plane/model.config
[2.587s] -- Installing: /home/shivam/bumperbot_ws/install/bumperbot_description/share/bumperbot_description/models/ground_plane/model-1_3.sdf
[2.587s] -- Installing: /home/shivam/bumperbot_ws/install/bumperbot_description/share/bumperbot_description/models/sun
[2.587s] -- Installing: /home/shivam/bumperbot_ws/install/bumperbot_description/share/bumperbot_description/models/sun/model-1_2.sdf
[2.587s] -- Installing: /home/shivam/bumperbot_ws/install/bumperbot_description/share/bumperbot_description/models/sun/model-1_4.sdf
[2.588s] -- Installing: /home/shivam/bumperbot_ws/install/bumperbot_description/share/bumperbot_description/models/sun/model.sdf
[2.588s] -- Installing: /home/shivam/bumperbot_ws/install/bumperbot_description/share/bumperbot_description/models/sun/model.config
[2.588s] -- Installing: /home/shivam/bumperbot_ws/install/bumperbot_description/share/bumperbot_description/models/sun/model-1_3.sdf
[2.588s] -- Installing: /home/shivam/bumperbot_ws/install/bumperbot_description/share/bumperbot_description/urdf
[2.589s] -- Installing: /home/shivam/bumperbot_ws/install/bumperbot_description/share/bumperbot_description/urdf/bumperbot_gazebo.xacro
[2.589s] -- Installing: /home/shivam/bumperbot_ws/install/bumperbot_description/share/bumperbot_description/urdf/bumperbot_ros2_control.xacro
[2.589s] -- Installing: /home/shivam/bumperbot_ws/install/bumperbot_description/share/bumperbot_description/urdf/bumperbot.urdf.xacro
[2.589s] -- Installing: /home/shivam/bumperbot_ws/install/bumperbot_description/share/bumperbot_description/rviz
[2.590s] -- Installing: /home/shivam/bumperbot_ws/install/bumperbot_description/share/bumperbot_description/rviz/display.rviz
[2.590s] -- Installing: /home/shivam/bumperbot_ws/install/bumperbot_description/share/ament_index/resource_index/package_run_dependencies/bumperbot_description
[2.590s] -- Installing: /home/shivam/bumperbot_ws/install/bumperbot_description/share/ament_index/resource_index/parent_prefix_path/bumperbot_description
[2.591s] -- Installing: /home/shivam/bumperbot_ws/install/bumperbot_description/share/bumperbot_description/environment/ament_prefix_path.sh
[2.591s] -- Installing: /home/shivam/bumperbot_ws/install/bumperbot_description/share/bumperbot_description/environment/ament_prefix_path.dsv
[2.591s] -- Installing: /home/shivam/bumperbot_ws/install/bumperbot_description/share/bumperbot_description/environment/path.sh
[2.591s] -- Installing: /home/shivam/bumperbot_ws/install/bumperbot_description/share/bumperbot_description/environment/path.dsv
[2.591s] -- Installing: /home/shivam/bumperbot_ws/install/bumperbot_description/share/bumperbot_description/local_setup.bash
[2.591s] -- Installing: /home/shivam/bumperbot_ws/install/bumperbot_description/share/bumperbot_description/local_setup.sh
[2.592s] -- Installing: /home/shivam/bumperbot_ws/install/bumperbot_description/share/bumperbot_description/local_setup.zsh
[2.592s] -- Installing: /home/shivam/bumperbot_ws/install/bumperbot_description/share/bumperbot_description/local_setup.dsv
[2.592s] -- Installing: /home/shivam/bumperbot_ws/install/bumperbot_description/share/bumperbot_description/package.dsv
[2.592s] -- Installing: /home/shivam/bumperbot_ws/install/bumperbot_description/share/ament_index/resource_index/packages/bumperbot_description
[2.592s] -- Installing: /home/shivam/bumperbot_ws/install/bumperbot_description/share/bumperbot_description/cmake/bumperbot_descriptionConfig.cmake
[2.592s] -- Installing: /home/shivam/bumperbot_ws/install/bumperbot_description/share/bumperbot_description/cmake/bumperbot_descriptionConfig-version.cmake
[2.592s] -- Installing: /home/shivam/bumperbot_ws/install/bumperbot_description/share/bumperbot_description/package.xml
[2.593s] Invoked command in '/home/shivam/bumperbot_ws/build/bumperbot_description' returned '0': CMAKE_PREFIX_PATH=/opt/ros/humble /usr/bin/cmake --install /home/shivam/bumperbot_ws/build/bumperbot_description
