[0.021s] Invoking command in '/home/shivam/bumperbot_ws/build/bumperbot_firmware': CMAKE_PREFIX_PATH=/opt/ros/humble /usr/bin/cmake /home/shivam/bumperbot_ws/src/bumperbot_firmware -DCMAKE_INSTALL_PREFIX=/home/shivam/bumperbot_ws/install/bumperbot_firmware
[0.200s] -- The C compiler identification is GNU 11.4.0
[0.524s] -- The CXX compiler identification is GNU 11.4.0
[0.728s] -- Detecting C compiler ABI info
[0.840s] -- Detecting C compiler ABI info - done
[0.846s] -- Check for working C compiler: /usr/bin/cc - skipped
[0.848s] -- Detecting C compile features
[0.850s] -- Detecting C compile features - done
[0.859s] -- Detecting CXX compiler ABI info
[1.079s] -- Detecting CXX compiler ABI info - done
[1.086s] -- Check for working CXX compiler: /usr/bin/c++ - skipped
[1.086s] -- Detecting CXX compile features
[1.087s] -- Detecting CXX compile features - done
[1.089s] -- Found ament_cmake: 1.3.8 (/opt/ros/humble/share/ament_cmake/cmake)
[1.349s] -- Found Python3: /usr/bin/python3 (found version "3.10.12") found components: Interpreter 
[1.466s] -- Found rclcpp: 16.0.8 (/opt/ros/humble/share/rclcpp/cmake)
[1.640s] -- Found rosidl_generator_c: 3.1.5 (/opt/ros/humble/share/rosidl_generator_c/cmake)
[1.647s] -- Found rosidl_adapter: 3.1.5 (/opt/ros/humble/share/rosidl_adapter/cmake)
[1.658s] -- Found rosidl_generator_cpp: 3.1.5 (/opt/ros/humble/share/rosidl_generator_cpp/cmake)
[1.677s] -- Using all available rosidl_typesupport_c: rosidl_typesupport_fastrtps_c;rosidl_typesupport_introspection_c
[1.696s] -- Using all available rosidl_typesupport_cpp: rosidl_typesupport_fastrtps_cpp;rosidl_typesupport_introspection_cpp
[1.771s] -- Found rmw_implementation_cmake: 6.1.1 (/opt/ros/humble/share/rmw_implementation_cmake/cmake)
[1.776s] -- Found rmw_fastrtps_cpp: 6.2.6 (/opt/ros/humble/share/rmw_fastrtps_cpp/cmake)
[2.334s] -- Found OpenSSL: /usr/lib/x86_64-linux-gnu/libcrypto.so (found version "3.0.2")  
[2.918s] -- Found FastRTPS: /opt/ros/humble/include  
[4.863s] -- Using RMW implementation 'rmw_fastrtps_cpp' as default
[4.874s] -- Looking for pthread.h
[4.996s] -- Looking for pthread.h - found
[4.996s] -- Performing Test CMAKE_HAVE_LIBC_PTHREAD
[5.081s] -- Performing Test CMAKE_HAVE_LIBC_PTHREAD - Success
[5.081s] -- Found Threads: TRUE  
[5.237s] -- Found rclpy: 3.3.12 (/opt/ros/humble/share/rclpy/cmake)
[5.240s] -- Found hardware_interface: 2.40.0 (/opt/ros/humble/share/hardware_interface/cmake)
[7.344s] -- Found PkgConfig: /usr/bin/pkg-config (found version "0.29.2") 
[7.345s] -- Checking for module 'libserial'
[7.354s] --   Found libserial, version 1.0.0
[7.578s] -- Configuring done
[7.640s] -- Generating done
[7.643s] -- Build files have been written to: /home/shivam/bumperbot_ws/build/bumperbot_firmware
[7.653s] Invoked command in '/home/shivam/bumperbot_ws/build/bumperbot_firmware' returned '0': CMAKE_PREFIX_PATH=/opt/ros/humble /usr/bin/cmake /home/shivam/bumperbot_ws/src/bumperbot_firmware -DCMAKE_INSTALL_PREFIX=/home/shivam/bumperbot_ws/install/bumperbot_firmware
[7.656s] Invoking command in '/home/shivam/bumperbot_ws/build/bumperbot_firmware': CMAKE_PREFIX_PATH=/opt/ros/humble /usr/bin/cmake --build /home/shivam/bumperbot_ws/build/bumperbot_firmware -- -j12 -l12
[7.698s] [ 33%] [32mBuilding CXX object CMakeFiles/bumperbot_firmware.dir/src/bumperbot_interface.cpp.o[0m
[7.698s] [ 33%] [32mBuilding CXX object CMakeFiles/simple_serial_receiver.dir/src/simple_serial_receiver.cpp.o[0m
[7.699s] [ 50%] [32mBuilding CXX object CMakeFiles/simple_serial_transmitter.dir/src/simple_serial_transmitter.cpp.o[0m
[7.703s] [ 50%] Built target ament_cmake_python_copy_bumperbot_firmware
[8.002s] running egg_info
[8.003s] creating bumperbot_firmware.egg-info
[8.003s] writing bumperbot_firmware.egg-info/PKG-INFO
[8.004s] writing dependency_links to bumperbot_firmware.egg-info/dependency_links.txt
[8.004s] writing top-level names to bumperbot_firmware.egg-info/top_level.txt
[8.004s] writing manifest file 'bumperbot_firmware.egg-info/SOURCES.txt'
[8.006s] reading manifest file 'bumperbot_firmware.egg-info/SOURCES.txt'
[8.006s] writing manifest file 'bumperbot_firmware.egg-info/SOURCES.txt'
[8.035s] [ 50%] Built target ament_cmake_python_build_bumperbot_firmware_egg
[11.643s] [ 66%] [32m[1mLinking CXX shared library libbumperbot_firmware.so[0m
[11.968s] [ 66%] Built target bumperbot_firmware
[12.406s] [ 83%] [32m[1mLinking CXX executable simple_serial_receiver[0m
[12.702s] [ 83%] Built target simple_serial_receiver
[15.537s] [100%] [32m[1mLinking CXX executable simple_serial_transmitter[0m
[16.047s] [100%] Built target simple_serial_transmitter
[16.058s] Invoked command in '/home/shivam/bumperbot_ws/build/bumperbot_firmware' returned '0': CMAKE_PREFIX_PATH=/opt/ros/humble /usr/bin/cmake --build /home/shivam/bumperbot_ws/build/bumperbot_firmware -- -j12 -l12
[16.082s] Invoking command in '/home/shivam/bumperbot_ws/build/bumperbot_firmware': CMAKE_PREFIX_PATH=/opt/ros/humble /usr/bin/cmake --install /home/shivam/bumperbot_ws/build/bumperbot_firmware
[16.086s] -- Install configuration: ""
[16.086s] -- Installing: /home/shivam/bumperbot_ws/install/bumperbot_firmware/share/bumperbot_firmware/environment/pythonpath.sh
[16.086s] -- Installing: /home/shivam/bumperbot_ws/install/bumperbot_firmware/share/bumperbot_firmware/environment/pythonpath.dsv
[16.086s] -- Installing: /home/shivam/bumperbot_ws/install/bumperbot_firmware/local/lib/python3.10/dist-packages/bumperbot_firmware-0.0.0-py3.10.egg-info
[16.086s] -- Installing: /home/shivam/bumperbot_ws/install/bumperbot_firmware/local/lib/python3.10/dist-packages/bumperbot_firmware-0.0.0-py3.10.egg-info/SOURCES.txt
[16.087s] -- Installing: /home/shivam/bumperbot_ws/install/bumperbot_firmware/local/lib/python3.10/dist-packages/bumperbot_firmware-0.0.0-py3.10.egg-info/dependency_links.txt
[16.087s] -- Installing: /home/shivam/bumperbot_ws/install/bumperbot_firmware/local/lib/python3.10/dist-packages/bumperbot_firmware-0.0.0-py3.10.egg-info/top_level.txt
[16.087s] -- Installing: /home/shivam/bumperbot_ws/install/bumperbot_firmware/local/lib/python3.10/dist-packages/bumperbot_firmware-0.0.0-py3.10.egg-info/PKG-INFO
[16.087s] -- Installing: /home/shivam/bumperbot_ws/install/bumperbot_firmware/local/lib/python3.10/dist-packages/bumperbot_firmware
[16.087s] -- Installing: /home/shivam/bumperbot_ws/install/bumperbot_firmware/local/lib/python3.10/dist-packages/bumperbot_firmware/simple_serial_receiver.py
[16.087s] -- Installing: /home/shivam/bumperbot_ws/install/bumperbot_firmware/local/lib/python3.10/dist-packages/bumperbot_firmware/simple_serial_transmitter.py
[16.087s] -- Installing: /home/shivam/bumperbot_ws/install/bumperbot_firmware/local/lib/python3.10/dist-packages/bumperbot_firmware/__init__.py
[16.109s] Listing '/home/shivam/bumperbot_ws/install/bumperbot_firmware/local/lib/python3.10/dist-packages/bumperbot_firmware'...
[16.109s] Compiling '/home/shivam/bumperbot_ws/install/bumperbot_firmware/local/lib/python3.10/dist-packages/bumperbot_firmware/__init__.py'...
[16.109s] Compiling '/home/shivam/bumperbot_ws/install/bumperbot_firmware/local/lib/python3.10/dist-packages/bumperbot_firmware/simple_serial_receiver.py'...
[16.109s] Compiling '/home/shivam/bumperbot_ws/install/bumperbot_firmware/local/lib/python3.10/dist-packages/bumperbot_firmware/simple_serial_transmitter.py'...
[16.112s] -- Installing: /home/shivam/bumperbot_ws/install/bumperbot_firmware/share/bumperbot_firmware/bumperbot_interface.xml
[16.113s] -- Installing: /home/shivam/bumperbot_ws/install/bumperbot_firmware/lib/libbumperbot_firmware.so
[16.113s] -- Set runtime path of "/home/shivam/bumperbot_ws/install/bumperbot_firmware/lib/libbumperbot_firmware.so" to ""
[16.114s] -- Installing: /home/shivam/bumperbot_ws/install/bumperbot_firmware/include/include
[16.114s] -- Installing: /home/shivam/bumperbot_ws/install/bumperbot_firmware/include/include/bumperbot_firmware
[16.114s] -- Installing: /home/shivam/bumperbot_ws/install/bumperbot_firmware/include/include/bumperbot_firmware/bumperbot_interface.hpp
[16.114s] -- Installing: /home/shivam/bumperbot_ws/install/bumperbot_firmware/share/bumperbot_firmware/launch
[16.114s] -- Installing: /home/shivam/bumperbot_ws/install/bumperbot_firmware/share/bumperbot_firmware/launch/hardware_interface.launch.py
[16.115s] -- Installing: /home/shivam/bumperbot_ws/install/bumperbot_firmware/lib/bumperbot_firmware/simple_serial_transmitter.py
[16.115s] -- Installing: /home/shivam/bumperbot_ws/install/bumperbot_firmware/lib/bumperbot_firmware/simple_serial_receiver.py
[16.115s] -- Installing: /home/shivam/bumperbot_ws/install/bumperbot_firmware/lib/bumperbot_firmware/simple_serial_receiver
[16.116s] -- Set runtime path of "/home/shivam/bumperbot_ws/install/bumperbot_firmware/lib/bumperbot_firmware/simple_serial_receiver" to ""
[16.116s] -- Installing: /home/shivam/bumperbot_ws/install/bumperbot_firmware/lib/bumperbot_firmware/simple_serial_transmitter
[16.118s] -- Set runtime path of "/home/shivam/bumperbot_ws/install/bumperbot_firmware/lib/bumperbot_firmware/simple_serial_transmitter" to ""
[16.118s] -- Installing: /home/shivam/bumperbot_ws/install/bumperbot_firmware/share/bumperbot_firmware/environment/library_path.sh
[16.118s] -- Installing: /home/shivam/bumperbot_ws/install/bumperbot_firmware/share/bumperbot_firmware/environment/library_path.dsv
[16.118s] -- Installing: /home/shivam/bumperbot_ws/install/bumperbot_firmware/share/ament_index/resource_index/package_run_dependencies/bumperbot_firmware
[16.118s] -- Installing: /home/shivam/bumperbot_ws/install/bumperbot_firmware/share/ament_index/resource_index/parent_prefix_path/bumperbot_firmware
[16.118s] -- Installing: /home/shivam/bumperbot_ws/install/bumperbot_firmware/share/bumperbot_firmware/environment/ament_prefix_path.sh
[16.118s] -- Installing: /home/shivam/bumperbot_ws/install/bumperbot_firmware/share/bumperbot_firmware/environment/ament_prefix_path.dsv
[16.118s] -- Installing: /home/shivam/bumperbot_ws/install/bumperbot_firmware/share/bumperbot_firmware/environment/path.sh
[16.118s] -- Installing: /home/shivam/bumperbot_ws/install/bumperbot_firmware/share/bumperbot_firmware/environment/path.dsv
[16.118s] -- Installing: /home/shivam/bumperbot_ws/install/bumperbot_firmware/share/bumperbot_firmware/local_setup.bash
[16.119s] -- Installing: /home/shivam/bumperbot_ws/install/bumperbot_firmware/share/bumperbot_firmware/local_setup.sh
[16.119s] -- Installing: /home/shivam/bumperbot_ws/install/bumperbot_firmware/share/bumperbot_firmware/local_setup.zsh
[16.119s] -- Installing: /home/shivam/bumperbot_ws/install/bumperbot_firmware/share/bumperbot_firmware/local_setup.dsv
[16.119s] -- Installing: /home/shivam/bumperbot_ws/install/bumperbot_firmware/share/bumperbot_firmware/package.dsv
[16.119s] -- Installing: /home/shivam/bumperbot_ws/install/bumperbot_firmware/share/ament_index/resource_index/packages/bumperbot_firmware
[16.119s] -- Installing: /home/shivam/bumperbot_ws/install/bumperbot_firmware/share/ament_index/resource_index/hardware_interface__pluginlib__plugin/bumperbot_firmware
[16.119s] -- Installing: /home/shivam/bumperbot_ws/install/bumperbot_firmware/share/bumperbot_firmware/cmake/ament_cmake_export_include_directories-extras.cmake
[16.119s] -- Installing: /home/shivam/bumperbot_ws/install/bumperbot_firmware/share/bumperbot_firmware/cmake/ament_cmake_export_libraries-extras.cmake
[16.119s] -- Installing: /home/shivam/bumperbot_ws/install/bumperbot_firmware/share/bumperbot_firmware/cmake/ament_cmake_export_dependencies-extras.cmake
[16.119s] -- Installing: /home/shivam/bumperbot_ws/install/bumperbot_firmware/share/bumperbot_firmware/cmake/bumperbot_firmwareConfig.cmake
[16.119s] -- Installing: /home/shivam/bumperbot_ws/install/bumperbot_firmware/share/bumperbot_firmware/cmake/bumperbot_firmwareConfig-version.cmake
[16.119s] -- Installing: /home/shivam/bumperbot_ws/install/bumperbot_firmware/share/bumperbot_firmware/package.xml
[16.121s] Invoked command in '/home/shivam/bumperbot_ws/build/bumperbot_firmware' returned '0': CMAKE_PREFIX_PATH=/opt/ros/humble /usr/bin/cmake --install /home/shivam/bumperbot_ws/build/bumperbot_firmware
