[0.515s] Invoking command in '/home/shivam/bumperbot_ws/build/bumperbot_cpp_examples': AMENT_PREFIX_PATH=/home/shivam/bumperbot_ws/install/bumperbot_msgs:${AMENT_PREFIX_PATH} CMAKE_PREFIX_PATH=/home/shivam/bumperbot_ws/install/bumperbot_msgs:/opt/ros/humble LD_LIBRARY_PATH=/home/shivam/bumperbot_ws/install/bumperbot_msgs/lib:${LD_LIBRARY_PATH} PYTHONPATH=/home/shivam/bumperbot_ws/install/bumperbot_msgs/local/lib/python3.10/dist-packages:${PYTHONPATH} /usr/bin/cmake --build /home/shivam/bumperbot_ws/build/bumperbot_cpp_examples -- -j12 -l12
[0.586s] [35m[1mConsolidate compiler generated dependencies of target simple_service_client[0m
[0.589s] [35m[1mConsolidate compiler generated dependencies of target simple_turtlesim_kinematics[0m
[0.596s] [35m[1mConsolidate compiler generated dependencies of target simple_parameter[0m
[0.596s] [35m[1mConsolidate compiler generated dependencies of target simple_subscriber[0m
[0.596s] [35m[1mConsolidate compiler generated dependencies of target simple_publisher[0m
[0.608s] [35m[1mConsolidate compiler generated dependencies of target simple_service_server[0m
[0.619s] [ 12%] Built target simple_service_client
[0.619s] [35m[1mConsolidate compiler generated dependencies of target simple_tf_kinematics[0m
[0.619s] [ 25%] Built target simple_subscriber
[0.619s] [ 43%] Built target simple_parameter
[0.620s] [ 50%] Built target simple_publisher
[0.627s] [ 62%] Built target simple_service_server
[0.629s] [35m[1mConsolidate compiler generated dependencies of target simple_lifecycle_node[0m
[0.632s] [ 75%] Built target simple_turtlesim_kinematics
[0.637s] [ 87%] Built target simple_tf_kinematics
[0.644s] [100%] Built target simple_lifecycle_node
[0.655s] Invoked command in '/home/shivam/bumperbot_ws/build/bumperbot_cpp_examples' returned '0': AMENT_PREFIX_PATH=/home/shivam/bumperbot_ws/install/bumperbot_msgs:${AMENT_PREFIX_PATH} CMAKE_PREFIX_PATH=/home/shivam/bumperbot_ws/install/bumperbot_msgs:/opt/ros/humble LD_LIBRARY_PATH=/home/shivam/bumperbot_ws/install/bumperbot_msgs/lib:${LD_LIBRARY_PATH} PYTHONPATH=/home/shivam/bumperbot_ws/install/bumperbot_msgs/local/lib/python3.10/dist-packages:${PYTHONPATH} /usr/bin/cmake --build /home/shivam/bumperbot_ws/build/bumperbot_cpp_examples -- -j12 -l12
[0.700s] Invoking command in '/home/shivam/bumperbot_ws/build/bumperbot_cpp_examples': AMENT_PREFIX_PATH=/home/shivam/bumperbot_ws/install/bumperbot_msgs:${AMENT_PREFIX_PATH} CMAKE_PREFIX_PATH=/home/shivam/bumperbot_ws/install/bumperbot_msgs:/opt/ros/humble LD_LIBRARY_PATH=/home/shivam/bumperbot_ws/install/bumperbot_msgs/lib:${LD_LIBRARY_PATH} PYTHONPATH=/home/shivam/bumperbot_ws/install/bumperbot_msgs/local/lib/python3.10/dist-packages:${PYTHONPATH} /usr/bin/cmake --install /home/shivam/bumperbot_ws/build/bumperbot_cpp_examples
[0.708s] -- Install configuration: ""
[0.708s] -- Up-to-date: /home/shivam/bumperbot_ws/install/bumperbot_cpp_examples/include/include
[0.709s] -- Up-to-date: /home/shivam/bumperbot_ws/install/bumperbot_cpp_examples/include/include/bumperbot_cpp_examples
[0.709s] -- Up-to-date: /home/shivam/bumperbot_ws/install/bumperbot_cpp_examples/include/include/bumperbot_cpp_examples/simple_turtlesim_kinematics.hpp
[0.709s] -- Up-to-date: /home/shivam/bumperbot_ws/install/bumperbot_cpp_examples/include/include/bumperbot_cpp_examples/simple_tf_kinematics.hpp
[0.710s] -- Up-to-date: /home/shivam/bumperbot_ws/install/bumperbot_cpp_examples/lib/bumperbot_cpp_examples/simple_publisher
[0.711s] -- Up-to-date: /home/shivam/bumperbot_ws/install/bumperbot_cpp_examples/lib/bumperbot_cpp_examples/simple_subscriber
[0.712s] -- Up-to-date: /home/shivam/bumperbot_ws/install/bumperbot_cpp_examples/lib/bumperbot_cpp_examples/simple_parameter
[0.713s] -- Up-to-date: /home/shivam/bumperbot_ws/install/bumperbot_cpp_examples/lib/bumperbot_cpp_examples/simple_turtlesim_kinematics
[0.715s] -- Up-to-date: /home/shivam/bumperbot_ws/install/bumperbot_cpp_examples/lib/bumperbot_cpp_examples/simple_service_server
[0.716s] -- Up-to-date: /home/shivam/bumperbot_ws/install/bumperbot_cpp_examples/lib/bumperbot_cpp_examples/simple_service_client
[0.717s] -- Up-to-date: /home/shivam/bumperbot_ws/install/bumperbot_cpp_examples/lib/bumperbot_cpp_examples/simple_tf_kinematics
[0.718s] -- Up-to-date: /home/shivam/bumperbot_ws/install/bumperbot_cpp_examples/lib/bumperbot_cpp_examples/simple_lifecycle_node
[0.719s] -- Up-to-date: /home/shivam/bumperbot_ws/install/bumperbot_cpp_examples/share/ament_index/resource_index/package_run_dependencies/bumperbot_cpp_examples
[0.720s] -- Up-to-date: /home/shivam/bumperbot_ws/install/bumperbot_cpp_examples/share/ament_index/resource_index/parent_prefix_path/bumperbot_cpp_examples
[0.722s] -- Up-to-date: /home/shivam/bumperbot_ws/install/bumperbot_cpp_examples/share/bumperbot_cpp_examples/environment/ament_prefix_path.sh
[0.722s] -- Up-to-date: /home/shivam/bumperbot_ws/install/bumperbot_cpp_examples/share/bumperbot_cpp_examples/environment/ament_prefix_path.dsv
[0.722s] -- Up-to-date: /home/shivam/bumperbot_ws/install/bumperbot_cpp_examples/share/bumperbot_cpp_examples/environment/path.sh
[0.722s] -- Up-to-date: /home/shivam/bumperbot_ws/install/bumperbot_cpp_examples/share/bumperbot_cpp_examples/environment/path.dsv
[0.722s] -- Up-to-date: /home/shivam/bumperbot_ws/install/bumperbot_cpp_examples/share/bumperbot_cpp_examples/local_setup.bash
[0.722s] -- Up-to-date: /home/shivam/bumperbot_ws/install/bumperbot_cpp_examples/share/bumperbot_cpp_examples/local_setup.sh
[0.723s] -- Up-to-date: /home/shivam/bumperbot_ws/install/bumperbot_cpp_examples/share/bumperbot_cpp_examples/local_setup.zsh
[0.723s] -- Up-to-date: /home/shivam/bumperbot_ws/install/bumperbot_cpp_examples/share/bumperbot_cpp_examples/local_setup.dsv
[0.723s] -- Installing: /home/shivam/bumperbot_ws/install/bumperbot_cpp_examples/share/bumperbot_cpp_examples/package.dsv
[0.723s] -- Up-to-date: /home/shivam/bumperbot_ws/install/bumperbot_cpp_examples/share/ament_index/resource_index/packages/bumperbot_cpp_examples
[0.724s] -- Up-to-date: /home/shivam/bumperbot_ws/install/bumperbot_cpp_examples/share/bumperbot_cpp_examples/cmake/bumperbot_cpp_examplesConfig.cmake
[0.724s] -- Up-to-date: /home/shivam/bumperbot_ws/install/bumperbot_cpp_examples/share/bumperbot_cpp_examples/cmake/bumperbot_cpp_examplesConfig-version.cmake
[0.725s] -- Up-to-date: /home/shivam/bumperbot_ws/install/bumperbot_cpp_examples/share/bumperbot_cpp_examples/package.xml
[0.726s] Invoked command in '/home/shivam/bumperbot_ws/build/bumperbot_cpp_examples' returned '0': AMENT_PREFIX_PATH=/home/shivam/bumperbot_ws/install/bumperbot_msgs:${AMENT_PREFIX_PATH} CMAKE_PREFIX_PATH=/home/shivam/bumperbot_ws/install/bumperbot_msgs:/opt/ros/humble LD_LIBRARY_PATH=/home/shivam/bumperbot_ws/install/bumperbot_msgs/lib:${LD_LIBRARY_PATH} PYTHONPATH=/home/shivam/bumperbot_ws/install/bumperbot_msgs/local/lib/python3.10/dist-packages:${PYTHONPATH} /usr/bin/cmake --install /home/shivam/bumperbot_ws/build/bumperbot_cpp_examples
