[0.272s] DEBUG:colcon:Command line arguments: ['/usr/bin/colcon', 'build']
[0.272s] DEBUG:colcon:Parsed command line arguments: Namespace(log_base=None, log_level=None, verb_name='build', build_base='build', install_base='install', merge_install=False, symlink_install=False, test_result_base=None, continue_on_error=False, executor='parallel', parallel_workers=12, event_handlers=None, ignore_user_meta=False, metas=['./colcon.meta'], base_paths=['.'], packages_ignore=None, packages_ignore_regex=None, paths=None, packages_up_to=None, packages_up_to_regex=None, packages_above=None, packages_above_and_dependencies=None, packages_above_depth=None, packages_select_by_dep=None, packages_skip_by_dep=None, packages_skip_up_to=None, packages_select_build_failed=False, packages_skip_build_finished=False, packages_select_test_failures=False, packages_skip_test_passed=False, packages_select=None, packages_skip=None, packages_select_regex=None, packages_skip_regex=None, packages_start=None, packages_end=None, allow_overriding=[], cmake_args=None, cmake_target=None, cmake_target_skip_unavailable=False, cmake_clean_cache=False, cmake_clean_first=False, cmake_force_configure=False, ament_cmake_args=None, catkin_cmake_args=None, catkin_skip_building_tests=False, verb_parser=<colcon_defaults.argument_parser.defaults.DefaultArgumentsDecorator object at 0x7f264c820b20>, verb_extension=<colcon_core.verb.build.BuildVerb object at 0x7f264c820520>, main=<bound method BuildVerb.main of <colcon_core.verb.build.BuildVerb object at 0x7f264c820520>>)
[0.451s] Level 1:colcon.colcon_core.package_discovery:discover_packages(colcon_meta) check parameters
[0.451s] Level 1:colcon.colcon_core.package_discovery:discover_packages(recursive) check parameters
[0.451s] Level 1:colcon.colcon_core.package_discovery:discover_packages(ignore) check parameters
[0.451s] Level 1:colcon.colcon_core.package_discovery:discover_packages(path) check parameters
[0.451s] Level 1:colcon.colcon_core.package_discovery:discover_packages(colcon_meta) discover
[0.451s] Level 1:colcon.colcon_core.package_discovery:discover_packages(recursive) discover
[0.451s] INFO:colcon.colcon_core.package_discovery:Crawling recursively for packages in '/home/shivam/bumperbot_ws'
[0.452s] Level 1:colcon.colcon_core.package_identification:_identify(.) by extensions ['ignore', 'ignore_ament_install']
[0.452s] Level 1:colcon.colcon_core.package_identification:_identify(.) by extension 'ignore'
[0.452s] Level 1:colcon.colcon_core.package_identification:_identify(.) by extension 'ignore_ament_install'
[0.452s] Level 1:colcon.colcon_core.package_identification:_identify(.) by extensions ['colcon_pkg']
[0.452s] Level 1:colcon.colcon_core.package_identification:_identify(.) by extension 'colcon_pkg'
[0.452s] Level 1:colcon.colcon_core.package_identification:_identify(.) by extensions ['colcon_meta']
[0.452s] Level 1:colcon.colcon_core.package_identification:_identify(.) by extension 'colcon_meta'
[0.452s] Level 1:colcon.colcon_core.package_identification:_identify(.) by extensions ['ros']
[0.452s] Level 1:colcon.colcon_core.package_identification:_identify(.) by extension 'ros'
[0.470s] Level 1:colcon.colcon_core.package_identification:_identify(.) by extensions ['cmake', 'python']
[0.471s] Level 1:colcon.colcon_core.package_identification:_identify(.) by extension 'cmake'
[0.471s] Level 1:colcon.colcon_core.package_identification:_identify(.) by extension 'python'
[0.471s] Level 1:colcon.colcon_core.package_identification:_identify(.) by extensions ['python_setup_py']
[0.471s] Level 1:colcon.colcon_core.package_identification:_identify(.) by extension 'python_setup_py'
[0.471s] Level 1:colcon.colcon_core.package_identification:_identify(build) by extensions ['ignore', 'ignore_ament_install']
[0.471s] Level 1:colcon.colcon_core.package_identification:_identify(build) by extension 'ignore'
[0.471s] Level 1:colcon.colcon_core.package_identification:_identify(build) ignored
[0.471s] Level 1:colcon.colcon_core.package_identification:_identify(install) by extensions ['ignore', 'ignore_ament_install']
[0.471s] Level 1:colcon.colcon_core.package_identification:_identify(install) by extension 'ignore'
[0.471s] Level 1:colcon.colcon_core.package_identification:_identify(install) ignored
[0.471s] Level 1:colcon.colcon_core.package_identification:_identify(log) by extensions ['ignore', 'ignore_ament_install']
[0.471s] Level 1:colcon.colcon_core.package_identification:_identify(log) by extension 'ignore'
[0.471s] Level 1:colcon.colcon_core.package_identification:_identify(log) ignored
[0.471s] Level 1:colcon.colcon_core.package_identification:_identify(src) by extensions ['ignore', 'ignore_ament_install']
[0.471s] Level 1:colcon.colcon_core.package_identification:_identify(src) by extension 'ignore'
[0.472s] Level 1:colcon.colcon_core.package_identification:_identify(src) by extension 'ignore_ament_install'
[0.472s] Level 1:colcon.colcon_core.package_identification:_identify(src) by extensions ['colcon_pkg']
[0.472s] Level 1:colcon.colcon_core.package_identification:_identify(src) by extension 'colcon_pkg'
[0.472s] Level 1:colcon.colcon_core.package_identification:_identify(src) by extensions ['colcon_meta']
[0.472s] Level 1:colcon.colcon_core.package_identification:_identify(src) by extension 'colcon_meta'
[0.472s] Level 1:colcon.colcon_core.package_identification:_identify(src) by extensions ['ros']
[0.472s] Level 1:colcon.colcon_core.package_identification:_identify(src) by extension 'ros'
[0.472s] Level 1:colcon.colcon_core.package_identification:_identify(src) by extensions ['cmake', 'python']
[0.472s] Level 1:colcon.colcon_core.package_identification:_identify(src) by extension 'cmake'
[0.472s] Level 1:colcon.colcon_core.package_identification:_identify(src) by extension 'python'
[0.472s] Level 1:colcon.colcon_core.package_identification:_identify(src) by extensions ['python_setup_py']
[0.472s] Level 1:colcon.colcon_core.package_identification:_identify(src) by extension 'python_setup_py'
[0.472s] Level 1:colcon.colcon_core.package_identification:_identify(src/bumperbot_bringup) by extensions ['ignore', 'ignore_ament_install']
[0.472s] Level 1:colcon.colcon_core.package_identification:_identify(src/bumperbot_bringup) by extension 'ignore'
[0.472s] Level 1:colcon.colcon_core.package_identification:_identify(src/bumperbot_bringup) by extension 'ignore_ament_install'
[0.472s] Level 1:colcon.colcon_core.package_identification:_identify(src/bumperbot_bringup) by extensions ['colcon_pkg']
[0.472s] Level 1:colcon.colcon_core.package_identification:_identify(src/bumperbot_bringup) by extension 'colcon_pkg'
[0.472s] Level 1:colcon.colcon_core.package_identification:_identify(src/bumperbot_bringup) by extensions ['colcon_meta']
[0.472s] Level 1:colcon.colcon_core.package_identification:_identify(src/bumperbot_bringup) by extension 'colcon_meta'
[0.472s] Level 1:colcon.colcon_core.package_identification:_identify(src/bumperbot_bringup) by extensions ['ros']
[0.472s] Level 1:colcon.colcon_core.package_identification:_identify(src/bumperbot_bringup) by extension 'ros'
[0.475s] DEBUG:colcon.colcon_core.package_identification:Package 'src/bumperbot_bringup' with type 'ros.ament_cmake' and name 'bumperbot_bringup'
[0.475s] Level 1:colcon.colcon_core.package_identification:_identify(src/bumperbot_controller) by extensions ['ignore', 'ignore_ament_install']
[0.475s] Level 1:colcon.colcon_core.package_identification:_identify(src/bumperbot_controller) by extension 'ignore'
[0.475s] Level 1:colcon.colcon_core.package_identification:_identify(src/bumperbot_controller) by extension 'ignore_ament_install'
[0.476s] Level 1:colcon.colcon_core.package_identification:_identify(src/bumperbot_controller) by extensions ['colcon_pkg']
[0.476s] Level 1:colcon.colcon_core.package_identification:_identify(src/bumperbot_controller) by extension 'colcon_pkg'
[0.476s] Level 1:colcon.colcon_core.package_identification:_identify(src/bumperbot_controller) by extensions ['colcon_meta']
[0.476s] Level 1:colcon.colcon_core.package_identification:_identify(src/bumperbot_controller) by extension 'colcon_meta'
[0.476s] Level 1:colcon.colcon_core.package_identification:_identify(src/bumperbot_controller) by extensions ['ros']
[0.476s] Level 1:colcon.colcon_core.package_identification:_identify(src/bumperbot_controller) by extension 'ros'
[0.477s] DEBUG:colcon.colcon_core.package_identification:Package 'src/bumperbot_controller' with type 'ros.ament_cmake' and name 'bumperbot_controller'
[0.477s] Level 1:colcon.colcon_core.package_identification:_identify(src/bumperbot_cpp_examples) by extensions ['ignore', 'ignore_ament_install']
[0.477s] Level 1:colcon.colcon_core.package_identification:_identify(src/bumperbot_cpp_examples) by extension 'ignore'
[0.477s] Level 1:colcon.colcon_core.package_identification:_identify(src/bumperbot_cpp_examples) by extension 'ignore_ament_install'
[0.477s] Level 1:colcon.colcon_core.package_identification:_identify(src/bumperbot_cpp_examples) by extensions ['colcon_pkg']
[0.477s] Level 1:colcon.colcon_core.package_identification:_identify(src/bumperbot_cpp_examples) by extension 'colcon_pkg'
[0.477s] Level 1:colcon.colcon_core.package_identification:_identify(src/bumperbot_cpp_examples) by extensions ['colcon_meta']
[0.477s] Level 1:colcon.colcon_core.package_identification:_identify(src/bumperbot_cpp_examples) by extension 'colcon_meta'
[0.477s] Level 1:colcon.colcon_core.package_identification:_identify(src/bumperbot_cpp_examples) by extensions ['ros']
[0.477s] Level 1:colcon.colcon_core.package_identification:_identify(src/bumperbot_cpp_examples) by extension 'ros'
[0.478s] DEBUG:colcon.colcon_core.package_identification:Package 'src/bumperbot_cpp_examples' with type 'ros.ament_cmake' and name 'bumperbot_cpp_examples'
[0.479s] Level 1:colcon.colcon_core.package_identification:_identify(src/bumperbot_description) by extensions ['ignore', 'ignore_ament_install']
[0.479s] Level 1:colcon.colcon_core.package_identification:_identify(src/bumperbot_description) by extension 'ignore'
[0.479s] Level 1:colcon.colcon_core.package_identification:_identify(src/bumperbot_description) by extension 'ignore_ament_install'
[0.479s] Level 1:colcon.colcon_core.package_identification:_identify(src/bumperbot_description) by extensions ['colcon_pkg']
[0.479s] Level 1:colcon.colcon_core.package_identification:_identify(src/bumperbot_description) by extension 'colcon_pkg'
[0.479s] Level 1:colcon.colcon_core.package_identification:_identify(src/bumperbot_description) by extensions ['colcon_meta']
[0.479s] Level 1:colcon.colcon_core.package_identification:_identify(src/bumperbot_description) by extension 'colcon_meta'
[0.479s] Level 1:colcon.colcon_core.package_identification:_identify(src/bumperbot_description) by extensions ['ros']
[0.479s] Level 1:colcon.colcon_core.package_identification:_identify(src/bumperbot_description) by extension 'ros'
[0.480s] DEBUG:colcon.colcon_core.package_identification:Package 'src/bumperbot_description' with type 'ros.ament_cmake' and name 'bumperbot_description'
[0.480s] Level 1:colcon.colcon_core.package_identification:_identify(src/bumperbot_firmware) by extensions ['ignore', 'ignore_ament_install']
[0.480s] Level 1:colcon.colcon_core.package_identification:_identify(src/bumperbot_firmware) by extension 'ignore'
[0.480s] Level 1:colcon.colcon_core.package_identification:_identify(src/bumperbot_firmware) by extension 'ignore_ament_install'
[0.480s] Level 1:colcon.colcon_core.package_identification:_identify(src/bumperbot_firmware) by extensions ['colcon_pkg']
[0.480s] Level 1:colcon.colcon_core.package_identification:_identify(src/bumperbot_firmware) by extension 'colcon_pkg'
[0.480s] Level 1:colcon.colcon_core.package_identification:_identify(src/bumperbot_firmware) by extensions ['colcon_meta']
[0.480s] Level 1:colcon.colcon_core.package_identification:_identify(src/bumperbot_firmware) by extension 'colcon_meta'
[0.480s] Level 1:colcon.colcon_core.package_identification:_identify(src/bumperbot_firmware) by extensions ['ros']
[0.480s] Level 1:colcon.colcon_core.package_identification:_identify(src/bumperbot_firmware) by extension 'ros'
[0.481s] DEBUG:colcon.colcon_core.package_identification:Package 'src/bumperbot_firmware' with type 'ros.ament_cmake' and name 'bumperbot_firmware'
[0.481s] Level 1:colcon.colcon_core.package_identification:_identify(src/bumperbot_localization) by extensions ['ignore', 'ignore_ament_install']
[0.481s] Level 1:colcon.colcon_core.package_identification:_identify(src/bumperbot_localization) by extension 'ignore'
[0.481s] Level 1:colcon.colcon_core.package_identification:_identify(src/bumperbot_localization) by extension 'ignore_ament_install'
[0.481s] Level 1:colcon.colcon_core.package_identification:_identify(src/bumperbot_localization) by extensions ['colcon_pkg']
[0.481s] Level 1:colcon.colcon_core.package_identification:_identify(src/bumperbot_localization) by extension 'colcon_pkg'
[0.481s] Level 1:colcon.colcon_core.package_identification:_identify(src/bumperbot_localization) by extensions ['colcon_meta']
[0.481s] Level 1:colcon.colcon_core.package_identification:_identify(src/bumperbot_localization) by extension 'colcon_meta'
[0.481s] Level 1:colcon.colcon_core.package_identification:_identify(src/bumperbot_localization) by extensions ['ros']
[0.481s] Level 1:colcon.colcon_core.package_identification:_identify(src/bumperbot_localization) by extension 'ros'
[0.482s] DEBUG:colcon.colcon_core.package_identification:Package 'src/bumperbot_localization' with type 'ros.ament_cmake' and name 'bumperbot_localization'
[0.482s] Level 1:colcon.colcon_core.package_identification:_identify(src/bumperbot_msgs) by extensions ['ignore', 'ignore_ament_install']
[0.483s] Level 1:colcon.colcon_core.package_identification:_identify(src/bumperbot_msgs) by extension 'ignore'
[0.483s] Level 1:colcon.colcon_core.package_identification:_identify(src/bumperbot_msgs) by extension 'ignore_ament_install'
[0.483s] Level 1:colcon.colcon_core.package_identification:_identify(src/bumperbot_msgs) by extensions ['colcon_pkg']
[0.483s] Level 1:colcon.colcon_core.package_identification:_identify(src/bumperbot_msgs) by extension 'colcon_pkg'
[0.483s] Level 1:colcon.colcon_core.package_identification:_identify(src/bumperbot_msgs) by extensions ['colcon_meta']
[0.483s] Level 1:colcon.colcon_core.package_identification:_identify(src/bumperbot_msgs) by extension 'colcon_meta'
[0.483s] Level 1:colcon.colcon_core.package_identification:_identify(src/bumperbot_msgs) by extensions ['ros']
[0.483s] Level 1:colcon.colcon_core.package_identification:_identify(src/bumperbot_msgs) by extension 'ros'
[0.483s] DEBUG:colcon.colcon_core.package_identification:Package 'src/bumperbot_msgs' with type 'ros.ament_cmake' and name 'bumperbot_msgs'
[0.484s] Level 1:colcon.colcon_core.package_identification:_identify(src/bumperbot_py_examples) by extensions ['ignore', 'ignore_ament_install']
[0.484s] Level 1:colcon.colcon_core.package_identification:_identify(src/bumperbot_py_examples) by extension 'ignore'
[0.484s] Level 1:colcon.colcon_core.package_identification:_identify(src/bumperbot_py_examples) by extension 'ignore_ament_install'
[0.484s] Level 1:colcon.colcon_core.package_identification:_identify(src/bumperbot_py_examples) by extensions ['colcon_pkg']
[0.484s] Level 1:colcon.colcon_core.package_identification:_identify(src/bumperbot_py_examples) by extension 'colcon_pkg'
[0.484s] Level 1:colcon.colcon_core.package_identification:_identify(src/bumperbot_py_examples) by extensions ['colcon_meta']
[0.484s] Level 1:colcon.colcon_core.package_identification:_identify(src/bumperbot_py_examples) by extension 'colcon_meta'
[0.484s] Level 1:colcon.colcon_core.package_identification:_identify(src/bumperbot_py_examples) by extensions ['ros']
[0.484s] Level 1:colcon.colcon_core.package_identification:_identify(src/bumperbot_py_examples) by extension 'ros'
[0.485s] DEBUG:colcon.colcon_core.package_identification:Package 'src/bumperbot_py_examples' with type 'ros.ament_python' and name 'bumperbot_py_examples'
[0.485s] Level 1:colcon.colcon_core.package_discovery:discover_packages(recursive) using defaults
[0.485s] Level 1:colcon.colcon_core.package_discovery:discover_packages(ignore) discover
[0.485s] Level 1:colcon.colcon_core.package_discovery:discover_packages(ignore) using defaults
[0.485s] Level 1:colcon.colcon_core.package_discovery:discover_packages(path) discover
[0.485s] Level 1:colcon.colcon_core.package_discovery:discover_packages(path) using defaults
[0.517s] Level 1:colcon.colcon_core.package_discovery:discover_packages(prefix_path) check parameters
[0.517s] Level 1:colcon.colcon_core.package_discovery:discover_packages(prefix_path) discover
[0.520s] DEBUG:colcon.colcon_installed_package_information.package_discovery:Found 382 installed packages in /opt/ros/humble
[0.521s] Level 1:colcon.colcon_core.package_discovery:discover_packages(prefix_path) using defaults
[0.547s] Level 5:colcon.colcon_core.verb:set package 'bumperbot_bringup' build argument 'cmake_args' from command line to 'None'
[0.547s] Level 5:colcon.colcon_core.verb:set package 'bumperbot_bringup' build argument 'cmake_target' from command line to 'None'
[0.547s] Level 5:colcon.colcon_core.verb:set package 'bumperbot_bringup' build argument 'cmake_target_skip_unavailable' from command line to 'False'
[0.547s] Level 5:colcon.colcon_core.verb:set package 'bumperbot_bringup' build argument 'cmake_clean_cache' from command line to 'False'
[0.547s] Level 5:colcon.colcon_core.verb:set package 'bumperbot_bringup' build argument 'cmake_clean_first' from command line to 'False'
[0.547s] Level 5:colcon.colcon_core.verb:set package 'bumperbot_bringup' build argument 'cmake_force_configure' from command line to 'False'
[0.547s] Level 5:colcon.colcon_core.verb:set package 'bumperbot_bringup' build argument 'ament_cmake_args' from command line to 'None'
[0.547s] Level 5:colcon.colcon_core.verb:set package 'bumperbot_bringup' build argument 'catkin_cmake_args' from command line to 'None'
[0.547s] Level 5:colcon.colcon_core.verb:set package 'bumperbot_bringup' build argument 'catkin_skip_building_tests' from command line to 'False'
[0.547s] DEBUG:colcon.colcon_core.verb:Building package 'bumperbot_bringup' with the following arguments: {'ament_cmake_args': None, 'build_base': '/home/shivam/bumperbot_ws/build/bumperbot_bringup', 'catkin_cmake_args': None, 'catkin_skip_building_tests': False, 'cmake_args': None, 'cmake_clean_cache': False, 'cmake_clean_first': False, 'cmake_force_configure': False, 'cmake_target': None, 'cmake_target_skip_unavailable': False, 'install_base': '/home/shivam/bumperbot_ws/install/bumperbot_bringup', 'merge_install': False, 'path': '/home/shivam/bumperbot_ws/src/bumperbot_bringup', 'symlink_install': False, 'test_result_base': None}
[0.547s] Level 5:colcon.colcon_core.verb:set package 'bumperbot_controller' build argument 'cmake_args' from command line to 'None'
[0.547s] Level 5:colcon.colcon_core.verb:set package 'bumperbot_controller' build argument 'cmake_target' from command line to 'None'
[0.547s] Level 5:colcon.colcon_core.verb:set package 'bumperbot_controller' build argument 'cmake_target_skip_unavailable' from command line to 'False'
[0.547s] Level 5:colcon.colcon_core.verb:set package 'bumperbot_controller' build argument 'cmake_clean_cache' from command line to 'False'
[0.547s] Level 5:colcon.colcon_core.verb:set package 'bumperbot_controller' build argument 'cmake_clean_first' from command line to 'False'
[0.547s] Level 5:colcon.colcon_core.verb:set package 'bumperbot_controller' build argument 'cmake_force_configure' from command line to 'False'
[0.547s] Level 5:colcon.colcon_core.verb:set package 'bumperbot_controller' build argument 'ament_cmake_args' from command line to 'None'
[0.547s] Level 5:colcon.colcon_core.verb:set package 'bumperbot_controller' build argument 'catkin_cmake_args' from command line to 'None'
[0.547s] Level 5:colcon.colcon_core.verb:set package 'bumperbot_controller' build argument 'catkin_skip_building_tests' from command line to 'False'
[0.547s] DEBUG:colcon.colcon_core.verb:Building package 'bumperbot_controller' with the following arguments: {'ament_cmake_args': None, 'build_base': '/home/shivam/bumperbot_ws/build/bumperbot_controller', 'catkin_cmake_args': None, 'catkin_skip_building_tests': False, 'cmake_args': None, 'cmake_clean_cache': False, 'cmake_clean_first': False, 'cmake_force_configure': False, 'cmake_target': None, 'cmake_target_skip_unavailable': False, 'install_base': '/home/shivam/bumperbot_ws/install/bumperbot_controller', 'merge_install': False, 'path': '/home/shivam/bumperbot_ws/src/bumperbot_controller', 'symlink_install': False, 'test_result_base': None}
[0.548s] Level 5:colcon.colcon_core.verb:set package 'bumperbot_description' build argument 'cmake_args' from command line to 'None'
[0.548s] Level 5:colcon.colcon_core.verb:set package 'bumperbot_description' build argument 'cmake_target' from command line to 'None'
[0.548s] Level 5:colcon.colcon_core.verb:set package 'bumperbot_description' build argument 'cmake_target_skip_unavailable' from command line to 'False'
[0.548s] Level 5:colcon.colcon_core.verb:set package 'bumperbot_description' build argument 'cmake_clean_cache' from command line to 'False'
[0.548s] Level 5:colcon.colcon_core.verb:set package 'bumperbot_description' build argument 'cmake_clean_first' from command line to 'False'
[0.548s] Level 5:colcon.colcon_core.verb:set package 'bumperbot_description' build argument 'cmake_force_configure' from command line to 'False'
[0.548s] Level 5:colcon.colcon_core.verb:set package 'bumperbot_description' build argument 'ament_cmake_args' from command line to 'None'
[0.548s] Level 5:colcon.colcon_core.verb:set package 'bumperbot_description' build argument 'catkin_cmake_args' from command line to 'None'
[0.548s] Level 5:colcon.colcon_core.verb:set package 'bumperbot_description' build argument 'catkin_skip_building_tests' from command line to 'False'
[0.548s] DEBUG:colcon.colcon_core.verb:Building package 'bumperbot_description' with the following arguments: {'ament_cmake_args': None, 'build_base': '/home/shivam/bumperbot_ws/build/bumperbot_description', 'catkin_cmake_args': None, 'catkin_skip_building_tests': False, 'cmake_args': None, 'cmake_clean_cache': False, 'cmake_clean_first': False, 'cmake_force_configure': False, 'cmake_target': None, 'cmake_target_skip_unavailable': False, 'install_base': '/home/shivam/bumperbot_ws/install/bumperbot_description', 'merge_install': False, 'path': '/home/shivam/bumperbot_ws/src/bumperbot_description', 'symlink_install': False, 'test_result_base': None}
[0.548s] Level 5:colcon.colcon_core.verb:set package 'bumperbot_firmware' build argument 'cmake_args' from command line to 'None'
[0.548s] Level 5:colcon.colcon_core.verb:set package 'bumperbot_firmware' build argument 'cmake_target' from command line to 'None'
[0.548s] Level 5:colcon.colcon_core.verb:set package 'bumperbot_firmware' build argument 'cmake_target_skip_unavailable' from command line to 'False'
[0.548s] Level 5:colcon.colcon_core.verb:set package 'bumperbot_firmware' build argument 'cmake_clean_cache' from command line to 'False'
[0.548s] Level 5:colcon.colcon_core.verb:set package 'bumperbot_firmware' build argument 'cmake_clean_first' from command line to 'False'
[0.548s] Level 5:colcon.colcon_core.verb:set package 'bumperbot_firmware' build argument 'cmake_force_configure' from command line to 'False'
[0.548s] Level 5:colcon.colcon_core.verb:set package 'bumperbot_firmware' build argument 'ament_cmake_args' from command line to 'None'
[0.548s] Level 5:colcon.colcon_core.verb:set package 'bumperbot_firmware' build argument 'catkin_cmake_args' from command line to 'None'
[0.548s] Level 5:colcon.colcon_core.verb:set package 'bumperbot_firmware' build argument 'catkin_skip_building_tests' from command line to 'False'
[0.548s] DEBUG:colcon.colcon_core.verb:Building package 'bumperbot_firmware' with the following arguments: {'ament_cmake_args': None, 'build_base': '/home/shivam/bumperbot_ws/build/bumperbot_firmware', 'catkin_cmake_args': None, 'catkin_skip_building_tests': False, 'cmake_args': None, 'cmake_clean_cache': False, 'cmake_clean_first': False, 'cmake_force_configure': False, 'cmake_target': None, 'cmake_target_skip_unavailable': False, 'install_base': '/home/shivam/bumperbot_ws/install/bumperbot_firmware', 'merge_install': False, 'path': '/home/shivam/bumperbot_ws/src/bumperbot_firmware', 'symlink_install': False, 'test_result_base': None}
[0.548s] Level 5:colcon.colcon_core.verb:set package 'bumperbot_localization' build argument 'cmake_args' from command line to 'None'
[0.548s] Level 5:colcon.colcon_core.verb:set package 'bumperbot_localization' build argument 'cmake_target' from command line to 'None'
[0.548s] Level 5:colcon.colcon_core.verb:set package 'bumperbot_localization' build argument 'cmake_target_skip_unavailable' from command line to 'False'
[0.548s] Level 5:colcon.colcon_core.verb:set package 'bumperbot_localization' build argument 'cmake_clean_cache' from command line to 'False'
[0.548s] Level 5:colcon.colcon_core.verb:set package 'bumperbot_localization' build argument 'cmake_clean_first' from command line to 'False'
[0.548s] Level 5:colcon.colcon_core.verb:set package 'bumperbot_localization' build argument 'cmake_force_configure' from command line to 'False'
[0.548s] Level 5:colcon.colcon_core.verb:set package 'bumperbot_localization' build argument 'ament_cmake_args' from command line to 'None'
[0.548s] Level 5:colcon.colcon_core.verb:set package 'bumperbot_localization' build argument 'catkin_cmake_args' from command line to 'None'
[0.548s] Level 5:colcon.colcon_core.verb:set package 'bumperbot_localization' build argument 'catkin_skip_building_tests' from command line to 'False'
[0.548s] DEBUG:colcon.colcon_core.verb:Building package 'bumperbot_localization' with the following arguments: {'ament_cmake_args': None, 'build_base': '/home/shivam/bumperbot_ws/build/bumperbot_localization', 'catkin_cmake_args': None, 'catkin_skip_building_tests': False, 'cmake_args': None, 'cmake_clean_cache': False, 'cmake_clean_first': False, 'cmake_force_configure': False, 'cmake_target': None, 'cmake_target_skip_unavailable': False, 'install_base': '/home/shivam/bumperbot_ws/install/bumperbot_localization', 'merge_install': False, 'path': '/home/shivam/bumperbot_ws/src/bumperbot_localization', 'symlink_install': False, 'test_result_base': None}
[0.548s] Level 5:colcon.colcon_core.verb:set package 'bumperbot_msgs' build argument 'cmake_args' from command line to 'None'
[0.548s] Level 5:colcon.colcon_core.verb:set package 'bumperbot_msgs' build argument 'cmake_target' from command line to 'None'
[0.548s] Level 5:colcon.colcon_core.verb:set package 'bumperbot_msgs' build argument 'cmake_target_skip_unavailable' from command line to 'False'
[0.548s] Level 5:colcon.colcon_core.verb:set package 'bumperbot_msgs' build argument 'cmake_clean_cache' from command line to 'False'
[0.548s] Level 5:colcon.colcon_core.verb:set package 'bumperbot_msgs' build argument 'cmake_clean_first' from command line to 'False'
[0.548s] Level 5:colcon.colcon_core.verb:set package 'bumperbot_msgs' build argument 'cmake_force_configure' from command line to 'False'
[0.548s] Level 5:colcon.colcon_core.verb:set package 'bumperbot_msgs' build argument 'ament_cmake_args' from command line to 'None'
[0.548s] Level 5:colcon.colcon_core.verb:set package 'bumperbot_msgs' build argument 'catkin_cmake_args' from command line to 'None'
[0.548s] Level 5:colcon.colcon_core.verb:set package 'bumperbot_msgs' build argument 'catkin_skip_building_tests' from command line to 'False'
[0.549s] DEBUG:colcon.colcon_core.verb:Building package 'bumperbot_msgs' with the following arguments: {'ament_cmake_args': None, 'build_base': '/home/shivam/bumperbot_ws/build/bumperbot_msgs', 'catkin_cmake_args': None, 'catkin_skip_building_tests': False, 'cmake_args': None, 'cmake_clean_cache': False, 'cmake_clean_first': False, 'cmake_force_configure': False, 'cmake_target': None, 'cmake_target_skip_unavailable': False, 'install_base': '/home/shivam/bumperbot_ws/install/bumperbot_msgs', 'merge_install': False, 'path': '/home/shivam/bumperbot_ws/src/bumperbot_msgs', 'symlink_install': False, 'test_result_base': None}
[0.549s] Level 5:colcon.colcon_core.verb:set package 'bumperbot_cpp_examples' build argument 'cmake_args' from command line to 'None'
[0.549s] Level 5:colcon.colcon_core.verb:set package 'bumperbot_cpp_examples' build argument 'cmake_target' from command line to 'None'
[0.549s] Level 5:colcon.colcon_core.verb:set package 'bumperbot_cpp_examples' build argument 'cmake_target_skip_unavailable' from command line to 'False'
[0.549s] Level 5:colcon.colcon_core.verb:set package 'bumperbot_cpp_examples' build argument 'cmake_clean_cache' from command line to 'False'
[0.549s] Level 5:colcon.colcon_core.verb:set package 'bumperbot_cpp_examples' build argument 'cmake_clean_first' from command line to 'False'
[0.549s] Level 5:colcon.colcon_core.verb:set package 'bumperbot_cpp_examples' build argument 'cmake_force_configure' from command line to 'False'
[0.549s] Level 5:colcon.colcon_core.verb:set package 'bumperbot_cpp_examples' build argument 'ament_cmake_args' from command line to 'None'
[0.549s] Level 5:colcon.colcon_core.verb:set package 'bumperbot_cpp_examples' build argument 'catkin_cmake_args' from command line to 'None'
[0.549s] Level 5:colcon.colcon_core.verb:set package 'bumperbot_cpp_examples' build argument 'catkin_skip_building_tests' from command line to 'False'
[0.549s] DEBUG:colcon.colcon_core.verb:Building package 'bumperbot_cpp_examples' with the following arguments: {'ament_cmake_args': None, 'build_base': '/home/shivam/bumperbot_ws/build/bumperbot_cpp_examples', 'catkin_cmake_args': None, 'catkin_skip_building_tests': False, 'cmake_args': None, 'cmake_clean_cache': False, 'cmake_clean_first': False, 'cmake_force_configure': False, 'cmake_target': None, 'cmake_target_skip_unavailable': False, 'install_base': '/home/shivam/bumperbot_ws/install/bumperbot_cpp_examples', 'merge_install': False, 'path': '/home/shivam/bumperbot_ws/src/bumperbot_cpp_examples', 'symlink_install': False, 'test_result_base': None}
[0.549s] Level 5:colcon.colcon_core.verb:set package 'bumperbot_py_examples' build argument 'cmake_args' from command line to 'None'
[0.549s] Level 5:colcon.colcon_core.verb:set package 'bumperbot_py_examples' build argument 'cmake_target' from command line to 'None'
[0.549s] Level 5:colcon.colcon_core.verb:set package 'bumperbot_py_examples' build argument 'cmake_target_skip_unavailable' from command line to 'False'
[0.549s] Level 5:colcon.colcon_core.verb:set package 'bumperbot_py_examples' build argument 'cmake_clean_cache' from command line to 'False'
[0.549s] Level 5:colcon.colcon_core.verb:set package 'bumperbot_py_examples' build argument 'cmake_clean_first' from command line to 'False'
[0.549s] Level 5:colcon.colcon_core.verb:set package 'bumperbot_py_examples' build argument 'cmake_force_configure' from command line to 'False'
[0.549s] Level 5:colcon.colcon_core.verb:set package 'bumperbot_py_examples' build argument 'ament_cmake_args' from command line to 'None'
[0.549s] Level 5:colcon.colcon_core.verb:set package 'bumperbot_py_examples' build argument 'catkin_cmake_args' from command line to 'None'
[0.549s] Level 5:colcon.colcon_core.verb:set package 'bumperbot_py_examples' build argument 'catkin_skip_building_tests' from command line to 'False'
[0.549s] DEBUG:colcon.colcon_core.verb:Building package 'bumperbot_py_examples' with the following arguments: {'ament_cmake_args': None, 'build_base': '/home/shivam/bumperbot_ws/build/bumperbot_py_examples', 'catkin_cmake_args': None, 'catkin_skip_building_tests': False, 'cmake_args': None, 'cmake_clean_cache': False, 'cmake_clean_first': False, 'cmake_force_configure': False, 'cmake_target': None, 'cmake_target_skip_unavailable': False, 'install_base': '/home/shivam/bumperbot_ws/install/bumperbot_py_examples', 'merge_install': False, 'path': '/home/shivam/bumperbot_ws/src/bumperbot_py_examples', 'symlink_install': False, 'test_result_base': None}
[0.549s] INFO:colcon.colcon_core.executor:Executing jobs using 'parallel' executor
[0.550s] DEBUG:colcon.colcon_parallel_executor.executor.parallel:run_until_complete
[0.550s] INFO:colcon.colcon_ros.task.ament_cmake.build:Building ROS package in '/home/shivam/bumperbot_ws/src/bumperbot_msgs' with build type 'ament_cmake'
[0.550s] INFO:colcon.colcon_cmake.task.cmake.build:Building CMake package in '/home/shivam/bumperbot_ws/src/bumperbot_msgs'
[0.554s] INFO:colcon.colcon_core.plugin_system:Skipping extension 'colcon_core.shell.bat': Not used on non-Windows systems
[0.554s] INFO:colcon.colcon_core.shell:Skip shell extension 'powershell' for command environment: Not usable outside of PowerShell
[0.554s] DEBUG:colcon.colcon_core.shell:Skip shell extension 'dsv' for command environment
[0.556s] INFO:colcon.colcon_ros.task.ament_cmake.build:Building ROS package in '/home/shivam/bumperbot_ws/src/bumperbot_bringup' with build type 'ament_cmake'
[0.556s] INFO:colcon.colcon_cmake.task.cmake.build:Building CMake package in '/home/shivam/bumperbot_ws/src/bumperbot_bringup'
[0.556s] INFO:colcon.colcon_core.shell:Skip shell extension 'powershell' for command environment: Not usable outside of PowerShell
[0.556s] DEBUG:colcon.colcon_core.shell:Skip shell extension 'dsv' for command environment
[0.559s] INFO:colcon.colcon_ros.task.ament_cmake.build:Building ROS package in '/home/shivam/bumperbot_ws/src/bumperbot_controller' with build type 'ament_cmake'
[0.559s] INFO:colcon.colcon_cmake.task.cmake.build:Building CMake package in '/home/shivam/bumperbot_ws/src/bumperbot_controller'
[0.559s] INFO:colcon.colcon_core.shell:Skip shell extension 'powershell' for command environment: Not usable outside of PowerShell
[0.559s] DEBUG:colcon.colcon_core.shell:Skip shell extension 'dsv' for command environment
[0.561s] INFO:colcon.colcon_ros.task.ament_cmake.build:Building ROS package in '/home/shivam/bumperbot_ws/src/bumperbot_description' with build type 'ament_cmake'
[0.561s] INFO:colcon.colcon_cmake.task.cmake.build:Building CMake package in '/home/shivam/bumperbot_ws/src/bumperbot_description'
[0.561s] INFO:colcon.colcon_core.shell:Skip shell extension 'powershell' for command environment: Not usable outside of PowerShell
[0.561s] DEBUG:colcon.colcon_core.shell:Skip shell extension 'dsv' for command environment
[0.563s] INFO:colcon.colcon_ros.task.ament_cmake.build:Building ROS package in '/home/shivam/bumperbot_ws/src/bumperbot_firmware' with build type 'ament_cmake'
[0.563s] INFO:colcon.colcon_cmake.task.cmake.build:Building CMake package in '/home/shivam/bumperbot_ws/src/bumperbot_firmware'
[0.564s] INFO:colcon.colcon_core.shell:Skip shell extension 'powershell' for command environment: Not usable outside of PowerShell
[0.564s] DEBUG:colcon.colcon_core.shell:Skip shell extension 'dsv' for command environment
[0.566s] INFO:colcon.colcon_ros.task.ament_cmake.build:Building ROS package in '/home/shivam/bumperbot_ws/src/bumperbot_localization' with build type 'ament_cmake'
[0.566s] INFO:colcon.colcon_cmake.task.cmake.build:Building CMake package in '/home/shivam/bumperbot_ws/src/bumperbot_localization'
[0.566s] INFO:colcon.colcon_core.shell:Skip shell extension 'powershell' for command environment: Not usable outside of PowerShell
[0.566s] DEBUG:colcon.colcon_core.shell:Skip shell extension 'dsv' for command environment
[0.570s] DEBUG:colcon.colcon_core.event_handler.log_command:Invoking command in '/home/shivam/bumperbot_ws/build/bumperbot_msgs': CMAKE_PREFIX_PATH=/opt/ros/humble /usr/bin/cmake /home/shivam/bumperbot_ws/src/bumperbot_msgs -DCMAKE_INSTALL_PREFIX=/home/shivam/bumperbot_ws/install/bumperbot_msgs
[0.573s] DEBUG:colcon.colcon_core.event_handler.log_command:Invoking command in '/home/shivam/bumperbot_ws/build/bumperbot_bringup': CMAKE_PREFIX_PATH=/opt/ros/humble /usr/bin/cmake /home/shivam/bumperbot_ws/src/bumperbot_bringup -DCMAKE_INSTALL_PREFIX=/home/shivam/bumperbot_ws/install/bumperbot_bringup
[0.575s] DEBUG:colcon.colcon_core.event_handler.log_command:Invoking command in '/home/shivam/bumperbot_ws/build/bumperbot_controller': CMAKE_PREFIX_PATH=/opt/ros/humble /usr/bin/cmake /home/shivam/bumperbot_ws/src/bumperbot_controller -DCMAKE_INSTALL_PREFIX=/home/shivam/bumperbot_ws/install/bumperbot_controller
[0.581s] DEBUG:colcon.colcon_core.event_handler.log_command:Invoking command in '/home/shivam/bumperbot_ws/build/bumperbot_description': CMAKE_PREFIX_PATH=/opt/ros/humble /usr/bin/cmake /home/shivam/bumperbot_ws/src/bumperbot_description -DCMAKE_INSTALL_PREFIX=/home/shivam/bumperbot_ws/install/bumperbot_description
[0.584s] DEBUG:colcon.colcon_core.event_handler.log_command:Invoking command in '/home/shivam/bumperbot_ws/build/bumperbot_firmware': CMAKE_PREFIX_PATH=/opt/ros/humble /usr/bin/cmake /home/shivam/bumperbot_ws/src/bumperbot_firmware -DCMAKE_INSTALL_PREFIX=/home/shivam/bumperbot_ws/install/bumperbot_firmware
[0.587s] DEBUG:colcon.colcon_core.event_handler.log_command:Invoking command in '/home/shivam/bumperbot_ws/build/bumperbot_localization': CMAKE_PREFIX_PATH=/opt/ros/humble /usr/bin/cmake /home/shivam/bumperbot_ws/src/bumperbot_localization -DCMAKE_INSTALL_PREFIX=/home/shivam/bumperbot_ws/install/bumperbot_localization
[2.098s] DEBUG:colcon.colcon_core.event_handler.log_command:Invoked command in '/home/shivam/bumperbot_ws/build/bumperbot_bringup' returned '0': CMAKE_PREFIX_PATH=/opt/ros/humble /usr/bin/cmake /home/shivam/bumperbot_ws/src/bumperbot_bringup -DCMAKE_INSTALL_PREFIX=/home/shivam/bumperbot_ws/install/bumperbot_bringup
[2.101s] DEBUG:colcon.colcon_core.event_handler.log_command:Invoking command in '/home/shivam/bumperbot_ws/build/bumperbot_bringup': CMAKE_PREFIX_PATH=/opt/ros/humble /usr/bin/cmake --build /home/shivam/bumperbot_ws/build/bumperbot_bringup -- -j12 -l12
[2.127s] DEBUG:colcon.colcon_core.event_handler.log_command:Invoked command in '/home/shivam/bumperbot_ws/build/bumperbot_bringup' returned '0': CMAKE_PREFIX_PATH=/opt/ros/humble /usr/bin/cmake --build /home/shivam/bumperbot_ws/build/bumperbot_bringup -- -j12 -l12
[2.150s] DEBUG:colcon.colcon_core.event_handler.log_command:Invoking command in '/home/shivam/bumperbot_ws/build/bumperbot_bringup': CMAKE_PREFIX_PATH=/opt/ros/humble /usr/bin/cmake --install /home/shivam/bumperbot_ws/build/bumperbot_bringup
[2.162s] Level 1:colcon.colcon_core.environment:create_environment_scripts_only(bumperbot_bringup)
[2.163s] DEBUG:colcon.colcon_core.event_handler.log_command:Invoked command in '/home/shivam/bumperbot_ws/build/bumperbot_bringup' returned '0': CMAKE_PREFIX_PATH=/opt/ros/humble /usr/bin/cmake --install /home/shivam/bumperbot_ws/build/bumperbot_bringup
[2.169s] Level 1:colcon.colcon_core.environment:checking '/home/shivam/bumperbot_ws/install/bumperbot_bringup' for CMake module files
[2.170s] Level 1:colcon.colcon_core.environment:checking '/home/shivam/bumperbot_ws/install/bumperbot_bringup' for CMake config files
[2.170s] Level 1:colcon.colcon_core.shell:create_environment_hook('bumperbot_bringup', 'cmake_prefix_path')
[2.170s] INFO:colcon.colcon_core.shell:Creating environment hook '/home/shivam/bumperbot_ws/install/bumperbot_bringup/share/bumperbot_bringup/hook/cmake_prefix_path.ps1'
[2.171s] INFO:colcon.colcon_core.shell:Creating environment descriptor '/home/shivam/bumperbot_ws/install/bumperbot_bringup/share/bumperbot_bringup/hook/cmake_prefix_path.dsv'
[2.172s] INFO:colcon.colcon_core.shell:Creating environment hook '/home/shivam/bumperbot_ws/install/bumperbot_bringup/share/bumperbot_bringup/hook/cmake_prefix_path.sh'
[2.173s] Level 1:colcon.colcon_core.environment:checking '/home/shivam/bumperbot_ws/install/bumperbot_bringup/bin'
[2.173s] Level 1:colcon.colcon_core.environment:checking '/home/shivam/bumperbot_ws/install/bumperbot_bringup/lib/pkgconfig/bumperbot_bringup.pc'
[2.173s] Level 1:colcon.colcon_core.environment:checking '/home/shivam/bumperbot_ws/install/bumperbot_bringup/lib/python3.10/site-packages'
[2.173s] Level 1:colcon.colcon_core.environment:checking '/home/shivam/bumperbot_ws/install/bumperbot_bringup/bin'
[2.174s] INFO:colcon.colcon_core.shell:Creating package script '/home/shivam/bumperbot_ws/install/bumperbot_bringup/share/bumperbot_bringup/package.ps1'
[2.175s] INFO:colcon.colcon_core.shell:Creating package descriptor '/home/shivam/bumperbot_ws/install/bumperbot_bringup/share/bumperbot_bringup/package.dsv'
[2.176s] INFO:colcon.colcon_core.shell:Creating package script '/home/shivam/bumperbot_ws/install/bumperbot_bringup/share/bumperbot_bringup/package.sh'
[2.177s] INFO:colcon.colcon_core.shell:Creating package script '/home/shivam/bumperbot_ws/install/bumperbot_bringup/share/bumperbot_bringup/package.bash'
[2.178s] INFO:colcon.colcon_core.shell:Creating package script '/home/shivam/bumperbot_ws/install/bumperbot_bringup/share/bumperbot_bringup/package.zsh'
[2.179s] Level 1:colcon.colcon_core.environment:create_file_with_runtime_dependencies(/home/shivam/bumperbot_ws/install/bumperbot_bringup/share/colcon-core/packages/bumperbot_bringup)
[2.197s] Level 1:colcon.colcon_core.environment:create_environment_scripts_only(bumperbot_bringup)
[2.197s] Level 1:colcon.colcon_core.environment:checking '/home/shivam/bumperbot_ws/install/bumperbot_bringup' for CMake module files
[2.198s] Level 1:colcon.colcon_core.environment:checking '/home/shivam/bumperbot_ws/install/bumperbot_bringup' for CMake config files
[2.198s] Level 1:colcon.colcon_core.shell:create_environment_hook('bumperbot_bringup', 'cmake_prefix_path')
[2.199s] INFO:colcon.colcon_core.shell:Creating environment hook '/home/shivam/bumperbot_ws/install/bumperbot_bringup/share/bumperbot_bringup/hook/cmake_prefix_path.ps1'
[2.200s] INFO:colcon.colcon_core.shell:Creating environment descriptor '/home/shivam/bumperbot_ws/install/bumperbot_bringup/share/bumperbot_bringup/hook/cmake_prefix_path.dsv'
[2.200s] INFO:colcon.colcon_core.shell:Creating environment hook '/home/shivam/bumperbot_ws/install/bumperbot_bringup/share/bumperbot_bringup/hook/cmake_prefix_path.sh'
[2.201s] Level 1:colcon.colcon_core.environment:checking '/home/shivam/bumperbot_ws/install/bumperbot_bringup/bin'
[2.201s] Level 1:colcon.colcon_core.environment:checking '/home/shivam/bumperbot_ws/install/bumperbot_bringup/lib/pkgconfig/bumperbot_bringup.pc'
[2.201s] Level 1:colcon.colcon_core.environment:checking '/home/shivam/bumperbot_ws/install/bumperbot_bringup/lib/python3.10/site-packages'
[2.202s] Level 1:colcon.colcon_core.environment:checking '/home/shivam/bumperbot_ws/install/bumperbot_bringup/bin'
[2.202s] INFO:colcon.colcon_core.shell:Creating package script '/home/shivam/bumperbot_ws/install/bumperbot_bringup/share/bumperbot_bringup/package.ps1'
[2.203s] INFO:colcon.colcon_core.shell:Creating package descriptor '/home/shivam/bumperbot_ws/install/bumperbot_bringup/share/bumperbot_bringup/package.dsv'
[2.204s] INFO:colcon.colcon_core.shell:Creating package script '/home/shivam/bumperbot_ws/install/bumperbot_bringup/share/bumperbot_bringup/package.sh'
[2.204s] INFO:colcon.colcon_core.shell:Creating package script '/home/shivam/bumperbot_ws/install/bumperbot_bringup/share/bumperbot_bringup/package.bash'
[2.205s] INFO:colcon.colcon_core.shell:Creating package script '/home/shivam/bumperbot_ws/install/bumperbot_bringup/share/bumperbot_bringup/package.zsh'
[2.205s] Level 1:colcon.colcon_core.environment:create_file_with_runtime_dependencies(/home/shivam/bumperbot_ws/install/bumperbot_bringup/share/colcon-core/packages/bumperbot_bringup)
[3.076s] DEBUG:colcon.colcon_core.event_handler.log_command:Invoked command in '/home/shivam/bumperbot_ws/build/bumperbot_description' returned '0': CMAKE_PREFIX_PATH=/opt/ros/humble /usr/bin/cmake /home/shivam/bumperbot_ws/src/bumperbot_description -DCMAKE_INSTALL_PREFIX=/home/shivam/bumperbot_ws/install/bumperbot_description
[3.077s] DEBUG:colcon.colcon_core.event_handler.log_command:Invoking command in '/home/shivam/bumperbot_ws/build/bumperbot_description': CMAKE_PREFIX_PATH=/opt/ros/humble /usr/bin/cmake --build /home/shivam/bumperbot_ws/build/bumperbot_description -- -j12 -l12
[3.100s] DEBUG:colcon.colcon_core.event_handler.log_command:Invoked command in '/home/shivam/bumperbot_ws/build/bumperbot_description' returned '0': CMAKE_PREFIX_PATH=/opt/ros/humble /usr/bin/cmake --build /home/shivam/bumperbot_ws/build/bumperbot_description -- -j12 -l12
[3.114s] DEBUG:colcon.colcon_core.event_handler.log_command:Invoking command in '/home/shivam/bumperbot_ws/build/bumperbot_description': CMAKE_PREFIX_PATH=/opt/ros/humble /usr/bin/cmake --install /home/shivam/bumperbot_ws/build/bumperbot_description
[3.154s] Level 1:colcon.colcon_core.environment:create_environment_scripts_only(bumperbot_description)
[3.154s] Level 1:colcon.colcon_core.environment:checking '/home/shivam/bumperbot_ws/install/bumperbot_description' for CMake module files
[3.155s] DEBUG:colcon.colcon_core.event_handler.log_command:Invoked command in '/home/shivam/bumperbot_ws/build/bumperbot_description' returned '0': CMAKE_PREFIX_PATH=/opt/ros/humble /usr/bin/cmake --install /home/shivam/bumperbot_ws/build/bumperbot_description
[3.155s] Level 1:colcon.colcon_core.environment:checking '/home/shivam/bumperbot_ws/install/bumperbot_description' for CMake config files
[3.155s] Level 1:colcon.colcon_core.shell:create_environment_hook('bumperbot_description', 'cmake_prefix_path')
[3.155s] INFO:colcon.colcon_core.shell:Creating environment hook '/home/shivam/bumperbot_ws/install/bumperbot_description/share/bumperbot_description/hook/cmake_prefix_path.ps1'
[3.156s] INFO:colcon.colcon_core.shell:Creating environment descriptor '/home/shivam/bumperbot_ws/install/bumperbot_description/share/bumperbot_description/hook/cmake_prefix_path.dsv'
[3.156s] INFO:colcon.colcon_core.shell:Creating environment hook '/home/shivam/bumperbot_ws/install/bumperbot_description/share/bumperbot_description/hook/cmake_prefix_path.sh'
[3.156s] Level 1:colcon.colcon_core.environment:checking '/home/shivam/bumperbot_ws/install/bumperbot_description/bin'
[3.156s] Level 1:colcon.colcon_core.environment:checking '/home/shivam/bumperbot_ws/install/bumperbot_description/lib/pkgconfig/bumperbot_description.pc'
[3.156s] Level 1:colcon.colcon_core.environment:checking '/home/shivam/bumperbot_ws/install/bumperbot_description/lib/python3.10/site-packages'
[3.156s] Level 1:colcon.colcon_core.environment:checking '/home/shivam/bumperbot_ws/install/bumperbot_description/bin'
[3.157s] INFO:colcon.colcon_core.shell:Creating package script '/home/shivam/bumperbot_ws/install/bumperbot_description/share/bumperbot_description/package.ps1'
[3.157s] INFO:colcon.colcon_core.shell:Creating package descriptor '/home/shivam/bumperbot_ws/install/bumperbot_description/share/bumperbot_description/package.dsv'
[3.157s] INFO:colcon.colcon_core.shell:Creating package script '/home/shivam/bumperbot_ws/install/bumperbot_description/share/bumperbot_description/package.sh'
[3.157s] INFO:colcon.colcon_core.shell:Creating package script '/home/shivam/bumperbot_ws/install/bumperbot_description/share/bumperbot_description/package.bash'
[3.158s] INFO:colcon.colcon_core.shell:Creating package script '/home/shivam/bumperbot_ws/install/bumperbot_description/share/bumperbot_description/package.zsh'
[3.158s] Level 1:colcon.colcon_core.environment:create_file_with_runtime_dependencies(/home/shivam/bumperbot_ws/install/bumperbot_description/share/colcon-core/packages/bumperbot_description)
[3.173s] Level 1:colcon.colcon_core.environment:create_environment_scripts_only(bumperbot_description)
[3.173s] Level 1:colcon.colcon_core.environment:checking '/home/shivam/bumperbot_ws/install/bumperbot_description' for CMake module files
[3.174s] Level 1:colcon.colcon_core.environment:checking '/home/shivam/bumperbot_ws/install/bumperbot_description' for CMake config files
[3.174s] Level 1:colcon.colcon_core.shell:create_environment_hook('bumperbot_description', 'cmake_prefix_path')
[3.174s] INFO:colcon.colcon_core.shell:Creating environment hook '/home/shivam/bumperbot_ws/install/bumperbot_description/share/bumperbot_description/hook/cmake_prefix_path.ps1'
[3.175s] INFO:colcon.colcon_core.shell:Creating environment descriptor '/home/shivam/bumperbot_ws/install/bumperbot_description/share/bumperbot_description/hook/cmake_prefix_path.dsv'
[3.175s] INFO:colcon.colcon_core.shell:Creating environment hook '/home/shivam/bumperbot_ws/install/bumperbot_description/share/bumperbot_description/hook/cmake_prefix_path.sh'
[3.175s] Level 1:colcon.colcon_core.environment:checking '/home/shivam/bumperbot_ws/install/bumperbot_description/bin'
[3.175s] Level 1:colcon.colcon_core.environment:checking '/home/shivam/bumperbot_ws/install/bumperbot_description/lib/pkgconfig/bumperbot_description.pc'
[3.176s] Level 1:colcon.colcon_core.environment:checking '/home/shivam/bumperbot_ws/install/bumperbot_description/lib/python3.10/site-packages'
[3.176s] Level 1:colcon.colcon_core.environment:checking '/home/shivam/bumperbot_ws/install/bumperbot_description/bin'
[3.176s] INFO:colcon.colcon_core.shell:Creating package script '/home/shivam/bumperbot_ws/install/bumperbot_description/share/bumperbot_description/package.ps1'
[3.176s] INFO:colcon.colcon_core.shell:Creating package descriptor '/home/shivam/bumperbot_ws/install/bumperbot_description/share/bumperbot_description/package.dsv'
[3.176s] INFO:colcon.colcon_core.shell:Creating package script '/home/shivam/bumperbot_ws/install/bumperbot_description/share/bumperbot_description/package.sh'
[3.177s] INFO:colcon.colcon_core.shell:Creating package script '/home/shivam/bumperbot_ws/install/bumperbot_description/share/bumperbot_description/package.bash'
[3.177s] INFO:colcon.colcon_core.shell:Creating package script '/home/shivam/bumperbot_ws/install/bumperbot_description/share/bumperbot_description/package.zsh'
[3.177s] Level 1:colcon.colcon_core.environment:create_file_with_runtime_dependencies(/home/shivam/bumperbot_ws/install/bumperbot_description/share/colcon-core/packages/bumperbot_description)
[3.617s] DEBUG:colcon.colcon_core.event_handler.log_command:Invoked command in '/home/shivam/bumperbot_ws/build/bumperbot_msgs' returned '0': CMAKE_PREFIX_PATH=/opt/ros/humble /usr/bin/cmake /home/shivam/bumperbot_ws/src/bumperbot_msgs -DCMAKE_INSTALL_PREFIX=/home/shivam/bumperbot_ws/install/bumperbot_msgs
[3.619s] DEBUG:colcon.colcon_core.event_handler.log_command:Invoking command in '/home/shivam/bumperbot_ws/build/bumperbot_msgs': CMAKE_PREFIX_PATH=/opt/ros/humble /usr/bin/cmake --build /home/shivam/bumperbot_ws/build/bumperbot_msgs -- -j12 -l12
[5.848s] DEBUG:colcon.colcon_core.event_handler.log_command:Invoked command in '/home/shivam/bumperbot_ws/build/bumperbot_msgs' returned '0': CMAKE_PREFIX_PATH=/opt/ros/humble /usr/bin/cmake --build /home/shivam/bumperbot_ws/build/bumperbot_msgs -- -j12 -l12
[5.902s] DEBUG:colcon.colcon_core.event_handler.log_command:Invoking command in '/home/shivam/bumperbot_ws/build/bumperbot_msgs': CMAKE_PREFIX_PATH=/opt/ros/humble /usr/bin/cmake --install /home/shivam/bumperbot_ws/build/bumperbot_msgs
[5.956s] Level 1:colcon.colcon_core.environment:create_environment_scripts_only(bumperbot_msgs)
[5.956s] DEBUG:colcon.colcon_core.event_handler.log_command:Invoked command in '/home/shivam/bumperbot_ws/build/bumperbot_msgs' returned '0': CMAKE_PREFIX_PATH=/opt/ros/humble /usr/bin/cmake --install /home/shivam/bumperbot_ws/build/bumperbot_msgs
[5.956s] Level 1:colcon.colcon_core.environment:checking '/home/shivam/bumperbot_ws/install/bumperbot_msgs' for CMake module files
[5.957s] Level 1:colcon.colcon_core.environment:checking '/home/shivam/bumperbot_ws/install/bumperbot_msgs' for CMake config files
[5.957s] Level 1:colcon.colcon_core.shell:create_environment_hook('bumperbot_msgs', 'cmake_prefix_path')
[5.957s] INFO:colcon.colcon_core.shell:Creating environment hook '/home/shivam/bumperbot_ws/install/bumperbot_msgs/share/bumperbot_msgs/hook/cmake_prefix_path.ps1'
[5.958s] INFO:colcon.colcon_core.shell:Creating environment descriptor '/home/shivam/bumperbot_ws/install/bumperbot_msgs/share/bumperbot_msgs/hook/cmake_prefix_path.dsv'
[5.958s] INFO:colcon.colcon_core.shell:Creating environment hook '/home/shivam/bumperbot_ws/install/bumperbot_msgs/share/bumperbot_msgs/hook/cmake_prefix_path.sh'
[5.958s] Level 1:colcon.colcon_core.environment:checking '/home/shivam/bumperbot_ws/install/bumperbot_msgs/lib'
[5.958s] Level 1:colcon.colcon_core.shell:create_environment_hook('bumperbot_msgs', 'ld_library_path_lib')
[5.959s] INFO:colcon.colcon_core.shell:Creating environment hook '/home/shivam/bumperbot_ws/install/bumperbot_msgs/share/bumperbot_msgs/hook/ld_library_path_lib.ps1'
[5.959s] INFO:colcon.colcon_core.shell:Creating environment descriptor '/home/shivam/bumperbot_ws/install/bumperbot_msgs/share/bumperbot_msgs/hook/ld_library_path_lib.dsv'
[5.959s] INFO:colcon.colcon_core.shell:Creating environment hook '/home/shivam/bumperbot_ws/install/bumperbot_msgs/share/bumperbot_msgs/hook/ld_library_path_lib.sh'
[5.959s] Level 1:colcon.colcon_core.environment:checking '/home/shivam/bumperbot_ws/install/bumperbot_msgs/bin'
[5.959s] Level 1:colcon.colcon_core.environment:checking '/home/shivam/bumperbot_ws/install/bumperbot_msgs/lib/pkgconfig/bumperbot_msgs.pc'
[5.959s] Level 1:colcon.colcon_core.environment:checking '/home/shivam/bumperbot_ws/install/bumperbot_msgs/lib/python3.10/site-packages'
[5.959s] Level 1:colcon.colcon_core.environment:checking '/home/shivam/bumperbot_ws/install/bumperbot_msgs/bin'
[5.960s] INFO:colcon.colcon_core.shell:Creating package script '/home/shivam/bumperbot_ws/install/bumperbot_msgs/share/bumperbot_msgs/package.ps1'
[5.960s] INFO:colcon.colcon_core.shell:Creating package descriptor '/home/shivam/bumperbot_ws/install/bumperbot_msgs/share/bumperbot_msgs/package.dsv'
[5.960s] INFO:colcon.colcon_core.shell:Creating package script '/home/shivam/bumperbot_ws/install/bumperbot_msgs/share/bumperbot_msgs/package.sh'
[5.960s] INFO:colcon.colcon_core.shell:Creating package script '/home/shivam/bumperbot_ws/install/bumperbot_msgs/share/bumperbot_msgs/package.bash'
[5.961s] INFO:colcon.colcon_core.shell:Creating package script '/home/shivam/bumperbot_ws/install/bumperbot_msgs/share/bumperbot_msgs/package.zsh'
[5.961s] Level 1:colcon.colcon_core.environment:create_file_with_runtime_dependencies(/home/shivam/bumperbot_ws/install/bumperbot_msgs/share/colcon-core/packages/bumperbot_msgs)
[6.012s] Level 1:colcon.colcon_core.environment:create_environment_scripts_only(bumperbot_msgs)
[6.012s] Level 1:colcon.colcon_core.environment:checking '/home/shivam/bumperbot_ws/install/bumperbot_msgs' for CMake module files
[6.013s] Level 1:colcon.colcon_core.environment:checking '/home/shivam/bumperbot_ws/install/bumperbot_msgs' for CMake config files
[6.013s] Level 1:colcon.colcon_core.shell:create_environment_hook('bumperbot_msgs', 'cmake_prefix_path')
[6.014s] INFO:colcon.colcon_core.shell:Creating environment hook '/home/shivam/bumperbot_ws/install/bumperbot_msgs/share/bumperbot_msgs/hook/cmake_prefix_path.ps1'
[6.014s] INFO:colcon.colcon_core.shell:Creating environment descriptor '/home/shivam/bumperbot_ws/install/bumperbot_msgs/share/bumperbot_msgs/hook/cmake_prefix_path.dsv'
[6.014s] INFO:colcon.colcon_core.shell:Creating environment hook '/home/shivam/bumperbot_ws/install/bumperbot_msgs/share/bumperbot_msgs/hook/cmake_prefix_path.sh'
[6.015s] Level 1:colcon.colcon_core.environment:checking '/home/shivam/bumperbot_ws/install/bumperbot_msgs/lib'
[6.015s] Level 1:colcon.colcon_core.shell:create_environment_hook('bumperbot_msgs', 'ld_library_path_lib')
[6.015s] INFO:colcon.colcon_core.shell:Creating environment hook '/home/shivam/bumperbot_ws/install/bumperbot_msgs/share/bumperbot_msgs/hook/ld_library_path_lib.ps1'
[6.015s] INFO:colcon.colcon_core.shell:Creating environment descriptor '/home/shivam/bumperbot_ws/install/bumperbot_msgs/share/bumperbot_msgs/hook/ld_library_path_lib.dsv'
[6.015s] INFO:colcon.colcon_core.shell:Creating environment hook '/home/shivam/bumperbot_ws/install/bumperbot_msgs/share/bumperbot_msgs/hook/ld_library_path_lib.sh'
[6.015s] Level 1:colcon.colcon_core.environment:checking '/home/shivam/bumperbot_ws/install/bumperbot_msgs/bin'
[6.015s] Level 1:colcon.colcon_core.environment:checking '/home/shivam/bumperbot_ws/install/bumperbot_msgs/lib/pkgconfig/bumperbot_msgs.pc'
[6.016s] Level 1:colcon.colcon_core.environment:checking '/home/shivam/bumperbot_ws/install/bumperbot_msgs/lib/python3.10/site-packages'
[6.016s] Level 1:colcon.colcon_core.environment:checking '/home/shivam/bumperbot_ws/install/bumperbot_msgs/bin'
[6.016s] INFO:colcon.colcon_core.shell:Creating package script '/home/shivam/bumperbot_ws/install/bumperbot_msgs/share/bumperbot_msgs/package.ps1'
[6.017s] INFO:colcon.colcon_core.shell:Creating package descriptor '/home/shivam/bumperbot_ws/install/bumperbot_msgs/share/bumperbot_msgs/package.dsv'
[6.017s] INFO:colcon.colcon_core.shell:Creating package script '/home/shivam/bumperbot_ws/install/bumperbot_msgs/share/bumperbot_msgs/package.sh'
[6.017s] INFO:colcon.colcon_core.shell:Creating package script '/home/shivam/bumperbot_ws/install/bumperbot_msgs/share/bumperbot_msgs/package.bash'
[6.018s] INFO:colcon.colcon_core.shell:Creating package script '/home/shivam/bumperbot_ws/install/bumperbot_msgs/share/bumperbot_msgs/package.zsh'
[6.018s] Level 1:colcon.colcon_core.environment:create_file_with_runtime_dependencies(/home/shivam/bumperbot_ws/install/bumperbot_msgs/share/colcon-core/packages/bumperbot_msgs)
[6.018s] INFO:colcon.colcon_ros.task.ament_cmake.build:Building ROS package in '/home/shivam/bumperbot_ws/src/bumperbot_cpp_examples' with build type 'ament_cmake'
[6.018s] INFO:colcon.colcon_cmake.task.cmake.build:Building CMake package in '/home/shivam/bumperbot_ws/src/bumperbot_cpp_examples'
[6.018s] INFO:colcon.colcon_core.shell:Skip shell extension 'powershell' for command environment: Not usable outside of PowerShell
[6.018s] DEBUG:colcon.colcon_core.shell:Skip shell extension 'dsv' for command environment
[6.022s] INFO:colcon.colcon_ros.task.ament_python.build:Building ROS package in '/home/shivam/bumperbot_ws/src/bumperbot_py_examples' with build type 'ament_python'
[6.022s] Level 1:colcon.colcon_core.shell:create_environment_hook('bumperbot_py_examples', 'ament_prefix_path')
[6.022s] INFO:colcon.colcon_core.shell:Creating environment hook '/home/shivam/bumperbot_ws/install/bumperbot_py_examples/share/bumperbot_py_examples/hook/ament_prefix_path.ps1'
[6.023s] INFO:colcon.colcon_core.shell:Creating environment descriptor '/home/shivam/bumperbot_ws/install/bumperbot_py_examples/share/bumperbot_py_examples/hook/ament_prefix_path.dsv'
[6.023s] INFO:colcon.colcon_core.shell:Creating environment hook '/home/shivam/bumperbot_ws/install/bumperbot_py_examples/share/bumperbot_py_examples/hook/ament_prefix_path.sh'
[6.024s] INFO:colcon.colcon_core.shell:Skip shell extension 'powershell' for command environment: Not usable outside of PowerShell
[6.024s] DEBUG:colcon.colcon_core.shell:Skip shell extension 'dsv' for command environment
[6.250s] INFO:colcon.colcon_core.task.python.build:Building Python package in '/home/shivam/bumperbot_ws/src/bumperbot_py_examples'
[6.251s] INFO:colcon.colcon_core.shell:Skip shell extension 'powershell' for command environment: Not usable outside of PowerShell
[6.251s] DEBUG:colcon.colcon_core.shell:Skip shell extension 'dsv' for command environment
[6.256s] DEBUG:colcon.colcon_core.event_handler.log_command:Invoking command in '/home/shivam/bumperbot_ws/build/bumperbot_cpp_examples': AMENT_PREFIX_PATH=/home/shivam/bumperbot_ws/install/bumperbot_msgs:${AMENT_PREFIX_PATH} CMAKE_PREFIX_PATH=/home/shivam/bumperbot_ws/install/bumperbot_msgs:/opt/ros/humble LD_LIBRARY_PATH=/home/shivam/bumperbot_ws/install/bumperbot_msgs/lib:${LD_LIBRARY_PATH} PYTHONPATH=/home/shivam/bumperbot_ws/install/bumperbot_msgs/local/lib/python3.10/dist-packages:${PYTHONPATH} /usr/bin/cmake /home/shivam/bumperbot_ws/src/bumperbot_cpp_examples -DCMAKE_INSTALL_PREFIX=/home/shivam/bumperbot_ws/install/bumperbot_cpp_examples
[6.748s] DEBUG:colcon.colcon_core.event_handler.log_command:Invoking command in '/home/shivam/bumperbot_ws/src/bumperbot_py_examples': AMENT_PREFIX_PATH=/home/shivam/bumperbot_ws/install/bumperbot_msgs:${AMENT_PREFIX_PATH} CMAKE_PREFIX_PATH=/home/shivam/bumperbot_ws/install/bumperbot_msgs LD_LIBRARY_PATH=/home/shivam/bumperbot_ws/install/bumperbot_msgs/lib:${LD_LIBRARY_PATH} PYTHONPATH=/home/shivam/bumperbot_ws/build/bumperbot_py_examples/prefix_override:/home/shivam/bumperbot_ws/install/bumperbot_py_examples/lib/python3.10/site-packages:/home/shivam/bumperbot_ws/install/bumperbot_msgs/local/lib/python3.10/dist-packages:${PYTHONPATH} /usr/bin/python3 -W ignore:setup.py install is deprecated setup.py egg_info --egg-base ../../build/bumperbot_py_examples build --build-base /home/shivam/bumperbot_ws/build/bumperbot_py_examples/build install --record /home/shivam/bumperbot_ws/build/bumperbot_py_examples/install.log --single-version-externally-managed install_data
[6.985s] Level 1:colcon.colcon_core.environment:checking '/home/shivam/bumperbot_ws/install/bumperbot_py_examples' for CMake module files
[6.985s] DEBUG:colcon.colcon_core.event_handler.log_command:Invoked command in '/home/shivam/bumperbot_ws/src/bumperbot_py_examples' returned '0': AMENT_PREFIX_PATH=/home/shivam/bumperbot_ws/install/bumperbot_msgs:${AMENT_PREFIX_PATH} CMAKE_PREFIX_PATH=/home/shivam/bumperbot_ws/install/bumperbot_msgs LD_LIBRARY_PATH=/home/shivam/bumperbot_ws/install/bumperbot_msgs/lib:${LD_LIBRARY_PATH} PYTHONPATH=/home/shivam/bumperbot_ws/build/bumperbot_py_examples/prefix_override:/home/shivam/bumperbot_ws/install/bumperbot_py_examples/lib/python3.10/site-packages:/home/shivam/bumperbot_ws/install/bumperbot_msgs/local/lib/python3.10/dist-packages:${PYTHONPATH} /usr/bin/python3 -W ignore:setup.py install is deprecated setup.py egg_info --egg-base ../../build/bumperbot_py_examples build --build-base /home/shivam/bumperbot_ws/build/bumperbot_py_examples/build install --record /home/shivam/bumperbot_ws/build/bumperbot_py_examples/install.log --single-version-externally-managed install_data
[6.986s] Level 1:colcon.colcon_core.environment:checking '/home/shivam/bumperbot_ws/install/bumperbot_py_examples' for CMake config files
[6.986s] Level 1:colcon.colcon_core.environment:checking '/home/shivam/bumperbot_ws/install/bumperbot_py_examples/lib'
[6.986s] Level 1:colcon.colcon_core.environment:checking '/home/shivam/bumperbot_ws/install/bumperbot_py_examples/bin'
[6.986s] Level 1:colcon.colcon_core.environment:checking '/home/shivam/bumperbot_ws/install/bumperbot_py_examples/lib/pkgconfig/bumperbot_py_examples.pc'
[6.987s] Level 1:colcon.colcon_core.environment:checking '/home/shivam/bumperbot_ws/install/bumperbot_py_examples/lib/python3.10/site-packages'
[6.987s] Level 1:colcon.colcon_core.shell:create_environment_hook('bumperbot_py_examples', 'pythonpath')
[6.987s] INFO:colcon.colcon_core.shell:Creating environment hook '/home/shivam/bumperbot_ws/install/bumperbot_py_examples/share/bumperbot_py_examples/hook/pythonpath.ps1'
[6.987s] INFO:colcon.colcon_core.shell:Creating environment descriptor '/home/shivam/bumperbot_ws/install/bumperbot_py_examples/share/bumperbot_py_examples/hook/pythonpath.dsv'
[6.987s] INFO:colcon.colcon_core.shell:Creating environment hook '/home/shivam/bumperbot_ws/install/bumperbot_py_examples/share/bumperbot_py_examples/hook/pythonpath.sh'
[6.988s] Level 1:colcon.colcon_core.environment:checking '/home/shivam/bumperbot_ws/install/bumperbot_py_examples/bin'
[6.988s] Level 1:colcon.colcon_core.environment:create_environment_scripts_only(bumperbot_py_examples)
[6.988s] INFO:colcon.colcon_core.shell:Creating package script '/home/shivam/bumperbot_ws/install/bumperbot_py_examples/share/bumperbot_py_examples/package.ps1'
[6.988s] INFO:colcon.colcon_core.shell:Creating package descriptor '/home/shivam/bumperbot_ws/install/bumperbot_py_examples/share/bumperbot_py_examples/package.dsv'
[6.988s] INFO:colcon.colcon_core.shell:Creating package script '/home/shivam/bumperbot_ws/install/bumperbot_py_examples/share/bumperbot_py_examples/package.sh'
[6.989s] INFO:colcon.colcon_core.shell:Creating package script '/home/shivam/bumperbot_ws/install/bumperbot_py_examples/share/bumperbot_py_examples/package.bash'
[6.989s] INFO:colcon.colcon_core.shell:Creating package script '/home/shivam/bumperbot_ws/install/bumperbot_py_examples/share/bumperbot_py_examples/package.zsh'
[6.989s] Level 1:colcon.colcon_core.environment:create_file_with_runtime_dependencies(/home/shivam/bumperbot_ws/install/bumperbot_py_examples/share/colcon-core/packages/bumperbot_py_examples)
[7.282s] DEBUG:colcon.colcon_core.event_handler.log_command:Invoked command in '/home/shivam/bumperbot_ws/build/bumperbot_controller' returned '0': CMAKE_PREFIX_PATH=/opt/ros/humble /usr/bin/cmake /home/shivam/bumperbot_ws/src/bumperbot_controller -DCMAKE_INSTALL_PREFIX=/home/shivam/bumperbot_ws/install/bumperbot_controller
[7.282s] DEBUG:colcon.colcon_core.event_handler.log_command:Invoking command in '/home/shivam/bumperbot_ws/build/bumperbot_controller': CMAKE_PREFIX_PATH=/opt/ros/humble /usr/bin/cmake --build /home/shivam/bumperbot_ws/build/bumperbot_controller -- -j12 -l12
[7.742s] DEBUG:colcon.colcon_core.event_handler.log_command:Invoked command in '/home/shivam/bumperbot_ws/build/bumperbot_localization' returned '0': CMAKE_PREFIX_PATH=/opt/ros/humble /usr/bin/cmake /home/shivam/bumperbot_ws/src/bumperbot_localization -DCMAKE_INSTALL_PREFIX=/home/shivam/bumperbot_ws/install/bumperbot_localization
[7.744s] DEBUG:colcon.colcon_core.event_handler.log_command:Invoking command in '/home/shivam/bumperbot_ws/build/bumperbot_localization': CMAKE_PREFIX_PATH=/opt/ros/humble /usr/bin/cmake --build /home/shivam/bumperbot_ws/build/bumperbot_localization -- -j12 -l12
[8.216s] DEBUG:colcon.colcon_core.event_handler.log_command:Invoked command in '/home/shivam/bumperbot_ws/build/bumperbot_firmware' returned '0': CMAKE_PREFIX_PATH=/opt/ros/humble /usr/bin/cmake /home/shivam/bumperbot_ws/src/bumperbot_firmware -DCMAKE_INSTALL_PREFIX=/home/shivam/bumperbot_ws/install/bumperbot_firmware
[8.219s] DEBUG:colcon.colcon_core.event_handler.log_command:Invoking command in '/home/shivam/bumperbot_ws/build/bumperbot_firmware': CMAKE_PREFIX_PATH=/opt/ros/humble /usr/bin/cmake --build /home/shivam/bumperbot_ws/build/bumperbot_firmware -- -j12 -l12
[16.621s] DEBUG:colcon.colcon_core.event_handler.log_command:Invoked command in '/home/shivam/bumperbot_ws/build/bumperbot_firmware' returned '0': CMAKE_PREFIX_PATH=/opt/ros/humble /usr/bin/cmake --build /home/shivam/bumperbot_ws/build/bumperbot_firmware -- -j12 -l12
[16.646s] DEBUG:colcon.colcon_core.event_handler.log_command:Invoking command in '/home/shivam/bumperbot_ws/build/bumperbot_firmware': CMAKE_PREFIX_PATH=/opt/ros/humble /usr/bin/cmake --install /home/shivam/bumperbot_ws/build/bumperbot_firmware
[16.684s] Level 1:colcon.colcon_core.environment:create_environment_scripts_only(bumperbot_firmware)
[16.684s] Level 1:colcon.colcon_core.environment:checking '/home/shivam/bumperbot_ws/install/bumperbot_firmware' for CMake module files
[16.684s] DEBUG:colcon.colcon_core.event_handler.log_command:Invoked command in '/home/shivam/bumperbot_ws/build/bumperbot_firmware' returned '0': CMAKE_PREFIX_PATH=/opt/ros/humble /usr/bin/cmake --install /home/shivam/bumperbot_ws/build/bumperbot_firmware
[16.685s] Level 1:colcon.colcon_core.environment:checking '/home/shivam/bumperbot_ws/install/bumperbot_firmware' for CMake config files
[16.685s] Level 1:colcon.colcon_core.shell:create_environment_hook('bumperbot_firmware', 'cmake_prefix_path')
[16.685s] INFO:colcon.colcon_core.shell:Creating environment hook '/home/shivam/bumperbot_ws/install/bumperbot_firmware/share/bumperbot_firmware/hook/cmake_prefix_path.ps1'
[16.685s] INFO:colcon.colcon_core.shell:Creating environment descriptor '/home/shivam/bumperbot_ws/install/bumperbot_firmware/share/bumperbot_firmware/hook/cmake_prefix_path.dsv'
[16.685s] INFO:colcon.colcon_core.shell:Creating environment hook '/home/shivam/bumperbot_ws/install/bumperbot_firmware/share/bumperbot_firmware/hook/cmake_prefix_path.sh'
[16.686s] Level 1:colcon.colcon_core.environment:checking '/home/shivam/bumperbot_ws/install/bumperbot_firmware/lib'
[16.686s] Level 1:colcon.colcon_core.shell:create_environment_hook('bumperbot_firmware', 'ld_library_path_lib')
[16.686s] INFO:colcon.colcon_core.shell:Creating environment hook '/home/shivam/bumperbot_ws/install/bumperbot_firmware/share/bumperbot_firmware/hook/ld_library_path_lib.ps1'
[16.686s] INFO:colcon.colcon_core.shell:Creating environment descriptor '/home/shivam/bumperbot_ws/install/bumperbot_firmware/share/bumperbot_firmware/hook/ld_library_path_lib.dsv'
[16.686s] INFO:colcon.colcon_core.shell:Creating environment hook '/home/shivam/bumperbot_ws/install/bumperbot_firmware/share/bumperbot_firmware/hook/ld_library_path_lib.sh'
[16.686s] Level 1:colcon.colcon_core.environment:checking '/home/shivam/bumperbot_ws/install/bumperbot_firmware/bin'
[16.686s] Level 1:colcon.colcon_core.environment:checking '/home/shivam/bumperbot_ws/install/bumperbot_firmware/lib/pkgconfig/bumperbot_firmware.pc'
[16.686s] Level 1:colcon.colcon_core.environment:checking '/home/shivam/bumperbot_ws/install/bumperbot_firmware/lib/python3.10/site-packages'
[16.686s] Level 1:colcon.colcon_core.environment:checking '/home/shivam/bumperbot_ws/install/bumperbot_firmware/bin'
[16.687s] INFO:colcon.colcon_core.shell:Creating package script '/home/shivam/bumperbot_ws/install/bumperbot_firmware/share/bumperbot_firmware/package.ps1'
[16.687s] INFO:colcon.colcon_core.shell:Creating package descriptor '/home/shivam/bumperbot_ws/install/bumperbot_firmware/share/bumperbot_firmware/package.dsv'
[16.687s] INFO:colcon.colcon_core.shell:Creating package script '/home/shivam/bumperbot_ws/install/bumperbot_firmware/share/bumperbot_firmware/package.sh'
[16.687s] INFO:colcon.colcon_core.shell:Creating package script '/home/shivam/bumperbot_ws/install/bumperbot_firmware/share/bumperbot_firmware/package.bash'
[16.687s] INFO:colcon.colcon_core.shell:Creating package script '/home/shivam/bumperbot_ws/install/bumperbot_firmware/share/bumperbot_firmware/package.zsh'
[16.687s] Level 1:colcon.colcon_core.environment:create_file_with_runtime_dependencies(/home/shivam/bumperbot_ws/install/bumperbot_firmware/share/colcon-core/packages/bumperbot_firmware)
[16.715s] Level 1:colcon.colcon_core.environment:create_environment_scripts_only(bumperbot_firmware)
[16.715s] Level 1:colcon.colcon_core.environment:checking '/home/shivam/bumperbot_ws/install/bumperbot_firmware' for CMake module files
[16.715s] Level 1:colcon.colcon_core.environment:checking '/home/shivam/bumperbot_ws/install/bumperbot_firmware' for CMake config files
[16.716s] Level 1:colcon.colcon_core.shell:create_environment_hook('bumperbot_firmware', 'cmake_prefix_path')
[16.716s] INFO:colcon.colcon_core.shell:Creating environment hook '/home/shivam/bumperbot_ws/install/bumperbot_firmware/share/bumperbot_firmware/hook/cmake_prefix_path.ps1'
[16.716s] INFO:colcon.colcon_core.shell:Creating environment descriptor '/home/shivam/bumperbot_ws/install/bumperbot_firmware/share/bumperbot_firmware/hook/cmake_prefix_path.dsv'
[16.717s] INFO:colcon.colcon_core.shell:Creating environment hook '/home/shivam/bumperbot_ws/install/bumperbot_firmware/share/bumperbot_firmware/hook/cmake_prefix_path.sh'
[16.717s] Level 1:colcon.colcon_core.environment:checking '/home/shivam/bumperbot_ws/install/bumperbot_firmware/lib'
[16.717s] Level 1:colcon.colcon_core.shell:create_environment_hook('bumperbot_firmware', 'ld_library_path_lib')
[16.717s] INFO:colcon.colcon_core.shell:Creating environment hook '/home/shivam/bumperbot_ws/install/bumperbot_firmware/share/bumperbot_firmware/hook/ld_library_path_lib.ps1'
[16.717s] INFO:colcon.colcon_core.shell:Creating environment descriptor '/home/shivam/bumperbot_ws/install/bumperbot_firmware/share/bumperbot_firmware/hook/ld_library_path_lib.dsv'
[16.717s] INFO:colcon.colcon_core.shell:Creating environment hook '/home/shivam/bumperbot_ws/install/bumperbot_firmware/share/bumperbot_firmware/hook/ld_library_path_lib.sh'
[16.717s] Level 1:colcon.colcon_core.environment:checking '/home/shivam/bumperbot_ws/install/bumperbot_firmware/bin'
[16.717s] Level 1:colcon.colcon_core.environment:checking '/home/shivam/bumperbot_ws/install/bumperbot_firmware/lib/pkgconfig/bumperbot_firmware.pc'
[16.718s] Level 1:colcon.colcon_core.environment:checking '/home/shivam/bumperbot_ws/install/bumperbot_firmware/lib/python3.10/site-packages'
[16.718s] Level 1:colcon.colcon_core.environment:checking '/home/shivam/bumperbot_ws/install/bumperbot_firmware/bin'
[16.718s] INFO:colcon.colcon_core.shell:Creating package script '/home/shivam/bumperbot_ws/install/bumperbot_firmware/share/bumperbot_firmware/package.ps1'
[16.718s] INFO:colcon.colcon_core.shell:Creating package descriptor '/home/shivam/bumperbot_ws/install/bumperbot_firmware/share/bumperbot_firmware/package.dsv'
[16.718s] INFO:colcon.colcon_core.shell:Creating package script '/home/shivam/bumperbot_ws/install/bumperbot_firmware/share/bumperbot_firmware/package.sh'
[16.719s] INFO:colcon.colcon_core.shell:Creating package script '/home/shivam/bumperbot_ws/install/bumperbot_firmware/share/bumperbot_firmware/package.bash'
[16.719s] INFO:colcon.colcon_core.shell:Creating package script '/home/shivam/bumperbot_ws/install/bumperbot_firmware/share/bumperbot_firmware/package.zsh'
[16.719s] Level 1:colcon.colcon_core.environment:create_file_with_runtime_dependencies(/home/shivam/bumperbot_ws/install/bumperbot_firmware/share/colcon-core/packages/bumperbot_firmware)
[17.319s] DEBUG:colcon.colcon_core.event_handler.log_command:Invoked command in '/home/shivam/bumperbot_ws/build/bumperbot_cpp_examples' returned '0': AMENT_PREFIX_PATH=/home/shivam/bumperbot_ws/install/bumperbot_msgs:${AMENT_PREFIX_PATH} CMAKE_PREFIX_PATH=/home/shivam/bumperbot_ws/install/bumperbot_msgs:/opt/ros/humble LD_LIBRARY_PATH=/home/shivam/bumperbot_ws/install/bumperbot_msgs/lib:${LD_LIBRARY_PATH} PYTHONPATH=/home/shivam/bumperbot_ws/install/bumperbot_msgs/local/lib/python3.10/dist-packages:${PYTHONPATH} /usr/bin/cmake /home/shivam/bumperbot_ws/src/bumperbot_cpp_examples -DCMAKE_INSTALL_PREFIX=/home/shivam/bumperbot_ws/install/bumperbot_cpp_examples
[17.321s] DEBUG:colcon.colcon_core.event_handler.log_command:Invoking command in '/home/shivam/bumperbot_ws/build/bumperbot_cpp_examples': AMENT_PREFIX_PATH=/home/shivam/bumperbot_ws/install/bumperbot_msgs:${AMENT_PREFIX_PATH} CMAKE_PREFIX_PATH=/home/shivam/bumperbot_ws/install/bumperbot_msgs:/opt/ros/humble LD_LIBRARY_PATH=/home/shivam/bumperbot_ws/install/bumperbot_msgs/lib:${LD_LIBRARY_PATH} PYTHONPATH=/home/shivam/bumperbot_ws/install/bumperbot_msgs/local/lib/python3.10/dist-packages:${PYTHONPATH} /usr/bin/cmake --build /home/shivam/bumperbot_ws/build/bumperbot_cpp_examples -- -j12 -l12
[18.847s] DEBUG:colcon.colcon_core.event_handler.log_command:Invoked command in '/home/shivam/bumperbot_ws/build/bumperbot_localization' returned '0': CMAKE_PREFIX_PATH=/opt/ros/humble /usr/bin/cmake --build /home/shivam/bumperbot_ws/build/bumperbot_localization -- -j12 -l12
[18.874s] DEBUG:colcon.colcon_core.event_handler.log_command:Invoking command in '/home/shivam/bumperbot_ws/build/bumperbot_localization': CMAKE_PREFIX_PATH=/opt/ros/humble /usr/bin/cmake --install /home/shivam/bumperbot_ws/build/bumperbot_localization
[18.950s] Level 1:colcon.colcon_core.environment:create_environment_scripts_only(bumperbot_localization)
[18.950s] Level 1:colcon.colcon_core.environment:checking '/home/shivam/bumperbot_ws/install/bumperbot_localization' for CMake module files
[18.951s] Level 1:colcon.colcon_core.environment:checking '/home/shivam/bumperbot_ws/install/bumperbot_localization' for CMake config files
[18.951s] Level 1:colcon.colcon_core.shell:create_environment_hook('bumperbot_localization', 'cmake_prefix_path')
[18.952s] INFO:colcon.colcon_core.shell:Creating environment hook '/home/shivam/bumperbot_ws/install/bumperbot_localization/share/bumperbot_localization/hook/cmake_prefix_path.ps1'
[18.953s] INFO:colcon.colcon_core.shell:Creating environment descriptor '/home/shivam/bumperbot_ws/install/bumperbot_localization/share/bumperbot_localization/hook/cmake_prefix_path.dsv'
[18.953s] INFO:colcon.colcon_core.shell:Creating environment hook '/home/shivam/bumperbot_ws/install/bumperbot_localization/share/bumperbot_localization/hook/cmake_prefix_path.sh'
[18.954s] Level 1:colcon.colcon_core.environment:checking '/home/shivam/bumperbot_ws/install/bumperbot_localization/lib'
[18.954s] Level 1:colcon.colcon_core.environment:checking '/home/shivam/bumperbot_ws/install/bumperbot_localization/bin'
[18.954s] Level 1:colcon.colcon_core.environment:checking '/home/shivam/bumperbot_ws/install/bumperbot_localization/lib/pkgconfig/bumperbot_localization.pc'
[18.954s] Level 1:colcon.colcon_core.environment:checking '/home/shivam/bumperbot_ws/install/bumperbot_localization/lib/python3.10/site-packages'
[18.955s] Level 1:colcon.colcon_core.environment:checking '/home/shivam/bumperbot_ws/install/bumperbot_localization/bin'
[18.955s] INFO:colcon.colcon_core.shell:Creating package script '/home/shivam/bumperbot_ws/install/bumperbot_localization/share/bumperbot_localization/package.ps1'
[18.956s] INFO:colcon.colcon_core.shell:Creating package descriptor '/home/shivam/bumperbot_ws/install/bumperbot_localization/share/bumperbot_localization/package.dsv'
[18.956s] INFO:colcon.colcon_core.shell:Creating package script '/home/shivam/bumperbot_ws/install/bumperbot_localization/share/bumperbot_localization/package.sh'
[18.956s] INFO:colcon.colcon_core.shell:Creating package script '/home/shivam/bumperbot_ws/install/bumperbot_localization/share/bumperbot_localization/package.bash'
[18.957s] INFO:colcon.colcon_core.shell:Creating package script '/home/shivam/bumperbot_ws/install/bumperbot_localization/share/bumperbot_localization/package.zsh'
[18.957s] Level 1:colcon.colcon_core.environment:create_file_with_runtime_dependencies(/home/shivam/bumperbot_ws/install/bumperbot_localization/share/colcon-core/packages/bumperbot_localization)
[18.959s] DEBUG:colcon.colcon_core.event_handler.log_command:Invoked command in '/home/shivam/bumperbot_ws/build/bumperbot_localization' returned '0': CMAKE_PREFIX_PATH=/opt/ros/humble /usr/bin/cmake --install /home/shivam/bumperbot_ws/build/bumperbot_localization
[18.982s] Level 1:colcon.colcon_core.environment:create_environment_scripts_only(bumperbot_localization)
[18.982s] Level 1:colcon.colcon_core.environment:checking '/home/shivam/bumperbot_ws/install/bumperbot_localization' for CMake module files
[18.982s] Level 1:colcon.colcon_core.environment:checking '/home/shivam/bumperbot_ws/install/bumperbot_localization' for CMake config files
[18.983s] Level 1:colcon.colcon_core.shell:create_environment_hook('bumperbot_localization', 'cmake_prefix_path')
[18.983s] INFO:colcon.colcon_core.shell:Creating environment hook '/home/shivam/bumperbot_ws/install/bumperbot_localization/share/bumperbot_localization/hook/cmake_prefix_path.ps1'
[18.984s] INFO:colcon.colcon_core.shell:Creating environment descriptor '/home/shivam/bumperbot_ws/install/bumperbot_localization/share/bumperbot_localization/hook/cmake_prefix_path.dsv'
[18.984s] INFO:colcon.colcon_core.shell:Creating environment hook '/home/shivam/bumperbot_ws/install/bumperbot_localization/share/bumperbot_localization/hook/cmake_prefix_path.sh'
[18.984s] Level 1:colcon.colcon_core.environment:checking '/home/shivam/bumperbot_ws/install/bumperbot_localization/lib'
[18.985s] Level 1:colcon.colcon_core.environment:checking '/home/shivam/bumperbot_ws/install/bumperbot_localization/bin'
[18.985s] Level 1:colcon.colcon_core.environment:checking '/home/shivam/bumperbot_ws/install/bumperbot_localization/lib/pkgconfig/bumperbot_localization.pc'
[18.985s] Level 1:colcon.colcon_core.environment:checking '/home/shivam/bumperbot_ws/install/bumperbot_localization/lib/python3.10/site-packages'
[18.985s] Level 1:colcon.colcon_core.environment:checking '/home/shivam/bumperbot_ws/install/bumperbot_localization/bin'
[18.986s] INFO:colcon.colcon_core.shell:Creating package script '/home/shivam/bumperbot_ws/install/bumperbot_localization/share/bumperbot_localization/package.ps1'
[18.987s] INFO:colcon.colcon_core.shell:Creating package descriptor '/home/shivam/bumperbot_ws/install/bumperbot_localization/share/bumperbot_localization/package.dsv'
[18.987s] INFO:colcon.colcon_core.shell:Creating package script '/home/shivam/bumperbot_ws/install/bumperbot_localization/share/bumperbot_localization/package.sh'
[18.987s] INFO:colcon.colcon_core.shell:Creating package script '/home/shivam/bumperbot_ws/install/bumperbot_localization/share/bumperbot_localization/package.bash'
[18.988s] INFO:colcon.colcon_core.shell:Creating package script '/home/shivam/bumperbot_ws/install/bumperbot_localization/share/bumperbot_localization/package.zsh'
[18.988s] Level 1:colcon.colcon_core.environment:create_file_with_runtime_dependencies(/home/shivam/bumperbot_ws/install/bumperbot_localization/share/colcon-core/packages/bumperbot_localization)
[20.978s] DEBUG:colcon.colcon_core.event_handler.log_command:Invoked command in '/home/shivam/bumperbot_ws/build/bumperbot_controller' returned '0': CMAKE_PREFIX_PATH=/opt/ros/humble /usr/bin/cmake --build /home/shivam/bumperbot_ws/build/bumperbot_controller -- -j12 -l12
[21.011s] DEBUG:colcon.colcon_core.event_handler.log_command:Invoking command in '/home/shivam/bumperbot_ws/build/bumperbot_controller': CMAKE_PREFIX_PATH=/opt/ros/humble /usr/bin/cmake --install /home/shivam/bumperbot_ws/build/bumperbot_controller
[21.070s] Level 1:colcon.colcon_core.environment:create_environment_scripts_only(bumperbot_controller)
[21.070s] Level 1:colcon.colcon_core.environment:checking '/home/shivam/bumperbot_ws/install/bumperbot_controller' for CMake module files
[21.071s] DEBUG:colcon.colcon_core.event_handler.log_command:Invoked command in '/home/shivam/bumperbot_ws/build/bumperbot_controller' returned '0': CMAKE_PREFIX_PATH=/opt/ros/humble /usr/bin/cmake --install /home/shivam/bumperbot_ws/build/bumperbot_controller
[21.071s] Level 1:colcon.colcon_core.environment:checking '/home/shivam/bumperbot_ws/install/bumperbot_controller' for CMake config files
[21.072s] Level 1:colcon.colcon_core.shell:create_environment_hook('bumperbot_controller', 'cmake_prefix_path')
[21.072s] INFO:colcon.colcon_core.shell:Creating environment hook '/home/shivam/bumperbot_ws/install/bumperbot_controller/share/bumperbot_controller/hook/cmake_prefix_path.ps1'
[21.073s] INFO:colcon.colcon_core.shell:Creating environment descriptor '/home/shivam/bumperbot_ws/install/bumperbot_controller/share/bumperbot_controller/hook/cmake_prefix_path.dsv'
[21.074s] INFO:colcon.colcon_core.shell:Creating environment hook '/home/shivam/bumperbot_ws/install/bumperbot_controller/share/bumperbot_controller/hook/cmake_prefix_path.sh'
[21.074s] Level 1:colcon.colcon_core.environment:checking '/home/shivam/bumperbot_ws/install/bumperbot_controller/lib'
[21.074s] Level 1:colcon.colcon_core.environment:checking '/home/shivam/bumperbot_ws/install/bumperbot_controller/bin'
[21.074s] Level 1:colcon.colcon_core.environment:checking '/home/shivam/bumperbot_ws/install/bumperbot_controller/lib/pkgconfig/bumperbot_controller.pc'
[21.075s] Level 1:colcon.colcon_core.environment:checking '/home/shivam/bumperbot_ws/install/bumperbot_controller/lib/python3.10/site-packages'
[21.075s] Level 1:colcon.colcon_core.environment:checking '/home/shivam/bumperbot_ws/install/bumperbot_controller/bin'
[21.076s] INFO:colcon.colcon_core.shell:Creating package script '/home/shivam/bumperbot_ws/install/bumperbot_controller/share/bumperbot_controller/package.ps1'
[21.076s] INFO:colcon.colcon_core.shell:Creating package descriptor '/home/shivam/bumperbot_ws/install/bumperbot_controller/share/bumperbot_controller/package.dsv'
[21.077s] INFO:colcon.colcon_core.shell:Creating package script '/home/shivam/bumperbot_ws/install/bumperbot_controller/share/bumperbot_controller/package.sh'
[21.077s] INFO:colcon.colcon_core.shell:Creating package script '/home/shivam/bumperbot_ws/install/bumperbot_controller/share/bumperbot_controller/package.bash'
[21.078s] INFO:colcon.colcon_core.shell:Creating package script '/home/shivam/bumperbot_ws/install/bumperbot_controller/share/bumperbot_controller/package.zsh'
[21.078s] Level 1:colcon.colcon_core.environment:create_file_with_runtime_dependencies(/home/shivam/bumperbot_ws/install/bumperbot_controller/share/colcon-core/packages/bumperbot_controller)
[21.108s] Level 1:colcon.colcon_core.environment:create_environment_scripts_only(bumperbot_controller)
[21.108s] Level 1:colcon.colcon_core.environment:checking '/home/shivam/bumperbot_ws/install/bumperbot_controller' for CMake module files
[21.109s] Level 1:colcon.colcon_core.environment:checking '/home/shivam/bumperbot_ws/install/bumperbot_controller' for CMake config files
[21.109s] Level 1:colcon.colcon_core.shell:create_environment_hook('bumperbot_controller', 'cmake_prefix_path')
[21.109s] INFO:colcon.colcon_core.shell:Creating environment hook '/home/shivam/bumperbot_ws/install/bumperbot_controller/share/bumperbot_controller/hook/cmake_prefix_path.ps1'
[21.110s] INFO:colcon.colcon_core.shell:Creating environment descriptor '/home/shivam/bumperbot_ws/install/bumperbot_controller/share/bumperbot_controller/hook/cmake_prefix_path.dsv'
[21.110s] INFO:colcon.colcon_core.shell:Creating environment hook '/home/shivam/bumperbot_ws/install/bumperbot_controller/share/bumperbot_controller/hook/cmake_prefix_path.sh'
[21.111s] Level 1:colcon.colcon_core.environment:checking '/home/shivam/bumperbot_ws/install/bumperbot_controller/lib'
[21.111s] Level 1:colcon.colcon_core.environment:checking '/home/shivam/bumperbot_ws/install/bumperbot_controller/bin'
[21.111s] Level 1:colcon.colcon_core.environment:checking '/home/shivam/bumperbot_ws/install/bumperbot_controller/lib/pkgconfig/bumperbot_controller.pc'
[21.111s] Level 1:colcon.colcon_core.environment:checking '/home/shivam/bumperbot_ws/install/bumperbot_controller/lib/python3.10/site-packages'
[21.111s] Level 1:colcon.colcon_core.environment:checking '/home/shivam/bumperbot_ws/install/bumperbot_controller/bin'
[21.111s] INFO:colcon.colcon_core.shell:Creating package script '/home/shivam/bumperbot_ws/install/bumperbot_controller/share/bumperbot_controller/package.ps1'
[21.112s] INFO:colcon.colcon_core.shell:Creating package descriptor '/home/shivam/bumperbot_ws/install/bumperbot_controller/share/bumperbot_controller/package.dsv'
[21.112s] INFO:colcon.colcon_core.shell:Creating package script '/home/shivam/bumperbot_ws/install/bumperbot_controller/share/bumperbot_controller/package.sh'
[21.112s] INFO:colcon.colcon_core.shell:Creating package script '/home/shivam/bumperbot_ws/install/bumperbot_controller/share/bumperbot_controller/package.bash'
[21.113s] INFO:colcon.colcon_core.shell:Creating package script '/home/shivam/bumperbot_ws/install/bumperbot_controller/share/bumperbot_controller/package.zsh'
[21.113s] Level 1:colcon.colcon_core.environment:create_file_with_runtime_dependencies(/home/shivam/bumperbot_ws/install/bumperbot_controller/share/colcon-core/packages/bumperbot_controller)
[25.230s] DEBUG:colcon.colcon_core.event_handler.log_command:Invoked command in '/home/shivam/bumperbot_ws/build/bumperbot_cpp_examples' returned '0': AMENT_PREFIX_PATH=/home/shivam/bumperbot_ws/install/bumperbot_msgs:${AMENT_PREFIX_PATH} CMAKE_PREFIX_PATH=/home/shivam/bumperbot_ws/install/bumperbot_msgs:/opt/ros/humble LD_LIBRARY_PATH=/home/shivam/bumperbot_ws/install/bumperbot_msgs/lib:${LD_LIBRARY_PATH} PYTHONPATH=/home/shivam/bumperbot_ws/install/bumperbot_msgs/local/lib/python3.10/dist-packages:${PYTHONPATH} /usr/bin/cmake --build /home/shivam/bumperbot_ws/build/bumperbot_cpp_examples -- -j12 -l12
[25.256s] DEBUG:colcon.colcon_core.event_handler.log_command:Invoking command in '/home/shivam/bumperbot_ws/build/bumperbot_cpp_examples': AMENT_PREFIX_PATH=/home/shivam/bumperbot_ws/install/bumperbot_msgs:${AMENT_PREFIX_PATH} CMAKE_PREFIX_PATH=/home/shivam/bumperbot_ws/install/bumperbot_msgs:/opt/ros/humble LD_LIBRARY_PATH=/home/shivam/bumperbot_ws/install/bumperbot_msgs/lib:${LD_LIBRARY_PATH} PYTHONPATH=/home/shivam/bumperbot_ws/install/bumperbot_msgs/local/lib/python3.10/dist-packages:${PYTHONPATH} /usr/bin/cmake --install /home/shivam/bumperbot_ws/build/bumperbot_cpp_examples
[25.270s] Level 1:colcon.colcon_core.environment:create_environment_scripts_only(bumperbot_cpp_examples)
[25.270s] DEBUG:colcon.colcon_core.event_handler.log_command:Invoked command in '/home/shivam/bumperbot_ws/build/bumperbot_cpp_examples' returned '0': AMENT_PREFIX_PATH=/home/shivam/bumperbot_ws/install/bumperbot_msgs:${AMENT_PREFIX_PATH} CMAKE_PREFIX_PATH=/home/shivam/bumperbot_ws/install/bumperbot_msgs:/opt/ros/humble LD_LIBRARY_PATH=/home/shivam/bumperbot_ws/install/bumperbot_msgs/lib:${LD_LIBRARY_PATH} PYTHONPATH=/home/shivam/bumperbot_ws/install/bumperbot_msgs/local/lib/python3.10/dist-packages:${PYTHONPATH} /usr/bin/cmake --install /home/shivam/bumperbot_ws/build/bumperbot_cpp_examples
[25.270s] Level 1:colcon.colcon_core.environment:checking '/home/shivam/bumperbot_ws/install/bumperbot_cpp_examples' for CMake module files
[25.270s] Level 1:colcon.colcon_core.environment:checking '/home/shivam/bumperbot_ws/install/bumperbot_cpp_examples' for CMake config files
[25.270s] Level 1:colcon.colcon_core.shell:create_environment_hook('bumperbot_cpp_examples', 'cmake_prefix_path')
[25.271s] INFO:colcon.colcon_core.shell:Creating environment hook '/home/shivam/bumperbot_ws/install/bumperbot_cpp_examples/share/bumperbot_cpp_examples/hook/cmake_prefix_path.ps1'
[25.271s] INFO:colcon.colcon_core.shell:Creating environment descriptor '/home/shivam/bumperbot_ws/install/bumperbot_cpp_examples/share/bumperbot_cpp_examples/hook/cmake_prefix_path.dsv'
[25.271s] INFO:colcon.colcon_core.shell:Creating environment hook '/home/shivam/bumperbot_ws/install/bumperbot_cpp_examples/share/bumperbot_cpp_examples/hook/cmake_prefix_path.sh'
[25.271s] Level 1:colcon.colcon_core.environment:checking '/home/shivam/bumperbot_ws/install/bumperbot_cpp_examples/lib'
[25.271s] Level 1:colcon.colcon_core.environment:checking '/home/shivam/bumperbot_ws/install/bumperbot_cpp_examples/bin'
[25.271s] Level 1:colcon.colcon_core.environment:checking '/home/shivam/bumperbot_ws/install/bumperbot_cpp_examples/lib/pkgconfig/bumperbot_cpp_examples.pc'
[25.272s] Level 1:colcon.colcon_core.environment:checking '/home/shivam/bumperbot_ws/install/bumperbot_cpp_examples/lib/python3.10/site-packages'
[25.272s] Level 1:colcon.colcon_core.environment:checking '/home/shivam/bumperbot_ws/install/bumperbot_cpp_examples/bin'
[25.272s] INFO:colcon.colcon_core.shell:Creating package script '/home/shivam/bumperbot_ws/install/bumperbot_cpp_examples/share/bumperbot_cpp_examples/package.ps1'
[25.272s] INFO:colcon.colcon_core.shell:Creating package descriptor '/home/shivam/bumperbot_ws/install/bumperbot_cpp_examples/share/bumperbot_cpp_examples/package.dsv'
[25.272s] INFO:colcon.colcon_core.shell:Creating package script '/home/shivam/bumperbot_ws/install/bumperbot_cpp_examples/share/bumperbot_cpp_examples/package.sh'
[25.272s] INFO:colcon.colcon_core.shell:Creating package script '/home/shivam/bumperbot_ws/install/bumperbot_cpp_examples/share/bumperbot_cpp_examples/package.bash'
[25.272s] INFO:colcon.colcon_core.shell:Creating package script '/home/shivam/bumperbot_ws/install/bumperbot_cpp_examples/share/bumperbot_cpp_examples/package.zsh'
[25.273s] Level 1:colcon.colcon_core.environment:create_file_with_runtime_dependencies(/home/shivam/bumperbot_ws/install/bumperbot_cpp_examples/share/colcon-core/packages/bumperbot_cpp_examples)
[25.301s] Level 1:colcon.colcon_core.environment:create_environment_scripts_only(bumperbot_cpp_examples)
[25.301s] Level 1:colcon.colcon_core.environment:checking '/home/shivam/bumperbot_ws/install/bumperbot_cpp_examples' for CMake module files
[25.301s] Level 1:colcon.colcon_core.environment:checking '/home/shivam/bumperbot_ws/install/bumperbot_cpp_examples' for CMake config files
[25.301s] Level 1:colcon.colcon_core.shell:create_environment_hook('bumperbot_cpp_examples', 'cmake_prefix_path')
[25.301s] INFO:colcon.colcon_core.shell:Creating environment hook '/home/shivam/bumperbot_ws/install/bumperbot_cpp_examples/share/bumperbot_cpp_examples/hook/cmake_prefix_path.ps1'
[25.302s] INFO:colcon.colcon_core.shell:Creating environment descriptor '/home/shivam/bumperbot_ws/install/bumperbot_cpp_examples/share/bumperbot_cpp_examples/hook/cmake_prefix_path.dsv'
[25.302s] INFO:colcon.colcon_core.shell:Creating environment hook '/home/shivam/bumperbot_ws/install/bumperbot_cpp_examples/share/bumperbot_cpp_examples/hook/cmake_prefix_path.sh'
[25.302s] Level 1:colcon.colcon_core.environment:checking '/home/shivam/bumperbot_ws/install/bumperbot_cpp_examples/lib'
[25.302s] Level 1:colcon.colcon_core.environment:checking '/home/shivam/bumperbot_ws/install/bumperbot_cpp_examples/bin'
[25.302s] Level 1:colcon.colcon_core.environment:checking '/home/shivam/bumperbot_ws/install/bumperbot_cpp_examples/lib/pkgconfig/bumperbot_cpp_examples.pc'
[25.302s] Level 1:colcon.colcon_core.environment:checking '/home/shivam/bumperbot_ws/install/bumperbot_cpp_examples/lib/python3.10/site-packages'
[25.302s] Level 1:colcon.colcon_core.environment:checking '/home/shivam/bumperbot_ws/install/bumperbot_cpp_examples/bin'
[25.302s] INFO:colcon.colcon_core.shell:Creating package script '/home/shivam/bumperbot_ws/install/bumperbot_cpp_examples/share/bumperbot_cpp_examples/package.ps1'
[25.303s] INFO:colcon.colcon_core.shell:Creating package descriptor '/home/shivam/bumperbot_ws/install/bumperbot_cpp_examples/share/bumperbot_cpp_examples/package.dsv'
[25.303s] INFO:colcon.colcon_core.shell:Creating package script '/home/shivam/bumperbot_ws/install/bumperbot_cpp_examples/share/bumperbot_cpp_examples/package.sh'
[25.303s] INFO:colcon.colcon_core.shell:Creating package script '/home/shivam/bumperbot_ws/install/bumperbot_cpp_examples/share/bumperbot_cpp_examples/package.bash'
[25.303s] INFO:colcon.colcon_core.shell:Creating package script '/home/shivam/bumperbot_ws/install/bumperbot_cpp_examples/share/bumperbot_cpp_examples/package.zsh'
[25.303s] Level 1:colcon.colcon_core.environment:create_file_with_runtime_dependencies(/home/shivam/bumperbot_ws/install/bumperbot_cpp_examples/share/colcon-core/packages/bumperbot_cpp_examples)
[25.304s] DEBUG:colcon.colcon_parallel_executor.executor.parallel:closing loop
[25.304s] DEBUG:colcon.colcon_parallel_executor.executor.parallel:loop closed
[25.304s] DEBUG:colcon.colcon_parallel_executor.executor.parallel:run_until_complete finished with '0'
[25.304s] DEBUG:colcon.colcon_core.event_reactor:joining thread
[25.343s] INFO:colcon.colcon_core.plugin_system:Skipping extension 'colcon_notification.desktop_notification.notify_send': Could not find 'notify-send'
[25.343s] INFO:colcon.colcon_core.plugin_system:Skipping extension 'colcon_notification.desktop_notification.terminal_notifier': Not used on non-Darwin systems
[25.343s] INFO:colcon.colcon_core.plugin_system:Skipping extension 'colcon_notification.desktop_notification.win32': Not used on non-Windows systems
[25.343s] INFO:colcon.colcon_notification.desktop_notification:Sending desktop notification using 'notify2'
[25.344s] DEBUG:colcon.colcon_notification.desktop_notification.notify2:Failed to initialize notify2: org.freedesktop.DBus.Error.ServiceUnknown: The name org.freedesktop.Notifications was not provided by any .service files
[25.344s] DEBUG:colcon.colcon_core.event_reactor:joined thread
[25.344s] INFO:colcon.colcon_core.shell:Creating prefix script '/home/shivam/bumperbot_ws/install/local_setup.ps1'
[25.346s] INFO:colcon.colcon_core.shell:Creating prefix util module '/home/shivam/bumperbot_ws/install/_local_setup_util_ps1.py'
[25.347s] INFO:colcon.colcon_core.shell:Creating prefix chain script '/home/shivam/bumperbot_ws/install/setup.ps1'
[25.348s] INFO:colcon.colcon_core.shell:Creating prefix script '/home/shivam/bumperbot_ws/install/local_setup.sh'
[25.349s] INFO:colcon.colcon_core.shell:Creating prefix util module '/home/shivam/bumperbot_ws/install/_local_setup_util_sh.py'
[25.349s] INFO:colcon.colcon_core.shell:Creating prefix chain script '/home/shivam/bumperbot_ws/install/setup.sh'
[25.350s] INFO:colcon.colcon_core.shell:Creating prefix script '/home/shivam/bumperbot_ws/install/local_setup.bash'
[25.350s] INFO:colcon.colcon_core.shell:Creating prefix chain script '/home/shivam/bumperbot_ws/install/setup.bash'
[25.351s] INFO:colcon.colcon_core.shell:Creating prefix script '/home/shivam/bumperbot_ws/install/local_setup.zsh'
[25.352s] INFO:colcon.colcon_core.shell:Creating prefix chain script '/home/shivam/bumperbot_ws/install/setup.zsh'
