[0.024s] Invoking command in '/home/shivam/bumperbot_ws/build/bumperbot_description': CMAKE_PREFIX_PATH=/opt/ros/humble /usr/bin/cmake /home/shivam/bumperbot_ws/src/bumperbot_description -DCMAKE_INSTALL_PREFIX=/home/shivam/bumperbot_ws/install/bumperbot_description
[0.472s] -- The C compiler identification is GNU 11.4.0
[0.751s] -- The CXX compiler identification is GNU 11.4.0
[1.037s] -- Detecting C compiler ABI info
[1.173s] -- Detecting C compiler ABI info - done
[1.183s] -- Check for working C compiler: /usr/bin/cc - skipped
[1.184s] -- Detecting C compile features
[1.185s] -- Detecting C compile features - done
[1.190s] -- Detecting CXX compiler ABI info
[1.337s] -- Detecting CXX compiler ABI info - done
[1.350s] -- Check for working CXX compiler: /usr/bin/c++ - skipped
[1.351s] -- Detecting CXX compile features
[1.352s] -- Detecting CXX compile features - done
[1.364s] -- Found ament_cmake: 1.3.8 (/opt/ros/humble/share/ament_cmake/cmake)
[1.574s] -- Found Python3: /usr/bin/python3 (found version "3.10.12") found components: Interpreter 
[1.725s] -- Found urdf: 2.6.0 (/opt/ros/humble/share/urdf/cmake)
[3.185s] -- Found ament_lint_auto: 0.12.10 (/opt/ros/humble/share/ament_lint_auto/cmake)
[3.292s] -- Added test 'copyright' to check source files copyright and LICENSE
[3.296s] -- Added test 'flake8' to check Python code syntax and style conventions
[3.297s] -- Added test 'lint_cmake' to check CMake code style
[3.298s] -- Added test 'pep257' to check Python code against some of the docstring style conventions in PEP 257
[3.300s] -- Added test 'xmllint' to check XML markup files
[3.302s] -- Configuring done
[3.305s] -- Generating done
[3.306s] -- Build files have been written to: /home/shivam/bumperbot_ws/build/bumperbot_description
[3.315s] Invoked command in '/home/shivam/bumperbot_ws/build/bumperbot_description' returned '0': CMAKE_PREFIX_PATH=/opt/ros/humble /usr/bin/cmake /home/shivam/bumperbot_ws/src/bumperbot_description -DCMAKE_INSTALL_PREFIX=/home/shivam/bumperbot_ws/install/bumperbot_description
[3.316s] Invoking command in '/home/shivam/bumperbot_ws/build/bumperbot_description': CMAKE_PREFIX_PATH=/opt/ros/humble /usr/bin/cmake --build /home/shivam/bumperbot_ws/build/bumperbot_description -- -j12 -l12
[3.350s] Invoked command in '/home/shivam/bumperbot_ws/build/bumperbot_description' returned '0': CMAKE_PREFIX_PATH=/opt/ros/humble /usr/bin/cmake --build /home/shivam/bumperbot_ws/build/bumperbot_description -- -j12 -l12
[3.377s] Invoking command in '/home/shivam/bumperbot_ws/build/bumperbot_description': CMAKE_PREFIX_PATH=/opt/ros/humble /usr/bin/cmake --install /home/shivam/bumperbot_ws/build/bumperbot_description
[3.384s] -- Install configuration: ""
[3.384s] -- Installing: /home/shivam/bumperbot_ws/install/bumperbot_description/share/bumperbot_description/launch
[3.385s] -- Installing: /home/shivam/bumperbot_ws/install/bumperbot_description/share/bumperbot_description/launch/gazebo.launch.py
[3.385s] -- Installing: /home/shivam/bumperbot_ws/install/bumperbot_description/share/bumperbot_description/launch/display.launch.py
[3.385s] -- Installing: /home/shivam/bumperbot_ws/install/bumperbot_description/share/bumperbot_description/meshes
[3.385s] -- Installing: /home/shivam/bumperbot_ws/install/bumperbot_description/share/bumperbot_description/meshes/caster_front_link.STL
[3.385s] -- Installing: /home/shivam/bumperbot_ws/install/bumperbot_description/share/bumperbot_description/meshes/imu_link.STL
[3.385s] -- Installing: /home/shivam/bumperbot_ws/install/bumperbot_description/share/bumperbot_description/meshes/caster_rear_link.STL
[3.386s] -- Installing: /home/shivam/bumperbot_ws/install/bumperbot_description/share/bumperbot_description/meshes/wheel_left_link.STL
[3.387s] -- Installing: /home/shivam/bumperbot_ws/install/bumperbot_description/share/bumperbot_description/meshes/base_link.STL
[3.397s] -- Installing: /home/shivam/bumperbot_ws/install/bumperbot_description/share/bumperbot_description/meshes/wheel_right_link.STL
[3.397s] -- Installing: /home/shivam/bumperbot_ws/install/bumperbot_description/share/bumperbot_description/models
[3.398s] -- Installing: /home/shivam/bumperbot_ws/install/bumperbot_description/share/bumperbot_description/models/ground_plane
[3.399s] -- Installing: /home/shivam/bumperbot_ws/install/bumperbot_description/share/bumperbot_description/models/ground_plane/model-1_2.sdf
[3.399s] -- Installing: /home/shivam/bumperbot_ws/install/bumperbot_description/share/bumperbot_description/models/ground_plane/model-1_4.sdf
[3.399s] -- Installing: /home/shivam/bumperbot_ws/install/bumperbot_description/share/bumperbot_description/models/ground_plane/model.sdf
[3.399s] -- Installing: /home/shivam/bumperbot_ws/install/bumperbot_description/share/bumperbot_description/models/ground_plane/model.config
[3.399s] -- Installing: /home/shivam/bumperbot_ws/install/bumperbot_description/share/bumperbot_description/models/ground_plane/model-1_3.sdf
[3.399s] -- Installing: /home/shivam/bumperbot_ws/install/bumperbot_description/share/bumperbot_description/models/sun
[3.399s] -- Installing: /home/shivam/bumperbot_ws/install/bumperbot_description/share/bumperbot_description/models/sun/model-1_2.sdf
[3.400s] -- Installing: /home/shivam/bumperbot_ws/install/bumperbot_description/share/bumperbot_description/models/sun/model-1_4.sdf
[3.400s] -- Installing: /home/shivam/bumperbot_ws/install/bumperbot_description/share/bumperbot_description/models/sun/model.sdf
[3.400s] -- Installing: /home/shivam/bumperbot_ws/install/bumperbot_description/share/bumperbot_description/models/sun/model.config
[3.400s] -- Installing: /home/shivam/bumperbot_ws/install/bumperbot_description/share/bumperbot_description/models/sun/model-1_3.sdf
[3.400s] -- Installing: /home/shivam/bumperbot_ws/install/bumperbot_description/share/bumperbot_description/urdf
[3.400s] -- Installing: /home/shivam/bumperbot_ws/install/bumperbot_description/share/bumperbot_description/urdf/bumperbot_gazebo.xacro
[3.400s] -- Installing: /home/shivam/bumperbot_ws/install/bumperbot_description/share/bumperbot_description/urdf/bumperbot.urdf.xacro
[3.400s] -- Installing: /home/shivam/bumperbot_ws/install/bumperbot_description/share/bumperbot_description/rviz
[3.401s] -- Installing: /home/shivam/bumperbot_ws/install/bumperbot_description/share/bumperbot_description/rviz/display.rviz
[3.401s] -- Installing: /home/shivam/bumperbot_ws/install/bumperbot_description/share/ament_index/resource_index/package_run_dependencies/bumperbot_description
[3.401s] -- Installing: /home/shivam/bumperbot_ws/install/bumperbot_description/share/ament_index/resource_index/parent_prefix_path/bumperbot_description
[3.401s] -- Installing: /home/shivam/bumperbot_ws/install/bumperbot_description/share/bumperbot_description/environment/ament_prefix_path.sh
[3.401s] -- Installing: /home/shivam/bumperbot_ws/install/bumperbot_description/share/bumperbot_description/environment/ament_prefix_path.dsv
[3.402s] -- Installing: /home/shivam/bumperbot_ws/install/bumperbot_description/share/bumperbot_description/environment/path.sh
[3.402s] -- Installing: /home/shivam/bumperbot_ws/install/bumperbot_description/share/bumperbot_description/environment/path.dsv
[3.402s] -- Installing: /home/shivam/bumperbot_ws/install/bumperbot_description/share/bumperbot_description/local_setup.bash
[3.402s] -- Installing: /home/shivam/bumperbot_ws/install/bumperbot_description/share/bumperbot_description/local_setup.sh
[3.402s] -- Installing: /home/shivam/bumperbot_ws/install/bumperbot_description/share/bumperbot_description/local_setup.zsh
[3.402s] -- Installing: /home/shivam/bumperbot_ws/install/bumperbot_description/share/bumperbot_description/local_setup.dsv
[3.402s] -- Installing: /home/shivam/bumperbot_ws/install/bumperbot_description/share/bumperbot_description/package.dsv
[3.402s] -- Installing: /home/shivam/bumperbot_ws/install/bumperbot_description/share/ament_index/resource_index/packages/bumperbot_description
[3.402s] -- Installing: /home/shivam/bumperbot_ws/install/bumperbot_description/share/bumperbot_description/cmake/bumperbot_descriptionConfig.cmake
[3.403s] -- Installing: /home/shivam/bumperbot_ws/install/bumperbot_description/share/bumperbot_description/cmake/bumperbot_descriptionConfig-version.cmake
[3.403s] -- Installing: /home/shivam/bumperbot_ws/install/bumperbot_description/share/bumperbot_description/package.xml
[3.404s] Invoked command in '/home/shivam/bumperbot_ws/build/bumperbot_description' returned '0': CMAKE_PREFIX_PATH=/opt/ros/humble /usr/bin/cmake --install /home/shivam/bumperbot_ws/build/bumperbot_description
