[0.017s] Invoking command in '/home/shivam/bumperbot_ws/build/bumperbot_bringup': CMAKE_PREFIX_PATH=/opt/ros/humble /usr/bin/cmake /home/shivam/bumperbot_ws/src/bumperbot_bringup -DCMAKE_INSTALL_PREFIX=/home/shivam/bumperbot_ws/install/bumperbot_bringup
[0.207s] -- The C compiler identification is GNU 11.4.0
[0.549s] -- The CXX compiler identification is GNU 11.4.0
[0.801s] -- Detecting C compiler ABI info
[0.952s] -- Detecting C compiler ABI info - done
[0.962s] -- Check for working C compiler: /usr/bin/cc - skipped
[0.964s] -- Detecting C compile features
[0.964s] -- Detecting C compile features - done
[0.975s] -- Detecting CXX compiler ABI info
[1.122s] -- Detecting CXX compiler ABI info - done
[1.129s] -- Check for working CXX compiler: /usr/bin/c++ - skipped
[1.129s] -- Detecting CXX compile features
[1.129s] -- Detecting CXX compile features - done
[1.140s] -- Found ament_cmake: 1.3.8 (/opt/ros/humble/share/ament_cmake/cmake)
[1.379s] -- Found Python3: /usr/bin/python3 (found version "3.10.12") found components: Interpreter 
[1.534s] -- Configuring done
[1.536s] -- Generating done
[1.537s] -- Build files have been written to: /home/shivam/bumperbot_ws/build/bumperbot_bringup
[1.542s] Invoked command in '/home/shivam/bumperbot_ws/build/bumperbot_bringup' returned '0': CMAKE_PREFIX_PATH=/opt/ros/humble /usr/bin/cmake /home/shivam/bumperbot_ws/src/bumperbot_bringup -DCMAKE_INSTALL_PREFIX=/home/shivam/bumperbot_ws/install/bumperbot_bringup
[1.544s] Invoking command in '/home/shivam/bumperbot_ws/build/bumperbot_bringup': CMAKE_PREFIX_PATH=/opt/ros/humble /usr/bin/cmake --build /home/shivam/bumperbot_ws/build/bumperbot_bringup -- -j12 -l12
[1.570s] Invoked command in '/home/shivam/bumperbot_ws/build/bumperbot_bringup' returned '0': CMAKE_PREFIX_PATH=/opt/ros/humble /usr/bin/cmake --build /home/shivam/bumperbot_ws/build/bumperbot_bringup -- -j12 -l12
[1.593s] Invoking command in '/home/shivam/bumperbot_ws/build/bumperbot_bringup': CMAKE_PREFIX_PATH=/opt/ros/humble /usr/bin/cmake --install /home/shivam/bumperbot_ws/build/bumperbot_bringup
[1.599s] -- Install configuration: ""
[1.599s] -- Installing: /home/shivam/bumperbot_ws/install/bumperbot_bringup/share/bumperbot_bringup/launch
[1.601s] -- Installing: /home/shivam/bumperbot_ws/install/bumperbot_bringup/share/bumperbot_bringup/launch/simulated_robot.launch.py
[1.601s] -- Installing: /home/shivam/bumperbot_ws/install/bumperbot_bringup/share/bumperbot_bringup/launch/real_robot.launch.py
[1.602s] -- Installing: /home/shivam/bumperbot_ws/install/bumperbot_bringup/share/ament_index/resource_index/package_run_dependencies/bumperbot_bringup
[1.602s] -- Installing: /home/shivam/bumperbot_ws/install/bumperbot_bringup/share/ament_index/resource_index/parent_prefix_path/bumperbot_bringup
[1.602s] -- Installing: /home/shivam/bumperbot_ws/install/bumperbot_bringup/share/bumperbot_bringup/environment/ament_prefix_path.sh
[1.602s] -- Installing: /home/shivam/bumperbot_ws/install/bumperbot_bringup/share/bumperbot_bringup/environment/ament_prefix_path.dsv
[1.603s] -- Installing: /home/shivam/bumperbot_ws/install/bumperbot_bringup/share/bumperbot_bringup/environment/path.sh
[1.603s] -- Installing: /home/shivam/bumperbot_ws/install/bumperbot_bringup/share/bumperbot_bringup/environment/path.dsv
[1.603s] -- Installing: /home/shivam/bumperbot_ws/install/bumperbot_bringup/share/bumperbot_bringup/local_setup.bash
[1.603s] -- Installing: /home/shivam/bumperbot_ws/install/bumperbot_bringup/share/bumperbot_bringup/local_setup.sh
[1.603s] -- Installing: /home/shivam/bumperbot_ws/install/bumperbot_bringup/share/bumperbot_bringup/local_setup.zsh
[1.604s] -- Installing: /home/shivam/bumperbot_ws/install/bumperbot_bringup/share/bumperbot_bringup/local_setup.dsv
[1.604s] -- Installing: /home/shivam/bumperbot_ws/install/bumperbot_bringup/share/bumperbot_bringup/package.dsv
[1.604s] -- Installing: /home/shivam/bumperbot_ws/install/bumperbot_bringup/share/ament_index/resource_index/packages/bumperbot_bringup
[1.604s] -- Installing: /home/shivam/bumperbot_ws/install/bumperbot_bringup/share/bumperbot_bringup/cmake/bumperbot_bringupConfig.cmake
[1.605s] -- Installing: /home/shivam/bumperbot_ws/install/bumperbot_bringup/share/bumperbot_bringup/cmake/bumperbot_bringupConfig-version.cmake
[1.605s] -- Installing: /home/shivam/bumperbot_ws/install/bumperbot_bringup/share/bumperbot_bringup/package.xml
[1.606s] Invoked command in '/home/shivam/bumperbot_ws/build/bumperbot_bringup' returned '0': CMAKE_PREFIX_PATH=/opt/ros/humble /usr/bin/cmake --install /home/shivam/bumperbot_ws/build/bumperbot_bringup
