[0.047s] Invoking command in '/home/shivam/bumperbot_ws/build/bumperbot_description': CMAKE_PREFIX_PATH=/opt/ros/humble /usr/bin/cmake --build /home/shivam/bumperbot_ws/build/bumperbot_description -- -j12 -l12
[0.188s] Invoked command in '/home/shivam/bumperbot_ws/build/bumperbot_description' returned '0': CMAKE_PREFIX_PATH=/opt/ros/humble /usr/bin/cmake --build /home/shivam/bumperbot_ws/build/bumperbot_description -- -j12 -l12
[0.291s] Invoking command in '/home/shivam/bumperbot_ws/build/bumperbot_description': CMAKE_PREFIX_PATH=/opt/ros/humble /usr/bin/cmake --install /home/shivam/bumperbot_ws/build/bumperbot_description
[0.322s] -- Install configuration: ""
[0.329s] -- Up-to-date: /home/shivam/bumperbot_ws/install/bumperbot_description/share/bumperbot_description/launch
[0.333s] -- Up-to-date: /home/shivam/bumperbot_ws/install/bumperbot_description/share/bumperbot_description/launch/gazebo.launch.py
[0.333s] -- Up-to-date: /home/shivam/bumperbot_ws/install/bumperbot_description/share/bumperbot_description/launch/display.launch.py
[0.333s] -- Up-to-date: /home/shivam/bumperbot_ws/install/bumperbot_description/share/bumperbot_description/meshes
[0.338s] -- Up-to-date: /home/shivam/bumperbot_ws/install/bumperbot_description/share/bumperbot_description/meshes/caster_front_link.STL
[0.338s] -- Up-to-date: /home/shivam/bumperbot_ws/install/bumperbot_description/share/bumperbot_description/meshes/imu_link.STL
[0.339s] -- Up-to-date: /home/shivam/bumperbot_ws/install/bumperbot_description/share/bumperbot_description/meshes/caster_rear_link.STL
[0.339s] -- Up-to-date: /home/shivam/bumperbot_ws/install/bumperbot_description/share/bumperbot_description/meshes/wheel_left_link.STL
[0.339s] -- Up-to-date: /home/shivam/bumperbot_ws/install/bumperbot_description/share/bumperbot_description/meshes/base_link.STL
[0.339s] -- Up-to-date: /home/shivam/bumperbot_ws/install/bumperbot_description/share/bumperbot_description/meshes/wheel_right_link.STL
[0.339s] -- Up-to-date: /home/shivam/bumperbot_ws/install/bumperbot_description/share/bumperbot_description/models
[0.342s] -- Up-to-date: /home/shivam/bumperbot_ws/install/bumperbot_description/share/bumperbot_description/models/ground_plane
[0.346s] -- Up-to-date: /home/shivam/bumperbot_ws/install/bumperbot_description/share/bumperbot_description/models/ground_plane/model-1_2.sdf
[0.346s] -- Up-to-date: /home/shivam/bumperbot_ws/install/bumperbot_description/share/bumperbot_description/models/ground_plane/model-1_4.sdf
[0.346s] -- Up-to-date: /home/shivam/bumperbot_ws/install/bumperbot_description/share/bumperbot_description/models/ground_plane/model.sdf
[0.346s] -- Up-to-date: /home/shivam/bumperbot_ws/install/bumperbot_description/share/bumperbot_description/models/ground_plane/model.config
[0.346s] -- Up-to-date: /home/shivam/bumperbot_ws/install/bumperbot_description/share/bumperbot_description/models/ground_plane/model-1_3.sdf
[0.346s] -- Up-to-date: /home/shivam/bumperbot_ws/install/bumperbot_description/share/bumperbot_description/models/sun
[0.349s] -- Up-to-date: /home/shivam/bumperbot_ws/install/bumperbot_description/share/bumperbot_description/models/sun/model-1_2.sdf
[0.349s] -- Up-to-date: /home/shivam/bumperbot_ws/install/bumperbot_description/share/bumperbot_description/models/sun/model-1_4.sdf
[0.349s] -- Up-to-date: /home/shivam/bumperbot_ws/install/bumperbot_description/share/bumperbot_description/models/sun/model.sdf
[0.350s] -- Up-to-date: /home/shivam/bumperbot_ws/install/bumperbot_description/share/bumperbot_description/models/sun/model.config
[0.350s] -- Up-to-date: /home/shivam/bumperbot_ws/install/bumperbot_description/share/bumperbot_description/models/sun/model-1_3.sdf
[0.350s] -- Up-to-date: /home/shivam/bumperbot_ws/install/bumperbot_description/share/bumperbot_description/urdf
[0.351s] -- Up-to-date: /home/shivam/bumperbot_ws/install/bumperbot_description/share/bumperbot_description/urdf/bumperbot_gazebo.xacro
[0.351s] -- Up-to-date: /home/shivam/bumperbot_ws/install/bumperbot_description/share/bumperbot_description/urdf/bumperbot_ros2_control.xacro
[0.351s] -- Up-to-date: /home/shivam/bumperbot_ws/install/bumperbot_description/share/bumperbot_description/urdf/bumperbot.urdf.xacro
[0.351s] -- Up-to-date: /home/shivam/bumperbot_ws/install/bumperbot_description/share/bumperbot_description/rviz
[0.355s] -- Up-to-date: /home/shivam/bumperbot_ws/install/bumperbot_description/share/bumperbot_description/rviz/display.rviz
[0.370s] -- Up-to-date: /home/shivam/bumperbot_ws/install/bumperbot_description/share/ament_index/resource_index/package_run_dependencies/bumperbot_description
[0.375s] -- Up-to-date: /home/shivam/bumperbot_ws/install/bumperbot_description/share/ament_index/resource_index/parent_prefix_path/bumperbot_description
[0.375s] -- Up-to-date: /home/shivam/bumperbot_ws/install/bumperbot_description/share/bumperbot_description/environment/ament_prefix_path.sh
[0.375s] -- Up-to-date: /home/shivam/bumperbot_ws/install/bumperbot_description/share/bumperbot_description/environment/ament_prefix_path.dsv
[0.376s] -- Up-to-date: /home/shivam/bumperbot_ws/install/bumperbot_description/share/bumperbot_description/environment/path.sh
[0.376s] -- Up-to-date: /home/shivam/bumperbot_ws/install/bumperbot_description/share/bumperbot_description/environment/path.dsv
[0.376s] -- Up-to-date: /home/shivam/bumperbot_ws/install/bumperbot_description/share/bumperbot_description/local_setup.bash
[0.376s] -- Up-to-date: /home/shivam/bumperbot_ws/install/bumperbot_description/share/bumperbot_description/local_setup.sh
[0.376s] -- Up-to-date: /home/shivam/bumperbot_ws/install/bumperbot_description/share/bumperbot_description/local_setup.zsh
[0.376s] -- Up-to-date: /home/shivam/bumperbot_ws/install/bumperbot_description/share/bumperbot_description/local_setup.dsv
[0.376s] -- Up-to-date: /home/shivam/bumperbot_ws/install/bumperbot_description/share/bumperbot_description/package.dsv
[0.376s] -- Up-to-date: /home/shivam/bumperbot_ws/install/bumperbot_description/share/ament_index/resource_index/packages/bumperbot_description
[0.385s] -- Up-to-date: /home/shivam/bumperbot_ws/install/bumperbot_description/share/bumperbot_description/cmake/bumperbot_descriptionConfig.cmake
[0.386s] -- Up-to-date: /home/shivam/bumperbot_ws/install/bumperbot_description/share/bumperbot_description/cmake/bumperbot_descriptionConfig-version.cmake
[0.386s] -- Up-to-date: /home/shivam/bumperbot_ws/install/bumperbot_description/share/bumperbot_description/package.xml
[0.547s] Invoked command in '/home/shivam/bumperbot_ws/build/bumperbot_description' returned '0': CMAKE_PREFIX_PATH=/opt/ros/humble /usr/bin/cmake --install /home/shivam/bumperbot_ws/build/bumperbot_description
