[0.045s] Invoking command in '/home/shivam/bumperbot_ws/build/bumperbot_controller': CMAKE_PREFIX_PATH=/opt/ros/humble /usr/bin/cmake --build /home/shivam/bumperbot_ws/build/bumperbot_controller -- -j12 -l12
[0.281s] [35m[1mConsolidate compiler generated dependencies of target simple_controller[0m
[0.285s] [35m[1mConsolidate compiler generated dependencies of target noisy_controller[0m
[0.344s] [  0%] Built target ament_cmake_python_copy_bumperbot_controller
[0.756s] [ 50%] Built target noisy_controller
[0.776s] [100%] Built target simple_controller
[1.023s] running egg_info
[1.026s] writing bumperbot_controller.egg-info/PKG-INFO
[1.026s] writing dependency_links to bumperbot_controller.egg-info/dependency_links.txt
[1.026s] writing top-level names to bumperbot_controller.egg-info/top_level.txt
[1.029s] reading manifest file 'bumperbot_controller.egg-info/SOURCES.txt'
[1.030s] writing manifest file 'bumperbot_controller.egg-info/SOURCES.txt'
[1.068s] [100%] Built target ament_cmake_python_build_bumperbot_controller_egg
[1.079s] Invoked command in '/home/shivam/bumperbot_ws/build/bumperbot_controller' returned '0': CMAKE_PREFIX_PATH=/opt/ros/humble /usr/bin/cmake --build /home/shivam/bumperbot_ws/build/bumperbot_controller -- -j12 -l12
[1.113s] Invoking command in '/home/shivam/bumperbot_ws/build/bumperbot_controller': CMAKE_PREFIX_PATH=/opt/ros/humble /usr/bin/cmake --install /home/shivam/bumperbot_ws/build/bumperbot_controller
[1.121s] -- Install configuration: ""
[1.123s] -- Up-to-date: /home/shivam/bumperbot_ws/install/bumperbot_controller/share/bumperbot_controller/environment/pythonpath.sh
[1.124s] -- Up-to-date: /home/shivam/bumperbot_ws/install/bumperbot_controller/share/bumperbot_controller/environment/pythonpath.dsv
[1.127s] -- Up-to-date: /home/shivam/bumperbot_ws/install/bumperbot_controller/local/lib/python3.10/dist-packages/bumperbot_controller-0.0.0-py3.10.egg-info
[1.128s] -- Installing: /home/shivam/bumperbot_ws/install/bumperbot_controller/local/lib/python3.10/dist-packages/bumperbot_controller-0.0.0-py3.10.egg-info/SOURCES.txt
[1.128s] -- Installing: /home/shivam/bumperbot_ws/install/bumperbot_controller/local/lib/python3.10/dist-packages/bumperbot_controller-0.0.0-py3.10.egg-info/dependency_links.txt
[1.129s] -- Installing: /home/shivam/bumperbot_ws/install/bumperbot_controller/local/lib/python3.10/dist-packages/bumperbot_controller-0.0.0-py3.10.egg-info/top_level.txt
[1.129s] -- Installing: /home/shivam/bumperbot_ws/install/bumperbot_controller/local/lib/python3.10/dist-packages/bumperbot_controller-0.0.0-py3.10.egg-info/PKG-INFO
[1.129s] -- Up-to-date: /home/shivam/bumperbot_ws/install/bumperbot_controller/local/lib/python3.10/dist-packages/bumperbot_controller
[1.129s] -- Up-to-date: /home/shivam/bumperbot_ws/install/bumperbot_controller/local/lib/python3.10/dist-packages/bumperbot_controller/__init__.py
[1.129s] -- Up-to-date: /home/shivam/bumperbot_ws/install/bumperbot_controller/local/lib/python3.10/dist-packages/bumperbot_controller/simple_controller.py
[1.129s] -- Up-to-date: /home/shivam/bumperbot_ws/install/bumperbot_controller/local/lib/python3.10/dist-packages/bumperbot_controller/noisy_controller.py
[1.163s] Listing '/home/shivam/bumperbot_ws/install/bumperbot_controller/local/lib/python3.10/dist-packages/bumperbot_controller'...
[1.170s] -- Up-to-date: /home/shivam/bumperbot_ws/install/bumperbot_controller/include/include
[1.172s] -- Up-to-date: /home/shivam/bumperbot_ws/install/bumperbot_controller/include/include/bumperbot_controller
[1.173s] -- Up-to-date: /home/shivam/bumperbot_ws/install/bumperbot_controller/include/include/bumperbot_controller/simple_controller.hpp
[1.173s] -- Up-to-date: /home/shivam/bumperbot_ws/install/bumperbot_controller/include/include/bumperbot_controller/noisy_controller.hpp
[1.176s] -- Up-to-date: /home/shivam/bumperbot_ws/install/bumperbot_controller/lib/bumperbot_controller/simple_controller
[1.184s] -- Up-to-date: /home/shivam/bumperbot_ws/install/bumperbot_controller/lib/bumperbot_controller/noisy_controller
[1.187s] -- Up-to-date: /home/shivam/bumperbot_ws/install/bumperbot_controller/share/bumperbot_controller/launch
[1.187s] -- Up-to-date: /home/shivam/bumperbot_ws/install/bumperbot_controller/share/bumperbot_controller/launch/controller.launch.py
[1.187s] -- Up-to-date: /home/shivam/bumperbot_ws/install/bumperbot_controller/share/bumperbot_controller/launch/joystick_teleop.launch.py
[1.187s] -- Up-to-date: /home/shivam/bumperbot_ws/install/bumperbot_controller/share/bumperbot_controller/config
[1.187s] -- Up-to-date: /home/shivam/bumperbot_ws/install/bumperbot_controller/share/bumperbot_controller/config/joy_teleop.yaml
[1.188s] -- Up-to-date: /home/shivam/bumperbot_ws/install/bumperbot_controller/share/bumperbot_controller/config/joy_config.yaml
[1.188s] -- Up-to-date: /home/shivam/bumperbot_ws/install/bumperbot_controller/share/bumperbot_controller/config/bumperbot_controllers.yaml
[1.188s] -- Up-to-date: /home/shivam/bumperbot_ws/install/bumperbot_controller/lib/bumperbot_controller/simple_controller.py
[1.188s] -- Up-to-date: /home/shivam/bumperbot_ws/install/bumperbot_controller/lib/bumperbot_controller/noisy_controller.py
[1.191s] -- Up-to-date: /home/shivam/bumperbot_ws/install/bumperbot_controller/share/ament_index/resource_index/package_run_dependencies/bumperbot_controller
[1.191s] -- Up-to-date: /home/shivam/bumperbot_ws/install/bumperbot_controller/share/ament_index/resource_index/parent_prefix_path/bumperbot_controller
[1.191s] -- Up-to-date: /home/shivam/bumperbot_ws/install/bumperbot_controller/share/bumperbot_controller/environment/ament_prefix_path.sh
[1.191s] -- Up-to-date: /home/shivam/bumperbot_ws/install/bumperbot_controller/share/bumperbot_controller/environment/ament_prefix_path.dsv
[1.192s] -- Up-to-date: /home/shivam/bumperbot_ws/install/bumperbot_controller/share/bumperbot_controller/environment/path.sh
[1.192s] -- Up-to-date: /home/shivam/bumperbot_ws/install/bumperbot_controller/share/bumperbot_controller/environment/path.dsv
[1.192s] -- Up-to-date: /home/shivam/bumperbot_ws/install/bumperbot_controller/share/bumperbot_controller/local_setup.bash
[1.192s] -- Up-to-date: /home/shivam/bumperbot_ws/install/bumperbot_controller/share/bumperbot_controller/local_setup.sh
[1.192s] -- Up-to-date: /home/shivam/bumperbot_ws/install/bumperbot_controller/share/bumperbot_controller/local_setup.zsh
[1.192s] -- Up-to-date: /home/shivam/bumperbot_ws/install/bumperbot_controller/share/bumperbot_controller/local_setup.dsv
[1.192s] -- Installing: /home/shivam/bumperbot_ws/install/bumperbot_controller/share/bumperbot_controller/package.dsv
[1.193s] -- Up-to-date: /home/shivam/bumperbot_ws/install/bumperbot_controller/share/ament_index/resource_index/packages/bumperbot_controller
[1.194s] -- Up-to-date: /home/shivam/bumperbot_ws/install/bumperbot_controller/share/bumperbot_controller/cmake/bumperbot_controllerConfig.cmake
[1.194s] -- Up-to-date: /home/shivam/bumperbot_ws/install/bumperbot_controller/share/bumperbot_controller/cmake/bumperbot_controllerConfig-version.cmake
[1.194s] -- Up-to-date: /home/shivam/bumperbot_ws/install/bumperbot_controller/share/bumperbot_controller/package.xml
[1.217s] Invoked command in '/home/shivam/bumperbot_ws/build/bumperbot_controller' returned '0': CMAKE_PREFIX_PATH=/opt/ros/humble /usr/bin/cmake --install /home/shivam/bumperbot_ws/build/bumperbot_controller
