[0.870s] DEBUG:colcon:Command line arguments: ['/usr/bin/colcon', 'build']
[0.871s] DEBUG:colcon:Parsed command line arguments: Namespace(log_base=None, log_level=None, verb_name='build', build_base='build', install_base='install', merge_install=False, symlink_install=False, test_result_base=None, continue_on_error=False, executor='parallel', parallel_workers=12, event_handlers=None, ignore_user_meta=False, metas=['./colcon.meta'], base_paths=['.'], packages_ignore=None, packages_ignore_regex=None, paths=None, packages_up_to=None, packages_up_to_regex=None, packages_above=None, packages_above_and_dependencies=None, packages_above_depth=None, packages_select_by_dep=None, packages_skip_by_dep=None, packages_skip_up_to=None, packages_select_build_failed=False, packages_skip_build_finished=False, packages_select_test_failures=False, packages_skip_test_passed=False, packages_select=None, packages_skip=None, packages_select_regex=None, packages_skip_regex=None, packages_start=None, packages_end=None, allow_overriding=[], cmake_args=None, cmake_target=None, cmake_target_skip_unavailable=False, cmake_clean_cache=False, cmake_clean_first=False, cmake_force_configure=False, ament_cmake_args=None, catkin_cmake_args=None, catkin_skip_building_tests=False, verb_parser=<colcon_defaults.argument_parser.defaults.DefaultArgumentsDecorator object at 0x7f51a4b64b80>, verb_extension=<colcon_core.verb.build.BuildVerb object at 0x7f51a4b64580>, main=<bound method BuildVerb.main of <colcon_core.verb.build.BuildVerb object at 0x7f51a4b64580>>)
[1.271s] Level 1:colcon.colcon_core.package_discovery:discover_packages(colcon_meta) check parameters
[1.272s] Level 1:colcon.colcon_core.package_discovery:discover_packages(recursive) check parameters
[1.272s] Level 1:colcon.colcon_core.package_discovery:discover_packages(ignore) check parameters
[1.272s] Level 1:colcon.colcon_core.package_discovery:discover_packages(path) check parameters
[1.272s] Level 1:colcon.colcon_core.package_discovery:discover_packages(colcon_meta) discover
[1.272s] Level 1:colcon.colcon_core.package_discovery:discover_packages(recursive) discover
[1.272s] INFO:colcon.colcon_core.package_discovery:Crawling recursively for packages in '/home/shivam/bumperbot_ws'
[1.272s] Level 1:colcon.colcon_core.package_identification:_identify(.) by extensions ['ignore', 'ignore_ament_install']
[1.272s] Level 1:colcon.colcon_core.package_identification:_identify(.) by extension 'ignore'
[1.272s] Level 1:colcon.colcon_core.package_identification:_identify(.) by extension 'ignore_ament_install'
[1.272s] Level 1:colcon.colcon_core.package_identification:_identify(.) by extensions ['colcon_pkg']
[1.272s] Level 1:colcon.colcon_core.package_identification:_identify(.) by extension 'colcon_pkg'
[1.272s] Level 1:colcon.colcon_core.package_identification:_identify(.) by extensions ['colcon_meta']
[1.272s] Level 1:colcon.colcon_core.package_identification:_identify(.) by extension 'colcon_meta'
[1.272s] Level 1:colcon.colcon_core.package_identification:_identify(.) by extensions ['ros']
[1.272s] Level 1:colcon.colcon_core.package_identification:_identify(.) by extension 'ros'
[1.291s] Level 1:colcon.colcon_core.package_identification:_identify(.) by extensions ['cmake', 'python']
[1.291s] Level 1:colcon.colcon_core.package_identification:_identify(.) by extension 'cmake'
[1.291s] Level 1:colcon.colcon_core.package_identification:_identify(.) by extension 'python'
[1.291s] Level 1:colcon.colcon_core.package_identification:_identify(.) by extensions ['python_setup_py']
[1.291s] Level 1:colcon.colcon_core.package_identification:_identify(.) by extension 'python_setup_py'
[1.291s] Level 1:colcon.colcon_core.package_identification:_identify(build) by extensions ['ignore', 'ignore_ament_install']
[1.291s] Level 1:colcon.colcon_core.package_identification:_identify(build) by extension 'ignore'
[1.291s] Level 1:colcon.colcon_core.package_identification:_identify(build) ignored
[1.292s] Level 1:colcon.colcon_core.package_identification:_identify(install) by extensions ['ignore', 'ignore_ament_install']
[1.292s] Level 1:colcon.colcon_core.package_identification:_identify(install) by extension 'ignore'
[1.292s] Level 1:colcon.colcon_core.package_identification:_identify(install) ignored
[1.292s] Level 1:colcon.colcon_core.package_identification:_identify(log) by extensions ['ignore', 'ignore_ament_install']
[1.292s] Level 1:colcon.colcon_core.package_identification:_identify(log) by extension 'ignore'
[1.292s] Level 1:colcon.colcon_core.package_identification:_identify(log) ignored
[1.292s] Level 1:colcon.colcon_core.package_identification:_identify(src) by extensions ['ignore', 'ignore_ament_install']
[1.293s] Level 1:colcon.colcon_core.package_identification:_identify(src) by extension 'ignore'
[1.293s] Level 1:colcon.colcon_core.package_identification:_identify(src) by extension 'ignore_ament_install'
[1.293s] Level 1:colcon.colcon_core.package_identification:_identify(src) by extensions ['colcon_pkg']
[1.293s] Level 1:colcon.colcon_core.package_identification:_identify(src) by extension 'colcon_pkg'
[1.293s] Level 1:colcon.colcon_core.package_identification:_identify(src) by extensions ['colcon_meta']
[1.293s] Level 1:colcon.colcon_core.package_identification:_identify(src) by extension 'colcon_meta'
[1.293s] Level 1:colcon.colcon_core.package_identification:_identify(src) by extensions ['ros']
[1.293s] Level 1:colcon.colcon_core.package_identification:_identify(src) by extension 'ros'
[1.293s] Level 1:colcon.colcon_core.package_identification:_identify(src) by extensions ['cmake', 'python']
[1.293s] Level 1:colcon.colcon_core.package_identification:_identify(src) by extension 'cmake'
[1.293s] Level 1:colcon.colcon_core.package_identification:_identify(src) by extension 'python'
[1.293s] Level 1:colcon.colcon_core.package_identification:_identify(src) by extensions ['python_setup_py']
[1.293s] Level 1:colcon.colcon_core.package_identification:_identify(src) by extension 'python_setup_py'
[1.294s] Level 1:colcon.colcon_core.package_identification:_identify(src/bumperbot_bringup) by extensions ['ignore', 'ignore_ament_install']
[1.294s] Level 1:colcon.colcon_core.package_identification:_identify(src/bumperbot_bringup) by extension 'ignore'
[1.294s] Level 1:colcon.colcon_core.package_identification:_identify(src/bumperbot_bringup) by extension 'ignore_ament_install'
[1.294s] Level 1:colcon.colcon_core.package_identification:_identify(src/bumperbot_bringup) by extensions ['colcon_pkg']
[1.294s] Level 1:colcon.colcon_core.package_identification:_identify(src/bumperbot_bringup) by extension 'colcon_pkg'
[1.294s] Level 1:colcon.colcon_core.package_identification:_identify(src/bumperbot_bringup) by extensions ['colcon_meta']
[1.294s] Level 1:colcon.colcon_core.package_identification:_identify(src/bumperbot_bringup) by extension 'colcon_meta'
[1.294s] Level 1:colcon.colcon_core.package_identification:_identify(src/bumperbot_bringup) by extensions ['ros']
[1.294s] Level 1:colcon.colcon_core.package_identification:_identify(src/bumperbot_bringup) by extension 'ros'
[1.298s] DEBUG:colcon.colcon_core.package_identification:Package 'src/bumperbot_bringup' with type 'ros.ament_cmake' and name 'bumperbot_bringup'
[1.298s] Level 1:colcon.colcon_core.package_identification:_identify(src/bumperbot_controller) by extensions ['ignore', 'ignore_ament_install']
[1.298s] Level 1:colcon.colcon_core.package_identification:_identify(src/bumperbot_controller) by extension 'ignore'
[1.298s] Level 1:colcon.colcon_core.package_identification:_identify(src/bumperbot_controller) by extension 'ignore_ament_install'
[1.298s] Level 1:colcon.colcon_core.package_identification:_identify(src/bumperbot_controller) by extensions ['colcon_pkg']
[1.298s] Level 1:colcon.colcon_core.package_identification:_identify(src/bumperbot_controller) by extension 'colcon_pkg'
[1.298s] Level 1:colcon.colcon_core.package_identification:_identify(src/bumperbot_controller) by extensions ['colcon_meta']
[1.299s] Level 1:colcon.colcon_core.package_identification:_identify(src/bumperbot_controller) by extension 'colcon_meta'
[1.299s] Level 1:colcon.colcon_core.package_identification:_identify(src/bumperbot_controller) by extensions ['ros']
[1.299s] Level 1:colcon.colcon_core.package_identification:_identify(src/bumperbot_controller) by extension 'ros'
[1.301s] DEBUG:colcon.colcon_core.package_identification:Package 'src/bumperbot_controller' with type 'ros.ament_cmake' and name 'bumperbot_controller'
[1.301s] Level 1:colcon.colcon_core.package_identification:_identify(src/bumperbot_cpp_examples) by extensions ['ignore', 'ignore_ament_install']
[1.302s] Level 1:colcon.colcon_core.package_identification:_identify(src/bumperbot_cpp_examples) by extension 'ignore'
[1.302s] Level 1:colcon.colcon_core.package_identification:_identify(src/bumperbot_cpp_examples) by extension 'ignore_ament_install'
[1.302s] Level 1:colcon.colcon_core.package_identification:_identify(src/bumperbot_cpp_examples) by extensions ['colcon_pkg']
[1.302s] Level 1:colcon.colcon_core.package_identification:_identify(src/bumperbot_cpp_examples) by extension 'colcon_pkg'
[1.302s] Level 1:colcon.colcon_core.package_identification:_identify(src/bumperbot_cpp_examples) by extensions ['colcon_meta']
[1.302s] Level 1:colcon.colcon_core.package_identification:_identify(src/bumperbot_cpp_examples) by extension 'colcon_meta'
[1.302s] Level 1:colcon.colcon_core.package_identification:_identify(src/bumperbot_cpp_examples) by extensions ['ros']
[1.302s] Level 1:colcon.colcon_core.package_identification:_identify(src/bumperbot_cpp_examples) by extension 'ros'
[1.303s] DEBUG:colcon.colcon_core.package_identification:Package 'src/bumperbot_cpp_examples' with type 'ros.ament_cmake' and name 'bumperbot_cpp_examples'
[1.304s] Level 1:colcon.colcon_core.package_identification:_identify(src/bumperbot_description) by extensions ['ignore', 'ignore_ament_install']
[1.304s] Level 1:colcon.colcon_core.package_identification:_identify(src/bumperbot_description) by extension 'ignore'
[1.304s] Level 1:colcon.colcon_core.package_identification:_identify(src/bumperbot_description) by extension 'ignore_ament_install'
[1.304s] Level 1:colcon.colcon_core.package_identification:_identify(src/bumperbot_description) by extensions ['colcon_pkg']
[1.304s] Level 1:colcon.colcon_core.package_identification:_identify(src/bumperbot_description) by extension 'colcon_pkg'
[1.304s] Level 1:colcon.colcon_core.package_identification:_identify(src/bumperbot_description) by extensions ['colcon_meta']
[1.304s] Level 1:colcon.colcon_core.package_identification:_identify(src/bumperbot_description) by extension 'colcon_meta'
[1.304s] Level 1:colcon.colcon_core.package_identification:_identify(src/bumperbot_description) by extensions ['ros']
[1.304s] Level 1:colcon.colcon_core.package_identification:_identify(src/bumperbot_description) by extension 'ros'
[1.305s] DEBUG:colcon.colcon_core.package_identification:Package 'src/bumperbot_description' with type 'ros.ament_cmake' and name 'bumperbot_description'
[1.305s] Level 1:colcon.colcon_core.package_identification:_identify(src/bumperbot_firmware) by extensions ['ignore', 'ignore_ament_install']
[1.305s] Level 1:colcon.colcon_core.package_identification:_identify(src/bumperbot_firmware) by extension 'ignore'
[1.305s] Level 1:colcon.colcon_core.package_identification:_identify(src/bumperbot_firmware) by extension 'ignore_ament_install'
[1.305s] Level 1:colcon.colcon_core.package_identification:_identify(src/bumperbot_firmware) by extensions ['colcon_pkg']
[1.305s] Level 1:colcon.colcon_core.package_identification:_identify(src/bumperbot_firmware) by extension 'colcon_pkg'
[1.305s] Level 1:colcon.colcon_core.package_identification:_identify(src/bumperbot_firmware) by extensions ['colcon_meta']
[1.305s] Level 1:colcon.colcon_core.package_identification:_identify(src/bumperbot_firmware) by extension 'colcon_meta'
[1.305s] Level 1:colcon.colcon_core.package_identification:_identify(src/bumperbot_firmware) by extensions ['ros']
[1.305s] Level 1:colcon.colcon_core.package_identification:_identify(src/bumperbot_firmware) by extension 'ros'
[1.307s] DEBUG:colcon.colcon_core.package_identification:Package 'src/bumperbot_firmware' with type 'ros.ament_cmake' and name 'bumperbot_firmware'
[1.308s] Level 1:colcon.colcon_core.package_identification:_identify(src/bumperbot_localization) by extensions ['ignore', 'ignore_ament_install']
[1.308s] Level 1:colcon.colcon_core.package_identification:_identify(src/bumperbot_localization) by extension 'ignore'
[1.308s] Level 1:colcon.colcon_core.package_identification:_identify(src/bumperbot_localization) by extension 'ignore_ament_install'
[1.308s] Level 1:colcon.colcon_core.package_identification:_identify(src/bumperbot_localization) by extensions ['colcon_pkg']
[1.308s] Level 1:colcon.colcon_core.package_identification:_identify(src/bumperbot_localization) by extension 'colcon_pkg'
[1.308s] Level 1:colcon.colcon_core.package_identification:_identify(src/bumperbot_localization) by extensions ['colcon_meta']
[1.308s] Level 1:colcon.colcon_core.package_identification:_identify(src/bumperbot_localization) by extension 'colcon_meta'
[1.308s] Level 1:colcon.colcon_core.package_identification:_identify(src/bumperbot_localization) by extensions ['ros']
[1.308s] Level 1:colcon.colcon_core.package_identification:_identify(src/bumperbot_localization) by extension 'ros'
[1.310s] DEBUG:colcon.colcon_core.package_identification:Package 'src/bumperbot_localization' with type 'ros.ament_cmake' and name 'bumperbot_localization'
[1.310s] Level 1:colcon.colcon_core.package_identification:_identify(src/bumperbot_msgs) by extensions ['ignore', 'ignore_ament_install']
[1.310s] Level 1:colcon.colcon_core.package_identification:_identify(src/bumperbot_msgs) by extension 'ignore'
[1.310s] Level 1:colcon.colcon_core.package_identification:_identify(src/bumperbot_msgs) by extension 'ignore_ament_install'
[1.310s] Level 1:colcon.colcon_core.package_identification:_identify(src/bumperbot_msgs) by extensions ['colcon_pkg']
[1.310s] Level 1:colcon.colcon_core.package_identification:_identify(src/bumperbot_msgs) by extension 'colcon_pkg'
[1.310s] Level 1:colcon.colcon_core.package_identification:_identify(src/bumperbot_msgs) by extensions ['colcon_meta']
[1.310s] Level 1:colcon.colcon_core.package_identification:_identify(src/bumperbot_msgs) by extension 'colcon_meta'
[1.310s] Level 1:colcon.colcon_core.package_identification:_identify(src/bumperbot_msgs) by extensions ['ros']
[1.310s] Level 1:colcon.colcon_core.package_identification:_identify(src/bumperbot_msgs) by extension 'ros'
[1.311s] DEBUG:colcon.colcon_core.package_identification:Package 'src/bumperbot_msgs' with type 'ros.ament_cmake' and name 'bumperbot_msgs'
[1.312s] Level 1:colcon.colcon_core.package_identification:_identify(src/bumperbot_py_examples) by extensions ['ignore', 'ignore_ament_install']
[1.312s] Level 1:colcon.colcon_core.package_identification:_identify(src/bumperbot_py_examples) by extension 'ignore'
[1.312s] Level 1:colcon.colcon_core.package_identification:_identify(src/bumperbot_py_examples) by extension 'ignore_ament_install'
[1.312s] Level 1:colcon.colcon_core.package_identification:_identify(src/bumperbot_py_examples) by extensions ['colcon_pkg']
[1.312s] Level 1:colcon.colcon_core.package_identification:_identify(src/bumperbot_py_examples) by extension 'colcon_pkg'
[1.312s] Level 1:colcon.colcon_core.package_identification:_identify(src/bumperbot_py_examples) by extensions ['colcon_meta']
[1.312s] Level 1:colcon.colcon_core.package_identification:_identify(src/bumperbot_py_examples) by extension 'colcon_meta'
[1.312s] Level 1:colcon.colcon_core.package_identification:_identify(src/bumperbot_py_examples) by extensions ['ros']
[1.312s] Level 1:colcon.colcon_core.package_identification:_identify(src/bumperbot_py_examples) by extension 'ros'
[1.314s] DEBUG:colcon.colcon_core.package_identification:Package 'src/bumperbot_py_examples' with type 'ros.ament_python' and name 'bumperbot_py_examples'
[1.315s] Level 1:colcon.colcon_core.package_discovery:discover_packages(recursive) using defaults
[1.315s] Level 1:colcon.colcon_core.package_discovery:discover_packages(ignore) discover
[1.315s] Level 1:colcon.colcon_core.package_discovery:discover_packages(ignore) using defaults
[1.315s] Level 1:colcon.colcon_core.package_discovery:discover_packages(path) discover
[1.315s] Level 1:colcon.colcon_core.package_discovery:discover_packages(path) using defaults
[1.370s] Level 1:colcon.colcon_core.package_discovery:discover_packages(prefix_path) check parameters
[1.370s] Level 1:colcon.colcon_core.package_discovery:discover_packages(prefix_path) discover
[1.375s] DEBUG:colcon.colcon_installed_package_information.package_discovery:Found 382 installed packages in /opt/ros/humble
[1.377s] Level 1:colcon.colcon_core.package_discovery:discover_packages(prefix_path) using defaults
[1.429s] Level 5:colcon.colcon_core.verb:set package 'bumperbot_bringup' build argument 'cmake_args' from command line to 'None'
[1.430s] Level 5:colcon.colcon_core.verb:set package 'bumperbot_bringup' build argument 'cmake_target' from command line to 'None'
[1.430s] Level 5:colcon.colcon_core.verb:set package 'bumperbot_bringup' build argument 'cmake_target_skip_unavailable' from command line to 'False'
[1.430s] Level 5:colcon.colcon_core.verb:set package 'bumperbot_bringup' build argument 'cmake_clean_cache' from command line to 'False'
[1.430s] Level 5:colcon.colcon_core.verb:set package 'bumperbot_bringup' build argument 'cmake_clean_first' from command line to 'False'
[1.430s] Level 5:colcon.colcon_core.verb:set package 'bumperbot_bringup' build argument 'cmake_force_configure' from command line to 'False'
[1.430s] Level 5:colcon.colcon_core.verb:set package 'bumperbot_bringup' build argument 'ament_cmake_args' from command line to 'None'
[1.430s] Level 5:colcon.colcon_core.verb:set package 'bumperbot_bringup' build argument 'catkin_cmake_args' from command line to 'None'
[1.430s] Level 5:colcon.colcon_core.verb:set package 'bumperbot_bringup' build argument 'catkin_skip_building_tests' from command line to 'False'
[1.430s] DEBUG:colcon.colcon_core.verb:Building package 'bumperbot_bringup' with the following arguments: {'ament_cmake_args': None, 'build_base': '/home/shivam/bumperbot_ws/build/bumperbot_bringup', 'catkin_cmake_args': None, 'catkin_skip_building_tests': False, 'cmake_args': None, 'cmake_clean_cache': False, 'cmake_clean_first': False, 'cmake_force_configure': False, 'cmake_target': None, 'cmake_target_skip_unavailable': False, 'install_base': '/home/shivam/bumperbot_ws/install/bumperbot_bringup', 'merge_install': False, 'path': '/home/shivam/bumperbot_ws/src/bumperbot_bringup', 'symlink_install': False, 'test_result_base': None}
[1.430s] Level 5:colcon.colcon_core.verb:set package 'bumperbot_controller' build argument 'cmake_args' from command line to 'None'
[1.430s] Level 5:colcon.colcon_core.verb:set package 'bumperbot_controller' build argument 'cmake_target' from command line to 'None'
[1.430s] Level 5:colcon.colcon_core.verb:set package 'bumperbot_controller' build argument 'cmake_target_skip_unavailable' from command line to 'False'
[1.430s] Level 5:colcon.colcon_core.verb:set package 'bumperbot_controller' build argument 'cmake_clean_cache' from command line to 'False'
[1.430s] Level 5:colcon.colcon_core.verb:set package 'bumperbot_controller' build argument 'cmake_clean_first' from command line to 'False'
[1.430s] Level 5:colcon.colcon_core.verb:set package 'bumperbot_controller' build argument 'cmake_force_configure' from command line to 'False'
[1.430s] Level 5:colcon.colcon_core.verb:set package 'bumperbot_controller' build argument 'ament_cmake_args' from command line to 'None'
[1.430s] Level 5:colcon.colcon_core.verb:set package 'bumperbot_controller' build argument 'catkin_cmake_args' from command line to 'None'
[1.430s] Level 5:colcon.colcon_core.verb:set package 'bumperbot_controller' build argument 'catkin_skip_building_tests' from command line to 'False'
[1.430s] DEBUG:colcon.colcon_core.verb:Building package 'bumperbot_controller' with the following arguments: {'ament_cmake_args': None, 'build_base': '/home/shivam/bumperbot_ws/build/bumperbot_controller', 'catkin_cmake_args': None, 'catkin_skip_building_tests': False, 'cmake_args': None, 'cmake_clean_cache': False, 'cmake_clean_first': False, 'cmake_force_configure': False, 'cmake_target': None, 'cmake_target_skip_unavailable': False, 'install_base': '/home/shivam/bumperbot_ws/install/bumperbot_controller', 'merge_install': False, 'path': '/home/shivam/bumperbot_ws/src/bumperbot_controller', 'symlink_install': False, 'test_result_base': None}
[1.431s] Level 5:colcon.colcon_core.verb:set package 'bumperbot_description' build argument 'cmake_args' from command line to 'None'
[1.431s] Level 5:colcon.colcon_core.verb:set package 'bumperbot_description' build argument 'cmake_target' from command line to 'None'
[1.431s] Level 5:colcon.colcon_core.verb:set package 'bumperbot_description' build argument 'cmake_target_skip_unavailable' from command line to 'False'
[1.431s] Level 5:colcon.colcon_core.verb:set package 'bumperbot_description' build argument 'cmake_clean_cache' from command line to 'False'
[1.431s] Level 5:colcon.colcon_core.verb:set package 'bumperbot_description' build argument 'cmake_clean_first' from command line to 'False'
[1.431s] Level 5:colcon.colcon_core.verb:set package 'bumperbot_description' build argument 'cmake_force_configure' from command line to 'False'
[1.431s] Level 5:colcon.colcon_core.verb:set package 'bumperbot_description' build argument 'ament_cmake_args' from command line to 'None'
[1.431s] Level 5:colcon.colcon_core.verb:set package 'bumperbot_description' build argument 'catkin_cmake_args' from command line to 'None'
[1.431s] Level 5:colcon.colcon_core.verb:set package 'bumperbot_description' build argument 'catkin_skip_building_tests' from command line to 'False'
[1.431s] DEBUG:colcon.colcon_core.verb:Building package 'bumperbot_description' with the following arguments: {'ament_cmake_args': None, 'build_base': '/home/shivam/bumperbot_ws/build/bumperbot_description', 'catkin_cmake_args': None, 'catkin_skip_building_tests': False, 'cmake_args': None, 'cmake_clean_cache': False, 'cmake_clean_first': False, 'cmake_force_configure': False, 'cmake_target': None, 'cmake_target_skip_unavailable': False, 'install_base': '/home/shivam/bumperbot_ws/install/bumperbot_description', 'merge_install': False, 'path': '/home/shivam/bumperbot_ws/src/bumperbot_description', 'symlink_install': False, 'test_result_base': None}
[1.431s] Level 5:colcon.colcon_core.verb:set package 'bumperbot_firmware' build argument 'cmake_args' from command line to 'None'
[1.431s] Level 5:colcon.colcon_core.verb:set package 'bumperbot_firmware' build argument 'cmake_target' from command line to 'None'
[1.431s] Level 5:colcon.colcon_core.verb:set package 'bumperbot_firmware' build argument 'cmake_target_skip_unavailable' from command line to 'False'
[1.431s] Level 5:colcon.colcon_core.verb:set package 'bumperbot_firmware' build argument 'cmake_clean_cache' from command line to 'False'
[1.431s] Level 5:colcon.colcon_core.verb:set package 'bumperbot_firmware' build argument 'cmake_clean_first' from command line to 'False'
[1.431s] Level 5:colcon.colcon_core.verb:set package 'bumperbot_firmware' build argument 'cmake_force_configure' from command line to 'False'
[1.432s] Level 5:colcon.colcon_core.verb:set package 'bumperbot_firmware' build argument 'ament_cmake_args' from command line to 'None'
[1.432s] Level 5:colcon.colcon_core.verb:set package 'bumperbot_firmware' build argument 'catkin_cmake_args' from command line to 'None'
[1.432s] Level 5:colcon.colcon_core.verb:set package 'bumperbot_firmware' build argument 'catkin_skip_building_tests' from command line to 'False'
[1.432s] DEBUG:colcon.colcon_core.verb:Building package 'bumperbot_firmware' with the following arguments: {'ament_cmake_args': None, 'build_base': '/home/shivam/bumperbot_ws/build/bumperbot_firmware', 'catkin_cmake_args': None, 'catkin_skip_building_tests': False, 'cmake_args': None, 'cmake_clean_cache': False, 'cmake_clean_first': False, 'cmake_force_configure': False, 'cmake_target': None, 'cmake_target_skip_unavailable': False, 'install_base': '/home/shivam/bumperbot_ws/install/bumperbot_firmware', 'merge_install': False, 'path': '/home/shivam/bumperbot_ws/src/bumperbot_firmware', 'symlink_install': False, 'test_result_base': None}
[1.433s] Level 5:colcon.colcon_core.verb:set package 'bumperbot_localization' build argument 'cmake_args' from command line to 'None'
[1.433s] Level 5:colcon.colcon_core.verb:set package 'bumperbot_localization' build argument 'cmake_target' from command line to 'None'
[1.433s] Level 5:colcon.colcon_core.verb:set package 'bumperbot_localization' build argument 'cmake_target_skip_unavailable' from command line to 'False'
[1.433s] Level 5:colcon.colcon_core.verb:set package 'bumperbot_localization' build argument 'cmake_clean_cache' from command line to 'False'
[1.433s] Level 5:colcon.colcon_core.verb:set package 'bumperbot_localization' build argument 'cmake_clean_first' from command line to 'False'
[1.433s] Level 5:colcon.colcon_core.verb:set package 'bumperbot_localization' build argument 'cmake_force_configure' from command line to 'False'
[1.433s] Level 5:colcon.colcon_core.verb:set package 'bumperbot_localization' build argument 'ament_cmake_args' from command line to 'None'
[1.433s] Level 5:colcon.colcon_core.verb:set package 'bumperbot_localization' build argument 'catkin_cmake_args' from command line to 'None'
[1.433s] Level 5:colcon.colcon_core.verb:set package 'bumperbot_localization' build argument 'catkin_skip_building_tests' from command line to 'False'
[1.433s] DEBUG:colcon.colcon_core.verb:Building package 'bumperbot_localization' with the following arguments: {'ament_cmake_args': None, 'build_base': '/home/shivam/bumperbot_ws/build/bumperbot_localization', 'catkin_cmake_args': None, 'catkin_skip_building_tests': False, 'cmake_args': None, 'cmake_clean_cache': False, 'cmake_clean_first': False, 'cmake_force_configure': False, 'cmake_target': None, 'cmake_target_skip_unavailable': False, 'install_base': '/home/shivam/bumperbot_ws/install/bumperbot_localization', 'merge_install': False, 'path': '/home/shivam/bumperbot_ws/src/bumperbot_localization', 'symlink_install': False, 'test_result_base': None}
[1.434s] Level 5:colcon.colcon_core.verb:set package 'bumperbot_msgs' build argument 'cmake_args' from command line to 'None'
[1.434s] Level 5:colcon.colcon_core.verb:set package 'bumperbot_msgs' build argument 'cmake_target' from command line to 'None'
[1.434s] Level 5:colcon.colcon_core.verb:set package 'bumperbot_msgs' build argument 'cmake_target_skip_unavailable' from command line to 'False'
[1.434s] Level 5:colcon.colcon_core.verb:set package 'bumperbot_msgs' build argument 'cmake_clean_cache' from command line to 'False'
[1.434s] Level 5:colcon.colcon_core.verb:set package 'bumperbot_msgs' build argument 'cmake_clean_first' from command line to 'False'
[1.434s] Level 5:colcon.colcon_core.verb:set package 'bumperbot_msgs' build argument 'cmake_force_configure' from command line to 'False'
[1.434s] Level 5:colcon.colcon_core.verb:set package 'bumperbot_msgs' build argument 'ament_cmake_args' from command line to 'None'
[1.434s] Level 5:colcon.colcon_core.verb:set package 'bumperbot_msgs' build argument 'catkin_cmake_args' from command line to 'None'
[1.434s] Level 5:colcon.colcon_core.verb:set package 'bumperbot_msgs' build argument 'catkin_skip_building_tests' from command line to 'False'
[1.434s] DEBUG:colcon.colcon_core.verb:Building package 'bumperbot_msgs' with the following arguments: {'ament_cmake_args': None, 'build_base': '/home/shivam/bumperbot_ws/build/bumperbot_msgs', 'catkin_cmake_args': None, 'catkin_skip_building_tests': False, 'cmake_args': None, 'cmake_clean_cache': False, 'cmake_clean_first': False, 'cmake_force_configure': False, 'cmake_target': None, 'cmake_target_skip_unavailable': False, 'install_base': '/home/shivam/bumperbot_ws/install/bumperbot_msgs', 'merge_install': False, 'path': '/home/shivam/bumperbot_ws/src/bumperbot_msgs', 'symlink_install': False, 'test_result_base': None}
[1.434s] Level 5:colcon.colcon_core.verb:set package 'bumperbot_cpp_examples' build argument 'cmake_args' from command line to 'None'
[1.434s] Level 5:colcon.colcon_core.verb:set package 'bumperbot_cpp_examples' build argument 'cmake_target' from command line to 'None'
[1.434s] Level 5:colcon.colcon_core.verb:set package 'bumperbot_cpp_examples' build argument 'cmake_target_skip_unavailable' from command line to 'False'
[1.434s] Level 5:colcon.colcon_core.verb:set package 'bumperbot_cpp_examples' build argument 'cmake_clean_cache' from command line to 'False'
[1.434s] Level 5:colcon.colcon_core.verb:set package 'bumperbot_cpp_examples' build argument 'cmake_clean_first' from command line to 'False'
[1.434s] Level 5:colcon.colcon_core.verb:set package 'bumperbot_cpp_examples' build argument 'cmake_force_configure' from command line to 'False'
[1.434s] Level 5:colcon.colcon_core.verb:set package 'bumperbot_cpp_examples' build argument 'ament_cmake_args' from command line to 'None'
[1.434s] Level 5:colcon.colcon_core.verb:set package 'bumperbot_cpp_examples' build argument 'catkin_cmake_args' from command line to 'None'
[1.434s] Level 5:colcon.colcon_core.verb:set package 'bumperbot_cpp_examples' build argument 'catkin_skip_building_tests' from command line to 'False'
[1.434s] DEBUG:colcon.colcon_core.verb:Building package 'bumperbot_cpp_examples' with the following arguments: {'ament_cmake_args': None, 'build_base': '/home/shivam/bumperbot_ws/build/bumperbot_cpp_examples', 'catkin_cmake_args': None, 'catkin_skip_building_tests': False, 'cmake_args': None, 'cmake_clean_cache': False, 'cmake_clean_first': False, 'cmake_force_configure': False, 'cmake_target': None, 'cmake_target_skip_unavailable': False, 'install_base': '/home/shivam/bumperbot_ws/install/bumperbot_cpp_examples', 'merge_install': False, 'path': '/home/shivam/bumperbot_ws/src/bumperbot_cpp_examples', 'symlink_install': False, 'test_result_base': None}
[1.435s] Level 5:colcon.colcon_core.verb:set package 'bumperbot_py_examples' build argument 'cmake_args' from command line to 'None'
[1.435s] Level 5:colcon.colcon_core.verb:set package 'bumperbot_py_examples' build argument 'cmake_target' from command line to 'None'
[1.435s] Level 5:colcon.colcon_core.verb:set package 'bumperbot_py_examples' build argument 'cmake_target_skip_unavailable' from command line to 'False'
[1.435s] Level 5:colcon.colcon_core.verb:set package 'bumperbot_py_examples' build argument 'cmake_clean_cache' from command line to 'False'
[1.435s] Level 5:colcon.colcon_core.verb:set package 'bumperbot_py_examples' build argument 'cmake_clean_first' from command line to 'False'
[1.435s] Level 5:colcon.colcon_core.verb:set package 'bumperbot_py_examples' build argument 'cmake_force_configure' from command line to 'False'
[1.435s] Level 5:colcon.colcon_core.verb:set package 'bumperbot_py_examples' build argument 'ament_cmake_args' from command line to 'None'
[1.435s] Level 5:colcon.colcon_core.verb:set package 'bumperbot_py_examples' build argument 'catkin_cmake_args' from command line to 'None'
[1.435s] Level 5:colcon.colcon_core.verb:set package 'bumperbot_py_examples' build argument 'catkin_skip_building_tests' from command line to 'False'
[1.435s] DEBUG:colcon.colcon_core.verb:Building package 'bumperbot_py_examples' with the following arguments: {'ament_cmake_args': None, 'build_base': '/home/shivam/bumperbot_ws/build/bumperbot_py_examples', 'catkin_cmake_args': None, 'catkin_skip_building_tests': False, 'cmake_args': None, 'cmake_clean_cache': False, 'cmake_clean_first': False, 'cmake_force_configure': False, 'cmake_target': None, 'cmake_target_skip_unavailable': False, 'install_base': '/home/shivam/bumperbot_ws/install/bumperbot_py_examples', 'merge_install': False, 'path': '/home/shivam/bumperbot_ws/src/bumperbot_py_examples', 'symlink_install': False, 'test_result_base': None}
[1.435s] INFO:colcon.colcon_core.executor:Executing jobs using 'parallel' executor
[1.436s] DEBUG:colcon.colcon_parallel_executor.executor.parallel:run_until_complete
[1.437s] INFO:colcon.colcon_ros.task.ament_cmake.build:Building ROS package in '/home/shivam/bumperbot_ws/src/bumperbot_msgs' with build type 'ament_cmake'
[1.437s] INFO:colcon.colcon_cmake.task.cmake.build:Building CMake package in '/home/shivam/bumperbot_ws/src/bumperbot_msgs'
[1.445s] INFO:colcon.colcon_core.plugin_system:Skipping extension 'colcon_core.shell.bat': Not used on non-Windows systems
[1.445s] INFO:colcon.colcon_core.shell:Skip shell extension 'powershell' for command environment: Not usable outside of PowerShell
[1.445s] DEBUG:colcon.colcon_core.shell:Skip shell extension 'dsv' for command environment
[1.450s] INFO:colcon.colcon_ros.task.ament_cmake.build:Building ROS package in '/home/shivam/bumperbot_ws/src/bumperbot_bringup' with build type 'ament_cmake'
[1.450s] INFO:colcon.colcon_cmake.task.cmake.build:Building CMake package in '/home/shivam/bumperbot_ws/src/bumperbot_bringup'
[1.450s] INFO:colcon.colcon_core.shell:Skip shell extension 'powershell' for command environment: Not usable outside of PowerShell
[1.450s] DEBUG:colcon.colcon_core.shell:Skip shell extension 'dsv' for command environment
[1.455s] INFO:colcon.colcon_ros.task.ament_cmake.build:Building ROS package in '/home/shivam/bumperbot_ws/src/bumperbot_controller' with build type 'ament_cmake'
[1.456s] INFO:colcon.colcon_cmake.task.cmake.build:Building CMake package in '/home/shivam/bumperbot_ws/src/bumperbot_controller'
[1.456s] INFO:colcon.colcon_core.shell:Skip shell extension 'powershell' for command environment: Not usable outside of PowerShell
[1.456s] DEBUG:colcon.colcon_core.shell:Skip shell extension 'dsv' for command environment
[1.459s] INFO:colcon.colcon_ros.task.ament_cmake.build:Building ROS package in '/home/shivam/bumperbot_ws/src/bumperbot_description' with build type 'ament_cmake'
[1.459s] INFO:colcon.colcon_cmake.task.cmake.build:Building CMake package in '/home/shivam/bumperbot_ws/src/bumperbot_description'
[1.460s] INFO:colcon.colcon_core.shell:Skip shell extension 'powershell' for command environment: Not usable outside of PowerShell
[1.460s] DEBUG:colcon.colcon_core.shell:Skip shell extension 'dsv' for command environment
[1.464s] INFO:colcon.colcon_ros.task.ament_cmake.build:Building ROS package in '/home/shivam/bumperbot_ws/src/bumperbot_firmware' with build type 'ament_cmake'
[1.464s] INFO:colcon.colcon_cmake.task.cmake.build:Building CMake package in '/home/shivam/bumperbot_ws/src/bumperbot_firmware'
[1.464s] INFO:colcon.colcon_core.shell:Skip shell extension 'powershell' for command environment: Not usable outside of PowerShell
[1.464s] DEBUG:colcon.colcon_core.shell:Skip shell extension 'dsv' for command environment
[1.471s] INFO:colcon.colcon_ros.task.ament_cmake.build:Building ROS package in '/home/shivam/bumperbot_ws/src/bumperbot_localization' with build type 'ament_cmake'
[1.471s] INFO:colcon.colcon_cmake.task.cmake.build:Building CMake package in '/home/shivam/bumperbot_ws/src/bumperbot_localization'
[1.471s] INFO:colcon.colcon_core.shell:Skip shell extension 'powershell' for command environment: Not usable outside of PowerShell
[1.471s] DEBUG:colcon.colcon_core.shell:Skip shell extension 'dsv' for command environment
[1.487s] DEBUG:colcon.colcon_core.event_handler.log_command:Invoking command in '/home/shivam/bumperbot_ws/build/bumperbot_msgs': CMAKE_PREFIX_PATH=/opt/ros/humble /usr/bin/cmake --build /home/shivam/bumperbot_ws/build/bumperbot_msgs -- -j12 -l12
[1.495s] DEBUG:colcon.colcon_core.event_handler.log_command:Invoking command in '/home/shivam/bumperbot_ws/build/bumperbot_bringup': CMAKE_PREFIX_PATH=/opt/ros/humble /usr/bin/cmake --build /home/shivam/bumperbot_ws/build/bumperbot_bringup -- -j12 -l12
[1.500s] DEBUG:colcon.colcon_core.event_handler.log_command:Invoking command in '/home/shivam/bumperbot_ws/build/bumperbot_controller': CMAKE_PREFIX_PATH=/opt/ros/humble /usr/bin/cmake --build /home/shivam/bumperbot_ws/build/bumperbot_controller -- -j12 -l12
[1.506s] DEBUG:colcon.colcon_core.event_handler.log_command:Invoking command in '/home/shivam/bumperbot_ws/build/bumperbot_description': CMAKE_PREFIX_PATH=/opt/ros/humble /usr/bin/cmake --build /home/shivam/bumperbot_ws/build/bumperbot_description -- -j12 -l12
[1.512s] DEBUG:colcon.colcon_core.event_handler.log_command:Invoking command in '/home/shivam/bumperbot_ws/build/bumperbot_firmware': CMAKE_PREFIX_PATH=/opt/ros/humble /usr/bin/cmake --build /home/shivam/bumperbot_ws/build/bumperbot_firmware -- -j12 -l12
[1.522s] DEBUG:colcon.colcon_core.event_handler.log_command:Invoking command in '/home/shivam/bumperbot_ws/build/bumperbot_localization': CMAKE_PREFIX_PATH=/opt/ros/humble /usr/bin/cmake --build /home/shivam/bumperbot_ws/build/bumperbot_localization -- -j12 -l12
[1.647s] DEBUG:colcon.colcon_core.event_handler.log_command:Invoked command in '/home/shivam/bumperbot_ws/build/bumperbot_description' returned '0': CMAKE_PREFIX_PATH=/opt/ros/humble /usr/bin/cmake --build /home/shivam/bumperbot_ws/build/bumperbot_description -- -j12 -l12
[1.674s] DEBUG:colcon.colcon_core.event_handler.log_command:Invoked command in '/home/shivam/bumperbot_ws/build/bumperbot_bringup' returned '0': CMAKE_PREFIX_PATH=/opt/ros/humble /usr/bin/cmake --build /home/shivam/bumperbot_ws/build/bumperbot_bringup -- -j12 -l12
[1.751s] DEBUG:colcon.colcon_core.event_handler.log_command:Invoking command in '/home/shivam/bumperbot_ws/build/bumperbot_description': CMAKE_PREFIX_PATH=/opt/ros/humble /usr/bin/cmake --install /home/shivam/bumperbot_ws/build/bumperbot_description
[1.754s] DEBUG:colcon.colcon_core.event_handler.log_command:Invoking command in '/home/shivam/bumperbot_ws/build/bumperbot_bringup': CMAKE_PREFIX_PATH=/opt/ros/humble /usr/bin/cmake --install /home/shivam/bumperbot_ws/build/bumperbot_bringup
[1.825s] Level 1:colcon.colcon_core.environment:create_environment_scripts_only(bumperbot_bringup)
[1.827s] DEBUG:colcon.colcon_core.event_handler.log_command:Invoked command in '/home/shivam/bumperbot_ws/build/bumperbot_bringup' returned '0': CMAKE_PREFIX_PATH=/opt/ros/humble /usr/bin/cmake --install /home/shivam/bumperbot_ws/build/bumperbot_bringup
[1.901s] Level 1:colcon.colcon_core.environment:checking '/home/shivam/bumperbot_ws/install/bumperbot_bringup' for CMake module files
[1.901s] Level 1:colcon.colcon_core.environment:checking '/home/shivam/bumperbot_ws/install/bumperbot_bringup' for CMake config files
[1.906s] Level 1:colcon.colcon_core.shell:create_environment_hook('bumperbot_bringup', 'cmake_prefix_path')
[1.906s] INFO:colcon.colcon_core.shell:Creating environment hook '/home/shivam/bumperbot_ws/install/bumperbot_bringup/share/bumperbot_bringup/hook/cmake_prefix_path.ps1'
[1.924s] INFO:colcon.colcon_core.shell:Creating environment descriptor '/home/shivam/bumperbot_ws/install/bumperbot_bringup/share/bumperbot_bringup/hook/cmake_prefix_path.dsv'
[1.932s] INFO:colcon.colcon_core.shell:Creating environment hook '/home/shivam/bumperbot_ws/install/bumperbot_bringup/share/bumperbot_bringup/hook/cmake_prefix_path.sh'
[1.939s] Level 1:colcon.colcon_core.environment:checking '/home/shivam/bumperbot_ws/install/bumperbot_bringup/bin'
[1.939s] Level 1:colcon.colcon_core.environment:checking '/home/shivam/bumperbot_ws/install/bumperbot_bringup/lib/pkgconfig/bumperbot_bringup.pc'
[1.940s] Level 1:colcon.colcon_core.environment:checking '/home/shivam/bumperbot_ws/install/bumperbot_bringup/lib/python3.10/site-packages'
[1.940s] Level 1:colcon.colcon_core.environment:checking '/home/shivam/bumperbot_ws/install/bumperbot_bringup/bin'
[1.943s] INFO:colcon.colcon_core.shell:Creating package script '/home/shivam/bumperbot_ws/install/bumperbot_bringup/share/bumperbot_bringup/package.ps1'
[1.957s] INFO:colcon.colcon_core.shell:Creating package descriptor '/home/shivam/bumperbot_ws/install/bumperbot_bringup/share/bumperbot_bringup/package.dsv'
[1.962s] INFO:colcon.colcon_core.shell:Creating package script '/home/shivam/bumperbot_ws/install/bumperbot_bringup/share/bumperbot_bringup/package.sh'
[1.971s] INFO:colcon.colcon_core.shell:Creating package script '/home/shivam/bumperbot_ws/install/bumperbot_bringup/share/bumperbot_bringup/package.bash'
[1.978s] INFO:colcon.colcon_core.shell:Creating package script '/home/shivam/bumperbot_ws/install/bumperbot_bringup/share/bumperbot_bringup/package.zsh'
[1.999s] Level 1:colcon.colcon_core.environment:create_file_with_runtime_dependencies(/home/shivam/bumperbot_ws/install/bumperbot_bringup/share/colcon-core/packages/bumperbot_bringup)
[2.005s] Level 1:colcon.colcon_core.environment:create_environment_scripts_only(bumperbot_description)
[2.005s] Level 1:colcon.colcon_core.environment:checking '/home/shivam/bumperbot_ws/install/bumperbot_description' for CMake module files
[2.006s] Level 1:colcon.colcon_core.environment:checking '/home/shivam/bumperbot_ws/install/bumperbot_description' for CMake config files
[2.007s] DEBUG:colcon.colcon_core.event_handler.log_command:Invoked command in '/home/shivam/bumperbot_ws/build/bumperbot_description' returned '0': CMAKE_PREFIX_PATH=/opt/ros/humble /usr/bin/cmake --install /home/shivam/bumperbot_ws/build/bumperbot_description
[2.019s] Level 1:colcon.colcon_core.shell:create_environment_hook('bumperbot_description', 'cmake_prefix_path')
[2.019s] INFO:colcon.colcon_core.shell:Creating environment hook '/home/shivam/bumperbot_ws/install/bumperbot_description/share/bumperbot_description/hook/cmake_prefix_path.ps1'
[2.027s] INFO:colcon.colcon_core.shell:Creating environment descriptor '/home/shivam/bumperbot_ws/install/bumperbot_description/share/bumperbot_description/hook/cmake_prefix_path.dsv'
[2.028s] INFO:colcon.colcon_core.shell:Creating environment hook '/home/shivam/bumperbot_ws/install/bumperbot_description/share/bumperbot_description/hook/cmake_prefix_path.sh'
[2.028s] Level 1:colcon.colcon_core.environment:checking '/home/shivam/bumperbot_ws/install/bumperbot_description/bin'
[2.029s] Level 1:colcon.colcon_core.environment:checking '/home/shivam/bumperbot_ws/install/bumperbot_description/lib/pkgconfig/bumperbot_description.pc'
[2.030s] Level 1:colcon.colcon_core.environment:checking '/home/shivam/bumperbot_ws/install/bumperbot_description/lib/python3.10/site-packages'
[2.030s] Level 1:colcon.colcon_core.environment:checking '/home/shivam/bumperbot_ws/install/bumperbot_description/bin'
[2.031s] INFO:colcon.colcon_core.shell:Creating package script '/home/shivam/bumperbot_ws/install/bumperbot_description/share/bumperbot_description/package.ps1'
[2.032s] INFO:colcon.colcon_core.shell:Creating package descriptor '/home/shivam/bumperbot_ws/install/bumperbot_description/share/bumperbot_description/package.dsv'
[2.032s] INFO:colcon.colcon_core.shell:Creating package script '/home/shivam/bumperbot_ws/install/bumperbot_description/share/bumperbot_description/package.sh'
[2.033s] INFO:colcon.colcon_core.shell:Creating package script '/home/shivam/bumperbot_ws/install/bumperbot_description/share/bumperbot_description/package.bash'
[2.033s] INFO:colcon.colcon_core.shell:Creating package script '/home/shivam/bumperbot_ws/install/bumperbot_description/share/bumperbot_description/package.zsh'
[2.033s] Level 1:colcon.colcon_core.environment:create_file_with_runtime_dependencies(/home/shivam/bumperbot_ws/install/bumperbot_description/share/colcon-core/packages/bumperbot_description)
[2.089s] Level 1:colcon.colcon_core.environment:create_environment_scripts_only(bumperbot_bringup)
[2.090s] Level 1:colcon.colcon_core.environment:checking '/home/shivam/bumperbot_ws/install/bumperbot_bringup' for CMake module files
[2.091s] Level 1:colcon.colcon_core.environment:checking '/home/shivam/bumperbot_ws/install/bumperbot_bringup' for CMake config files
[2.091s] Level 1:colcon.colcon_core.shell:create_environment_hook('bumperbot_bringup', 'cmake_prefix_path')
[2.092s] INFO:colcon.colcon_core.shell:Creating environment hook '/home/shivam/bumperbot_ws/install/bumperbot_bringup/share/bumperbot_bringup/hook/cmake_prefix_path.ps1'
[2.092s] INFO:colcon.colcon_core.shell:Creating environment descriptor '/home/shivam/bumperbot_ws/install/bumperbot_bringup/share/bumperbot_bringup/hook/cmake_prefix_path.dsv'
[2.094s] INFO:colcon.colcon_core.shell:Creating environment hook '/home/shivam/bumperbot_ws/install/bumperbot_bringup/share/bumperbot_bringup/hook/cmake_prefix_path.sh'
[2.094s] Level 1:colcon.colcon_core.environment:checking '/home/shivam/bumperbot_ws/install/bumperbot_bringup/bin'
[2.095s] Level 1:colcon.colcon_core.environment:checking '/home/shivam/bumperbot_ws/install/bumperbot_bringup/lib/pkgconfig/bumperbot_bringup.pc'
[2.095s] Level 1:colcon.colcon_core.environment:checking '/home/shivam/bumperbot_ws/install/bumperbot_bringup/lib/python3.10/site-packages'
[2.095s] Level 1:colcon.colcon_core.environment:checking '/home/shivam/bumperbot_ws/install/bumperbot_bringup/bin'
[2.096s] INFO:colcon.colcon_core.shell:Creating package script '/home/shivam/bumperbot_ws/install/bumperbot_bringup/share/bumperbot_bringup/package.ps1'
[2.103s] INFO:colcon.colcon_core.shell:Creating package descriptor '/home/shivam/bumperbot_ws/install/bumperbot_bringup/share/bumperbot_bringup/package.dsv'
[2.107s] INFO:colcon.colcon_core.shell:Creating package script '/home/shivam/bumperbot_ws/install/bumperbot_bringup/share/bumperbot_bringup/package.sh'
[2.108s] INFO:colcon.colcon_core.shell:Creating package script '/home/shivam/bumperbot_ws/install/bumperbot_bringup/share/bumperbot_bringup/package.bash'
[2.109s] INFO:colcon.colcon_core.shell:Creating package script '/home/shivam/bumperbot_ws/install/bumperbot_bringup/share/bumperbot_bringup/package.zsh'
[2.109s] Level 1:colcon.colcon_core.environment:create_file_with_runtime_dependencies(/home/shivam/bumperbot_ws/install/bumperbot_bringup/share/colcon-core/packages/bumperbot_bringup)
[2.137s] Level 1:colcon.colcon_core.environment:create_environment_scripts_only(bumperbot_description)
[2.137s] Level 1:colcon.colcon_core.environment:checking '/home/shivam/bumperbot_ws/install/bumperbot_description' for CMake module files
[2.138s] Level 1:colcon.colcon_core.environment:checking '/home/shivam/bumperbot_ws/install/bumperbot_description' for CMake config files
[2.140s] Level 1:colcon.colcon_core.shell:create_environment_hook('bumperbot_description', 'cmake_prefix_path')
[2.144s] INFO:colcon.colcon_core.shell:Creating environment hook '/home/shivam/bumperbot_ws/install/bumperbot_description/share/bumperbot_description/hook/cmake_prefix_path.ps1'
[2.145s] INFO:colcon.colcon_core.shell:Creating environment descriptor '/home/shivam/bumperbot_ws/install/bumperbot_description/share/bumperbot_description/hook/cmake_prefix_path.dsv'
[2.146s] INFO:colcon.colcon_core.shell:Creating environment hook '/home/shivam/bumperbot_ws/install/bumperbot_description/share/bumperbot_description/hook/cmake_prefix_path.sh'
[2.147s] Level 1:colcon.colcon_core.environment:checking '/home/shivam/bumperbot_ws/install/bumperbot_description/bin'
[2.147s] Level 1:colcon.colcon_core.environment:checking '/home/shivam/bumperbot_ws/install/bumperbot_description/lib/pkgconfig/bumperbot_description.pc'
[2.148s] Level 1:colcon.colcon_core.environment:checking '/home/shivam/bumperbot_ws/install/bumperbot_description/lib/python3.10/site-packages'
[2.148s] Level 1:colcon.colcon_core.environment:checking '/home/shivam/bumperbot_ws/install/bumperbot_description/bin'
[2.158s] INFO:colcon.colcon_core.shell:Creating package script '/home/shivam/bumperbot_ws/install/bumperbot_description/share/bumperbot_description/package.ps1'
[2.164s] INFO:colcon.colcon_core.shell:Creating package descriptor '/home/shivam/bumperbot_ws/install/bumperbot_description/share/bumperbot_description/package.dsv'
[2.165s] INFO:colcon.colcon_core.shell:Creating package script '/home/shivam/bumperbot_ws/install/bumperbot_description/share/bumperbot_description/package.sh'
[2.165s] INFO:colcon.colcon_core.shell:Creating package script '/home/shivam/bumperbot_ws/install/bumperbot_description/share/bumperbot_description/package.bash'
[2.166s] INFO:colcon.colcon_core.shell:Creating package script '/home/shivam/bumperbot_ws/install/bumperbot_description/share/bumperbot_description/package.zsh'
[2.167s] Level 1:colcon.colcon_core.environment:create_file_with_runtime_dependencies(/home/shivam/bumperbot_ws/install/bumperbot_description/share/colcon-core/packages/bumperbot_description)
[2.528s] DEBUG:colcon.colcon_core.event_handler.log_command:Invoked command in '/home/shivam/bumperbot_ws/build/bumperbot_localization' returned '0': CMAKE_PREFIX_PATH=/opt/ros/humble /usr/bin/cmake --build /home/shivam/bumperbot_ws/build/bumperbot_localization -- -j12 -l12
[2.532s] DEBUG:colcon.colcon_core.event_handler.log_command:Invoked command in '/home/shivam/bumperbot_ws/build/bumperbot_firmware' returned '0': CMAKE_PREFIX_PATH=/opt/ros/humble /usr/bin/cmake --build /home/shivam/bumperbot_ws/build/bumperbot_firmware -- -j12 -l12
[2.534s] DEBUG:colcon.colcon_core.event_handler.log_command:Invoked command in '/home/shivam/bumperbot_ws/build/bumperbot_controller' returned '0': CMAKE_PREFIX_PATH=/opt/ros/humble /usr/bin/cmake --build /home/shivam/bumperbot_ws/build/bumperbot_controller -- -j12 -l12
[2.539s] DEBUG:colcon.colcon_core.event_handler.log_command:Invoked command in '/home/shivam/bumperbot_ws/build/bumperbot_msgs' returned '0': CMAKE_PREFIX_PATH=/opt/ros/humble /usr/bin/cmake --build /home/shivam/bumperbot_ws/build/bumperbot_msgs -- -j12 -l12
[2.560s] DEBUG:colcon.colcon_core.event_handler.log_command:Invoking command in '/home/shivam/bumperbot_ws/build/bumperbot_localization': CMAKE_PREFIX_PATH=/opt/ros/humble /usr/bin/cmake --install /home/shivam/bumperbot_ws/build/bumperbot_localization
[2.566s] DEBUG:colcon.colcon_core.event_handler.log_command:Invoking command in '/home/shivam/bumperbot_ws/build/bumperbot_firmware': CMAKE_PREFIX_PATH=/opt/ros/humble /usr/bin/cmake --install /home/shivam/bumperbot_ws/build/bumperbot_firmware
[2.568s] DEBUG:colcon.colcon_core.event_handler.log_command:Invoking command in '/home/shivam/bumperbot_ws/build/bumperbot_controller': CMAKE_PREFIX_PATH=/opt/ros/humble /usr/bin/cmake --install /home/shivam/bumperbot_ws/build/bumperbot_controller
[2.622s] DEBUG:colcon.colcon_core.event_handler.log_command:Invoking command in '/home/shivam/bumperbot_ws/build/bumperbot_msgs': CMAKE_PREFIX_PATH=/opt/ros/humble /usr/bin/cmake --install /home/shivam/bumperbot_ws/build/bumperbot_msgs
[2.650s] Level 1:colcon.colcon_core.environment:create_environment_scripts_only(bumperbot_localization)
[2.650s] Level 1:colcon.colcon_core.environment:checking '/home/shivam/bumperbot_ws/install/bumperbot_localization' for CMake module files
[2.664s] DEBUG:colcon.colcon_core.event_handler.log_command:Invoked command in '/home/shivam/bumperbot_ws/build/bumperbot_localization' returned '0': CMAKE_PREFIX_PATH=/opt/ros/humble /usr/bin/cmake --install /home/shivam/bumperbot_ws/build/bumperbot_localization
[2.664s] Level 1:colcon.colcon_core.environment:checking '/home/shivam/bumperbot_ws/install/bumperbot_localization' for CMake config files
[2.665s] Level 1:colcon.colcon_core.shell:create_environment_hook('bumperbot_localization', 'cmake_prefix_path')
[2.665s] INFO:colcon.colcon_core.shell:Creating environment hook '/home/shivam/bumperbot_ws/install/bumperbot_localization/share/bumperbot_localization/hook/cmake_prefix_path.ps1'
[2.666s] INFO:colcon.colcon_core.shell:Creating environment descriptor '/home/shivam/bumperbot_ws/install/bumperbot_localization/share/bumperbot_localization/hook/cmake_prefix_path.dsv'
[2.666s] INFO:colcon.colcon_core.shell:Creating environment hook '/home/shivam/bumperbot_ws/install/bumperbot_localization/share/bumperbot_localization/hook/cmake_prefix_path.sh'
[2.667s] Level 1:colcon.colcon_core.environment:checking '/home/shivam/bumperbot_ws/install/bumperbot_localization/lib'
[2.667s] Level 1:colcon.colcon_core.environment:checking '/home/shivam/bumperbot_ws/install/bumperbot_localization/bin'
[2.667s] Level 1:colcon.colcon_core.environment:checking '/home/shivam/bumperbot_ws/install/bumperbot_localization/lib/pkgconfig/bumperbot_localization.pc'
[2.667s] Level 1:colcon.colcon_core.environment:checking '/home/shivam/bumperbot_ws/install/bumperbot_localization/lib/python3.10/site-packages'
[2.668s] Level 1:colcon.colcon_core.environment:checking '/home/shivam/bumperbot_ws/install/bumperbot_localization/bin'
[2.668s] INFO:colcon.colcon_core.shell:Creating package script '/home/shivam/bumperbot_ws/install/bumperbot_localization/share/bumperbot_localization/package.ps1'
[2.668s] INFO:colcon.colcon_core.shell:Creating package descriptor '/home/shivam/bumperbot_ws/install/bumperbot_localization/share/bumperbot_localization/package.dsv'
[2.669s] INFO:colcon.colcon_core.shell:Creating package script '/home/shivam/bumperbot_ws/install/bumperbot_localization/share/bumperbot_localization/package.sh'
[2.669s] INFO:colcon.colcon_core.shell:Creating package script '/home/shivam/bumperbot_ws/install/bumperbot_localization/share/bumperbot_localization/package.bash'
[2.669s] INFO:colcon.colcon_core.shell:Creating package script '/home/shivam/bumperbot_ws/install/bumperbot_localization/share/bumperbot_localization/package.zsh'
[2.670s] Level 1:colcon.colcon_core.environment:create_file_with_runtime_dependencies(/home/shivam/bumperbot_ws/install/bumperbot_localization/share/colcon-core/packages/bumperbot_localization)
[2.672s] Level 1:colcon.colcon_core.environment:create_environment_scripts_only(bumperbot_controller)
[2.672s] DEBUG:colcon.colcon_core.event_handler.log_command:Invoked command in '/home/shivam/bumperbot_ws/build/bumperbot_controller' returned '0': CMAKE_PREFIX_PATH=/opt/ros/humble /usr/bin/cmake --install /home/shivam/bumperbot_ws/build/bumperbot_controller
[2.673s] Level 1:colcon.colcon_core.environment:checking '/home/shivam/bumperbot_ws/install/bumperbot_controller' for CMake module files
[2.673s] Level 1:colcon.colcon_core.environment:checking '/home/shivam/bumperbot_ws/install/bumperbot_controller' for CMake config files
[2.674s] Level 1:colcon.colcon_core.shell:create_environment_hook('bumperbot_controller', 'cmake_prefix_path')
[2.675s] INFO:colcon.colcon_core.shell:Creating environment hook '/home/shivam/bumperbot_ws/install/bumperbot_controller/share/bumperbot_controller/hook/cmake_prefix_path.ps1'
[2.676s] INFO:colcon.colcon_core.shell:Creating environment descriptor '/home/shivam/bumperbot_ws/install/bumperbot_controller/share/bumperbot_controller/hook/cmake_prefix_path.dsv'
[2.676s] INFO:colcon.colcon_core.shell:Creating environment hook '/home/shivam/bumperbot_ws/install/bumperbot_controller/share/bumperbot_controller/hook/cmake_prefix_path.sh'
[2.676s] Level 1:colcon.colcon_core.environment:checking '/home/shivam/bumperbot_ws/install/bumperbot_controller/lib'
[2.676s] Level 1:colcon.colcon_core.environment:checking '/home/shivam/bumperbot_ws/install/bumperbot_controller/bin'
[2.677s] Level 1:colcon.colcon_core.environment:checking '/home/shivam/bumperbot_ws/install/bumperbot_controller/lib/pkgconfig/bumperbot_controller.pc'
[2.677s] Level 1:colcon.colcon_core.environment:checking '/home/shivam/bumperbot_ws/install/bumperbot_controller/lib/python3.10/site-packages'
[2.677s] Level 1:colcon.colcon_core.environment:checking '/home/shivam/bumperbot_ws/install/bumperbot_controller/bin'
[2.677s] INFO:colcon.colcon_core.shell:Creating package script '/home/shivam/bumperbot_ws/install/bumperbot_controller/share/bumperbot_controller/package.ps1'
[2.678s] INFO:colcon.colcon_core.shell:Creating package descriptor '/home/shivam/bumperbot_ws/install/bumperbot_controller/share/bumperbot_controller/package.dsv'
[2.678s] INFO:colcon.colcon_core.shell:Creating package script '/home/shivam/bumperbot_ws/install/bumperbot_controller/share/bumperbot_controller/package.sh'
[2.678s] INFO:colcon.colcon_core.shell:Creating package script '/home/shivam/bumperbot_ws/install/bumperbot_controller/share/bumperbot_controller/package.bash'
[2.678s] INFO:colcon.colcon_core.shell:Creating package script '/home/shivam/bumperbot_ws/install/bumperbot_controller/share/bumperbot_controller/package.zsh'
[2.679s] Level 1:colcon.colcon_core.environment:create_file_with_runtime_dependencies(/home/shivam/bumperbot_ws/install/bumperbot_controller/share/colcon-core/packages/bumperbot_controller)
[2.680s] Level 1:colcon.colcon_core.environment:create_environment_scripts_only(bumperbot_firmware)
[2.681s] DEBUG:colcon.colcon_core.event_handler.log_command:Invoked command in '/home/shivam/bumperbot_ws/build/bumperbot_firmware' returned '0': CMAKE_PREFIX_PATH=/opt/ros/humble /usr/bin/cmake --install /home/shivam/bumperbot_ws/build/bumperbot_firmware
[2.681s] Level 1:colcon.colcon_core.environment:checking '/home/shivam/bumperbot_ws/install/bumperbot_firmware' for CMake module files
[2.684s] Level 1:colcon.colcon_core.environment:checking '/home/shivam/bumperbot_ws/install/bumperbot_firmware' for CMake config files
[2.691s] Level 1:colcon.colcon_core.shell:create_environment_hook('bumperbot_firmware', 'cmake_prefix_path')
[2.691s] INFO:colcon.colcon_core.shell:Creating environment hook '/home/shivam/bumperbot_ws/install/bumperbot_firmware/share/bumperbot_firmware/hook/cmake_prefix_path.ps1'
[2.695s] INFO:colcon.colcon_core.shell:Creating environment descriptor '/home/shivam/bumperbot_ws/install/bumperbot_firmware/share/bumperbot_firmware/hook/cmake_prefix_path.dsv'
[2.697s] INFO:colcon.colcon_core.shell:Creating environment hook '/home/shivam/bumperbot_ws/install/bumperbot_firmware/share/bumperbot_firmware/hook/cmake_prefix_path.sh'
[2.703s] Level 1:colcon.colcon_core.environment:checking '/home/shivam/bumperbot_ws/install/bumperbot_firmware/lib'
[2.704s] Level 1:colcon.colcon_core.shell:create_environment_hook('bumperbot_firmware', 'ld_library_path_lib')
[2.705s] INFO:colcon.colcon_core.shell:Creating environment hook '/home/shivam/bumperbot_ws/install/bumperbot_firmware/share/bumperbot_firmware/hook/ld_library_path_lib.ps1'
[2.706s] INFO:colcon.colcon_core.shell:Creating environment descriptor '/home/shivam/bumperbot_ws/install/bumperbot_firmware/share/bumperbot_firmware/hook/ld_library_path_lib.dsv'
[2.706s] INFO:colcon.colcon_core.shell:Creating environment hook '/home/shivam/bumperbot_ws/install/bumperbot_firmware/share/bumperbot_firmware/hook/ld_library_path_lib.sh'
[2.706s] Level 1:colcon.colcon_core.environment:checking '/home/shivam/bumperbot_ws/install/bumperbot_firmware/bin'
[2.707s] Level 1:colcon.colcon_core.environment:checking '/home/shivam/bumperbot_ws/install/bumperbot_firmware/lib/pkgconfig/bumperbot_firmware.pc'
[2.707s] Level 1:colcon.colcon_core.environment:checking '/home/shivam/bumperbot_ws/install/bumperbot_firmware/lib/python3.10/site-packages'
[2.707s] Level 1:colcon.colcon_core.environment:checking '/home/shivam/bumperbot_ws/install/bumperbot_firmware/bin'
[2.707s] INFO:colcon.colcon_core.shell:Creating package script '/home/shivam/bumperbot_ws/install/bumperbot_firmware/share/bumperbot_firmware/package.ps1'
[2.708s] INFO:colcon.colcon_core.shell:Creating package descriptor '/home/shivam/bumperbot_ws/install/bumperbot_firmware/share/bumperbot_firmware/package.dsv'
[2.708s] INFO:colcon.colcon_core.shell:Creating package script '/home/shivam/bumperbot_ws/install/bumperbot_firmware/share/bumperbot_firmware/package.sh'
[2.708s] INFO:colcon.colcon_core.shell:Creating package script '/home/shivam/bumperbot_ws/install/bumperbot_firmware/share/bumperbot_firmware/package.bash'
[2.709s] INFO:colcon.colcon_core.shell:Creating package script '/home/shivam/bumperbot_ws/install/bumperbot_firmware/share/bumperbot_firmware/package.zsh'
[2.709s] Level 1:colcon.colcon_core.environment:create_file_with_runtime_dependencies(/home/shivam/bumperbot_ws/install/bumperbot_firmware/share/colcon-core/packages/bumperbot_firmware)
[2.711s] Level 1:colcon.colcon_core.environment:create_environment_scripts_only(bumperbot_localization)
[2.712s] Level 1:colcon.colcon_core.environment:checking '/home/shivam/bumperbot_ws/install/bumperbot_localization' for CMake module files
[2.713s] Level 1:colcon.colcon_core.environment:checking '/home/shivam/bumperbot_ws/install/bumperbot_localization' for CMake config files
[2.713s] Level 1:colcon.colcon_core.shell:create_environment_hook('bumperbot_localization', 'cmake_prefix_path')
[2.714s] INFO:colcon.colcon_core.shell:Creating environment hook '/home/shivam/bumperbot_ws/install/bumperbot_localization/share/bumperbot_localization/hook/cmake_prefix_path.ps1'
[2.715s] INFO:colcon.colcon_core.shell:Creating environment descriptor '/home/shivam/bumperbot_ws/install/bumperbot_localization/share/bumperbot_localization/hook/cmake_prefix_path.dsv'
[2.715s] INFO:colcon.colcon_core.shell:Creating environment hook '/home/shivam/bumperbot_ws/install/bumperbot_localization/share/bumperbot_localization/hook/cmake_prefix_path.sh'
[2.715s] Level 1:colcon.colcon_core.environment:checking '/home/shivam/bumperbot_ws/install/bumperbot_localization/lib'
[2.716s] Level 1:colcon.colcon_core.environment:checking '/home/shivam/bumperbot_ws/install/bumperbot_localization/bin'
[2.716s] Level 1:colcon.colcon_core.environment:checking '/home/shivam/bumperbot_ws/install/bumperbot_localization/lib/pkgconfig/bumperbot_localization.pc'
[2.716s] Level 1:colcon.colcon_core.environment:checking '/home/shivam/bumperbot_ws/install/bumperbot_localization/lib/python3.10/site-packages'
[2.716s] Level 1:colcon.colcon_core.environment:checking '/home/shivam/bumperbot_ws/install/bumperbot_localization/bin'
[2.717s] INFO:colcon.colcon_core.shell:Creating package script '/home/shivam/bumperbot_ws/install/bumperbot_localization/share/bumperbot_localization/package.ps1'
[2.717s] INFO:colcon.colcon_core.shell:Creating package descriptor '/home/shivam/bumperbot_ws/install/bumperbot_localization/share/bumperbot_localization/package.dsv'
[2.717s] INFO:colcon.colcon_core.shell:Creating package script '/home/shivam/bumperbot_ws/install/bumperbot_localization/share/bumperbot_localization/package.sh'
[2.718s] INFO:colcon.colcon_core.shell:Creating package script '/home/shivam/bumperbot_ws/install/bumperbot_localization/share/bumperbot_localization/package.bash'
[2.719s] INFO:colcon.colcon_core.shell:Creating package script '/home/shivam/bumperbot_ws/install/bumperbot_localization/share/bumperbot_localization/package.zsh'
[2.719s] Level 1:colcon.colcon_core.environment:create_file_with_runtime_dependencies(/home/shivam/bumperbot_ws/install/bumperbot_localization/share/colcon-core/packages/bumperbot_localization)
[2.720s] Level 1:colcon.colcon_core.environment:create_environment_scripts_only(bumperbot_controller)
[2.721s] Level 1:colcon.colcon_core.environment:checking '/home/shivam/bumperbot_ws/install/bumperbot_controller' for CMake module files
[2.722s] Level 1:colcon.colcon_core.environment:checking '/home/shivam/bumperbot_ws/install/bumperbot_controller' for CMake config files
[2.722s] Level 1:colcon.colcon_core.shell:create_environment_hook('bumperbot_controller', 'cmake_prefix_path')
[2.722s] INFO:colcon.colcon_core.shell:Creating environment hook '/home/shivam/bumperbot_ws/install/bumperbot_controller/share/bumperbot_controller/hook/cmake_prefix_path.ps1'
[2.723s] INFO:colcon.colcon_core.shell:Creating environment descriptor '/home/shivam/bumperbot_ws/install/bumperbot_controller/share/bumperbot_controller/hook/cmake_prefix_path.dsv'
[2.723s] INFO:colcon.colcon_core.shell:Creating environment hook '/home/shivam/bumperbot_ws/install/bumperbot_controller/share/bumperbot_controller/hook/cmake_prefix_path.sh'
[2.723s] Level 1:colcon.colcon_core.environment:checking '/home/shivam/bumperbot_ws/install/bumperbot_controller/lib'
[2.724s] Level 1:colcon.colcon_core.environment:checking '/home/shivam/bumperbot_ws/install/bumperbot_controller/bin'
[2.724s] Level 1:colcon.colcon_core.environment:checking '/home/shivam/bumperbot_ws/install/bumperbot_controller/lib/pkgconfig/bumperbot_controller.pc'
[2.724s] Level 1:colcon.colcon_core.environment:checking '/home/shivam/bumperbot_ws/install/bumperbot_controller/lib/python3.10/site-packages'
[2.724s] Level 1:colcon.colcon_core.environment:checking '/home/shivam/bumperbot_ws/install/bumperbot_controller/bin'
[2.724s] INFO:colcon.colcon_core.shell:Creating package script '/home/shivam/bumperbot_ws/install/bumperbot_controller/share/bumperbot_controller/package.ps1'
[2.725s] INFO:colcon.colcon_core.shell:Creating package descriptor '/home/shivam/bumperbot_ws/install/bumperbot_controller/share/bumperbot_controller/package.dsv'
[2.725s] INFO:colcon.colcon_core.shell:Creating package script '/home/shivam/bumperbot_ws/install/bumperbot_controller/share/bumperbot_controller/package.sh'
[2.726s] INFO:colcon.colcon_core.shell:Creating package script '/home/shivam/bumperbot_ws/install/bumperbot_controller/share/bumperbot_controller/package.bash'
[2.726s] INFO:colcon.colcon_core.shell:Creating package script '/home/shivam/bumperbot_ws/install/bumperbot_controller/share/bumperbot_controller/package.zsh'
[2.726s] Level 1:colcon.colcon_core.environment:create_file_with_runtime_dependencies(/home/shivam/bumperbot_ws/install/bumperbot_controller/share/colcon-core/packages/bumperbot_controller)
[2.727s] Level 1:colcon.colcon_core.environment:create_environment_scripts_only(bumperbot_msgs)
[2.727s] Level 1:colcon.colcon_core.environment:checking '/home/shivam/bumperbot_ws/install/bumperbot_msgs' for CMake module files
[2.729s] DEBUG:colcon.colcon_core.event_handler.log_command:Invoked command in '/home/shivam/bumperbot_ws/build/bumperbot_msgs' returned '0': CMAKE_PREFIX_PATH=/opt/ros/humble /usr/bin/cmake --install /home/shivam/bumperbot_ws/build/bumperbot_msgs
[2.729s] Level 1:colcon.colcon_core.environment:checking '/home/shivam/bumperbot_ws/install/bumperbot_msgs' for CMake config files
[2.730s] Level 1:colcon.colcon_core.shell:create_environment_hook('bumperbot_msgs', 'cmake_prefix_path')
[2.730s] INFO:colcon.colcon_core.shell:Creating environment hook '/home/shivam/bumperbot_ws/install/bumperbot_msgs/share/bumperbot_msgs/hook/cmake_prefix_path.ps1'
[2.731s] INFO:colcon.colcon_core.shell:Creating environment descriptor '/home/shivam/bumperbot_ws/install/bumperbot_msgs/share/bumperbot_msgs/hook/cmake_prefix_path.dsv'
[2.731s] INFO:colcon.colcon_core.shell:Creating environment hook '/home/shivam/bumperbot_ws/install/bumperbot_msgs/share/bumperbot_msgs/hook/cmake_prefix_path.sh'
[2.732s] Level 1:colcon.colcon_core.environment:checking '/home/shivam/bumperbot_ws/install/bumperbot_msgs/lib'
[2.732s] Level 1:colcon.colcon_core.shell:create_environment_hook('bumperbot_msgs', 'ld_library_path_lib')
[2.732s] INFO:colcon.colcon_core.shell:Creating environment hook '/home/shivam/bumperbot_ws/install/bumperbot_msgs/share/bumperbot_msgs/hook/ld_library_path_lib.ps1'
[2.732s] INFO:colcon.colcon_core.shell:Creating environment descriptor '/home/shivam/bumperbot_ws/install/bumperbot_msgs/share/bumperbot_msgs/hook/ld_library_path_lib.dsv'
[2.733s] INFO:colcon.colcon_core.shell:Creating environment hook '/home/shivam/bumperbot_ws/install/bumperbot_msgs/share/bumperbot_msgs/hook/ld_library_path_lib.sh'
[2.733s] Level 1:colcon.colcon_core.environment:checking '/home/shivam/bumperbot_ws/install/bumperbot_msgs/bin'
[2.733s] Level 1:colcon.colcon_core.environment:checking '/home/shivam/bumperbot_ws/install/bumperbot_msgs/lib/pkgconfig/bumperbot_msgs.pc'
[2.733s] Level 1:colcon.colcon_core.environment:checking '/home/shivam/bumperbot_ws/install/bumperbot_msgs/lib/python3.10/site-packages'
[2.733s] Level 1:colcon.colcon_core.environment:checking '/home/shivam/bumperbot_ws/install/bumperbot_msgs/bin'
[2.734s] INFO:colcon.colcon_core.shell:Creating package script '/home/shivam/bumperbot_ws/install/bumperbot_msgs/share/bumperbot_msgs/package.ps1'
[2.734s] INFO:colcon.colcon_core.shell:Creating package descriptor '/home/shivam/bumperbot_ws/install/bumperbot_msgs/share/bumperbot_msgs/package.dsv'
[2.735s] INFO:colcon.colcon_core.shell:Creating package script '/home/shivam/bumperbot_ws/install/bumperbot_msgs/share/bumperbot_msgs/package.sh'
[2.735s] INFO:colcon.colcon_core.shell:Creating package script '/home/shivam/bumperbot_ws/install/bumperbot_msgs/share/bumperbot_msgs/package.bash'
[2.735s] INFO:colcon.colcon_core.shell:Creating package script '/home/shivam/bumperbot_ws/install/bumperbot_msgs/share/bumperbot_msgs/package.zsh'
[2.735s] Level 1:colcon.colcon_core.environment:create_file_with_runtime_dependencies(/home/shivam/bumperbot_ws/install/bumperbot_msgs/share/colcon-core/packages/bumperbot_msgs)
[2.739s] Level 1:colcon.colcon_core.environment:create_environment_scripts_only(bumperbot_firmware)
[2.739s] Level 1:colcon.colcon_core.environment:checking '/home/shivam/bumperbot_ws/install/bumperbot_firmware' for CMake module files
[2.740s] Level 1:colcon.colcon_core.environment:checking '/home/shivam/bumperbot_ws/install/bumperbot_firmware' for CMake config files
[2.740s] Level 1:colcon.colcon_core.shell:create_environment_hook('bumperbot_firmware', 'cmake_prefix_path')
[2.740s] INFO:colcon.colcon_core.shell:Creating environment hook '/home/shivam/bumperbot_ws/install/bumperbot_firmware/share/bumperbot_firmware/hook/cmake_prefix_path.ps1'
[2.741s] INFO:colcon.colcon_core.shell:Creating environment descriptor '/home/shivam/bumperbot_ws/install/bumperbot_firmware/share/bumperbot_firmware/hook/cmake_prefix_path.dsv'
[2.741s] INFO:colcon.colcon_core.shell:Creating environment hook '/home/shivam/bumperbot_ws/install/bumperbot_firmware/share/bumperbot_firmware/hook/cmake_prefix_path.sh'
[2.742s] Level 1:colcon.colcon_core.environment:checking '/home/shivam/bumperbot_ws/install/bumperbot_firmware/lib'
[2.742s] Level 1:colcon.colcon_core.shell:create_environment_hook('bumperbot_firmware', 'ld_library_path_lib')
[2.742s] INFO:colcon.colcon_core.shell:Creating environment hook '/home/shivam/bumperbot_ws/install/bumperbot_firmware/share/bumperbot_firmware/hook/ld_library_path_lib.ps1'
[2.742s] INFO:colcon.colcon_core.shell:Creating environment descriptor '/home/shivam/bumperbot_ws/install/bumperbot_firmware/share/bumperbot_firmware/hook/ld_library_path_lib.dsv'
[2.742s] INFO:colcon.colcon_core.shell:Creating environment hook '/home/shivam/bumperbot_ws/install/bumperbot_firmware/share/bumperbot_firmware/hook/ld_library_path_lib.sh'
[2.743s] Level 1:colcon.colcon_core.environment:checking '/home/shivam/bumperbot_ws/install/bumperbot_firmware/bin'
[2.743s] Level 1:colcon.colcon_core.environment:checking '/home/shivam/bumperbot_ws/install/bumperbot_firmware/lib/pkgconfig/bumperbot_firmware.pc'
[2.743s] Level 1:colcon.colcon_core.environment:checking '/home/shivam/bumperbot_ws/install/bumperbot_firmware/lib/python3.10/site-packages'
[2.743s] Level 1:colcon.colcon_core.environment:checking '/home/shivam/bumperbot_ws/install/bumperbot_firmware/bin'
[2.743s] INFO:colcon.colcon_core.shell:Creating package script '/home/shivam/bumperbot_ws/install/bumperbot_firmware/share/bumperbot_firmware/package.ps1'
[2.744s] INFO:colcon.colcon_core.shell:Creating package descriptor '/home/shivam/bumperbot_ws/install/bumperbot_firmware/share/bumperbot_firmware/package.dsv'
[2.744s] INFO:colcon.colcon_core.shell:Creating package script '/home/shivam/bumperbot_ws/install/bumperbot_firmware/share/bumperbot_firmware/package.sh'
[2.744s] INFO:colcon.colcon_core.shell:Creating package script '/home/shivam/bumperbot_ws/install/bumperbot_firmware/share/bumperbot_firmware/package.bash'
[2.745s] INFO:colcon.colcon_core.shell:Creating package script '/home/shivam/bumperbot_ws/install/bumperbot_firmware/share/bumperbot_firmware/package.zsh'
[2.745s] Level 1:colcon.colcon_core.environment:create_file_with_runtime_dependencies(/home/shivam/bumperbot_ws/install/bumperbot_firmware/share/colcon-core/packages/bumperbot_firmware)
[2.810s] Level 1:colcon.colcon_core.environment:create_environment_scripts_only(bumperbot_msgs)
[2.810s] Level 1:colcon.colcon_core.environment:checking '/home/shivam/bumperbot_ws/install/bumperbot_msgs' for CMake module files
[2.811s] Level 1:colcon.colcon_core.environment:checking '/home/shivam/bumperbot_ws/install/bumperbot_msgs' for CMake config files
[2.811s] Level 1:colcon.colcon_core.shell:create_environment_hook('bumperbot_msgs', 'cmake_prefix_path')
[2.812s] INFO:colcon.colcon_core.shell:Creating environment hook '/home/shivam/bumperbot_ws/install/bumperbot_msgs/share/bumperbot_msgs/hook/cmake_prefix_path.ps1'
[2.812s] INFO:colcon.colcon_core.shell:Creating environment descriptor '/home/shivam/bumperbot_ws/install/bumperbot_msgs/share/bumperbot_msgs/hook/cmake_prefix_path.dsv'
[2.812s] INFO:colcon.colcon_core.shell:Creating environment hook '/home/shivam/bumperbot_ws/install/bumperbot_msgs/share/bumperbot_msgs/hook/cmake_prefix_path.sh'
[2.813s] Level 1:colcon.colcon_core.environment:checking '/home/shivam/bumperbot_ws/install/bumperbot_msgs/lib'
[2.813s] Level 1:colcon.colcon_core.shell:create_environment_hook('bumperbot_msgs', 'ld_library_path_lib')
[2.813s] INFO:colcon.colcon_core.shell:Creating environment hook '/home/shivam/bumperbot_ws/install/bumperbot_msgs/share/bumperbot_msgs/hook/ld_library_path_lib.ps1'
[2.814s] INFO:colcon.colcon_core.shell:Creating environment descriptor '/home/shivam/bumperbot_ws/install/bumperbot_msgs/share/bumperbot_msgs/hook/ld_library_path_lib.dsv'
[2.814s] INFO:colcon.colcon_core.shell:Creating environment hook '/home/shivam/bumperbot_ws/install/bumperbot_msgs/share/bumperbot_msgs/hook/ld_library_path_lib.sh'
[2.814s] Level 1:colcon.colcon_core.environment:checking '/home/shivam/bumperbot_ws/install/bumperbot_msgs/bin'
[2.814s] Level 1:colcon.colcon_core.environment:checking '/home/shivam/bumperbot_ws/install/bumperbot_msgs/lib/pkgconfig/bumperbot_msgs.pc'
[2.815s] Level 1:colcon.colcon_core.environment:checking '/home/shivam/bumperbot_ws/install/bumperbot_msgs/lib/python3.10/site-packages'
[2.815s] Level 1:colcon.colcon_core.environment:checking '/home/shivam/bumperbot_ws/install/bumperbot_msgs/bin'
[2.815s] INFO:colcon.colcon_core.shell:Creating package script '/home/shivam/bumperbot_ws/install/bumperbot_msgs/share/bumperbot_msgs/package.ps1'
[2.816s] INFO:colcon.colcon_core.shell:Creating package descriptor '/home/shivam/bumperbot_ws/install/bumperbot_msgs/share/bumperbot_msgs/package.dsv'
[2.816s] INFO:colcon.colcon_core.shell:Creating package script '/home/shivam/bumperbot_ws/install/bumperbot_msgs/share/bumperbot_msgs/package.sh'
[2.817s] INFO:colcon.colcon_core.shell:Creating package script '/home/shivam/bumperbot_ws/install/bumperbot_msgs/share/bumperbot_msgs/package.bash'
[2.817s] INFO:colcon.colcon_core.shell:Creating package script '/home/shivam/bumperbot_ws/install/bumperbot_msgs/share/bumperbot_msgs/package.zsh'
[2.817s] Level 1:colcon.colcon_core.environment:create_file_with_runtime_dependencies(/home/shivam/bumperbot_ws/install/bumperbot_msgs/share/colcon-core/packages/bumperbot_msgs)
[2.818s] INFO:colcon.colcon_ros.task.ament_cmake.build:Building ROS package in '/home/shivam/bumperbot_ws/src/bumperbot_cpp_examples' with build type 'ament_cmake'
[2.818s] INFO:colcon.colcon_cmake.task.cmake.build:Building CMake package in '/home/shivam/bumperbot_ws/src/bumperbot_cpp_examples'
[2.818s] INFO:colcon.colcon_core.shell:Skip shell extension 'powershell' for command environment: Not usable outside of PowerShell
[2.818s] DEBUG:colcon.colcon_core.shell:Skip shell extension 'dsv' for command environment
[2.822s] INFO:colcon.colcon_ros.task.ament_python.build:Building ROS package in '/home/shivam/bumperbot_ws/src/bumperbot_py_examples' with build type 'ament_python'
[2.822s] Level 1:colcon.colcon_core.shell:create_environment_hook('bumperbot_py_examples', 'ament_prefix_path')
[2.823s] INFO:colcon.colcon_core.shell:Creating environment hook '/home/shivam/bumperbot_ws/install/bumperbot_py_examples/share/bumperbot_py_examples/hook/ament_prefix_path.ps1'
[2.824s] INFO:colcon.colcon_core.shell:Creating environment descriptor '/home/shivam/bumperbot_ws/install/bumperbot_py_examples/share/bumperbot_py_examples/hook/ament_prefix_path.dsv'
[2.825s] INFO:colcon.colcon_core.shell:Creating environment hook '/home/shivam/bumperbot_ws/install/bumperbot_py_examples/share/bumperbot_py_examples/hook/ament_prefix_path.sh'
[2.825s] INFO:colcon.colcon_core.shell:Skip shell extension 'powershell' for command environment: Not usable outside of PowerShell
[2.825s] DEBUG:colcon.colcon_core.shell:Skip shell extension 'dsv' for command environment
[3.320s] INFO:colcon.colcon_core.task.python.build:Building Python package in '/home/shivam/bumperbot_ws/src/bumperbot_py_examples'
[3.321s] INFO:colcon.colcon_core.shell:Skip shell extension 'powershell' for command environment: Not usable outside of PowerShell
[3.321s] DEBUG:colcon.colcon_core.shell:Skip shell extension 'dsv' for command environment
[3.334s] DEBUG:colcon.colcon_core.event_handler.log_command:Invoking command in '/home/shivam/bumperbot_ws/build/bumperbot_cpp_examples': AMENT_PREFIX_PATH=/home/shivam/bumperbot_ws/install/bumperbot_msgs:${AMENT_PREFIX_PATH} CMAKE_PREFIX_PATH=/home/shivam/bumperbot_ws/install/bumperbot_msgs:/opt/ros/humble LD_LIBRARY_PATH=/home/shivam/bumperbot_ws/install/bumperbot_msgs/lib:${LD_LIBRARY_PATH} PYTHONPATH=/home/shivam/bumperbot_ws/install/bumperbot_msgs/local/lib/python3.10/dist-packages:${PYTHONPATH} /usr/bin/cmake --build /home/shivam/bumperbot_ws/build/bumperbot_cpp_examples -- -j12 -l12
[3.474s] DEBUG:colcon.colcon_core.event_handler.log_command:Invoked command in '/home/shivam/bumperbot_ws/build/bumperbot_cpp_examples' returned '0': AMENT_PREFIX_PATH=/home/shivam/bumperbot_ws/install/bumperbot_msgs:${AMENT_PREFIX_PATH} CMAKE_PREFIX_PATH=/home/shivam/bumperbot_ws/install/bumperbot_msgs:/opt/ros/humble LD_LIBRARY_PATH=/home/shivam/bumperbot_ws/install/bumperbot_msgs/lib:${LD_LIBRARY_PATH} PYTHONPATH=/home/shivam/bumperbot_ws/install/bumperbot_msgs/local/lib/python3.10/dist-packages:${PYTHONPATH} /usr/bin/cmake --build /home/shivam/bumperbot_ws/build/bumperbot_cpp_examples -- -j12 -l12
[3.520s] DEBUG:colcon.colcon_core.event_handler.log_command:Invoking command in '/home/shivam/bumperbot_ws/build/bumperbot_cpp_examples': AMENT_PREFIX_PATH=/home/shivam/bumperbot_ws/install/bumperbot_msgs:${AMENT_PREFIX_PATH} CMAKE_PREFIX_PATH=/home/shivam/bumperbot_ws/install/bumperbot_msgs:/opt/ros/humble LD_LIBRARY_PATH=/home/shivam/bumperbot_ws/install/bumperbot_msgs/lib:${LD_LIBRARY_PATH} PYTHONPATH=/home/shivam/bumperbot_ws/install/bumperbot_msgs/local/lib/python3.10/dist-packages:${PYTHONPATH} /usr/bin/cmake --install /home/shivam/bumperbot_ws/build/bumperbot_cpp_examples
[3.545s] Level 1:colcon.colcon_core.environment:create_environment_scripts_only(bumperbot_cpp_examples)
[3.545s] DEBUG:colcon.colcon_core.event_handler.log_command:Invoked command in '/home/shivam/bumperbot_ws/build/bumperbot_cpp_examples' returned '0': AMENT_PREFIX_PATH=/home/shivam/bumperbot_ws/install/bumperbot_msgs:${AMENT_PREFIX_PATH} CMAKE_PREFIX_PATH=/home/shivam/bumperbot_ws/install/bumperbot_msgs:/opt/ros/humble LD_LIBRARY_PATH=/home/shivam/bumperbot_ws/install/bumperbot_msgs/lib:${LD_LIBRARY_PATH} PYTHONPATH=/home/shivam/bumperbot_ws/install/bumperbot_msgs/local/lib/python3.10/dist-packages:${PYTHONPATH} /usr/bin/cmake --install /home/shivam/bumperbot_ws/build/bumperbot_cpp_examples
[3.546s] Level 1:colcon.colcon_core.environment:checking '/home/shivam/bumperbot_ws/install/bumperbot_cpp_examples' for CMake module files
[3.546s] Level 1:colcon.colcon_core.environment:checking '/home/shivam/bumperbot_ws/install/bumperbot_cpp_examples' for CMake config files
[3.547s] Level 1:colcon.colcon_core.shell:create_environment_hook('bumperbot_cpp_examples', 'cmake_prefix_path')
[3.548s] INFO:colcon.colcon_core.shell:Creating environment hook '/home/shivam/bumperbot_ws/install/bumperbot_cpp_examples/share/bumperbot_cpp_examples/hook/cmake_prefix_path.ps1'
[3.549s] INFO:colcon.colcon_core.shell:Creating environment descriptor '/home/shivam/bumperbot_ws/install/bumperbot_cpp_examples/share/bumperbot_cpp_examples/hook/cmake_prefix_path.dsv'
[3.549s] INFO:colcon.colcon_core.shell:Creating environment hook '/home/shivam/bumperbot_ws/install/bumperbot_cpp_examples/share/bumperbot_cpp_examples/hook/cmake_prefix_path.sh'
[3.549s] Level 1:colcon.colcon_core.environment:checking '/home/shivam/bumperbot_ws/install/bumperbot_cpp_examples/lib'
[3.549s] Level 1:colcon.colcon_core.environment:checking '/home/shivam/bumperbot_ws/install/bumperbot_cpp_examples/bin'
[3.549s] Level 1:colcon.colcon_core.environment:checking '/home/shivam/bumperbot_ws/install/bumperbot_cpp_examples/lib/pkgconfig/bumperbot_cpp_examples.pc'
[3.550s] Level 1:colcon.colcon_core.environment:checking '/home/shivam/bumperbot_ws/install/bumperbot_cpp_examples/lib/python3.10/site-packages'
[3.550s] Level 1:colcon.colcon_core.environment:checking '/home/shivam/bumperbot_ws/install/bumperbot_cpp_examples/bin'
[3.550s] INFO:colcon.colcon_core.shell:Creating package script '/home/shivam/bumperbot_ws/install/bumperbot_cpp_examples/share/bumperbot_cpp_examples/package.ps1'
[3.551s] INFO:colcon.colcon_core.shell:Creating package descriptor '/home/shivam/bumperbot_ws/install/bumperbot_cpp_examples/share/bumperbot_cpp_examples/package.dsv'
[3.551s] INFO:colcon.colcon_core.shell:Creating package script '/home/shivam/bumperbot_ws/install/bumperbot_cpp_examples/share/bumperbot_cpp_examples/package.sh'
[3.552s] INFO:colcon.colcon_core.shell:Creating package script '/home/shivam/bumperbot_ws/install/bumperbot_cpp_examples/share/bumperbot_cpp_examples/package.bash'
[3.552s] INFO:colcon.colcon_core.shell:Creating package script '/home/shivam/bumperbot_ws/install/bumperbot_cpp_examples/share/bumperbot_cpp_examples/package.zsh'
[3.552s] Level 1:colcon.colcon_core.environment:create_file_with_runtime_dependencies(/home/shivam/bumperbot_ws/install/bumperbot_cpp_examples/share/colcon-core/packages/bumperbot_cpp_examples)
[3.593s] Level 1:colcon.colcon_core.environment:create_environment_scripts_only(bumperbot_cpp_examples)
[3.593s] Level 1:colcon.colcon_core.environment:checking '/home/shivam/bumperbot_ws/install/bumperbot_cpp_examples' for CMake module files
[3.594s] Level 1:colcon.colcon_core.environment:checking '/home/shivam/bumperbot_ws/install/bumperbot_cpp_examples' for CMake config files
[3.594s] Level 1:colcon.colcon_core.shell:create_environment_hook('bumperbot_cpp_examples', 'cmake_prefix_path')
[3.594s] INFO:colcon.colcon_core.shell:Creating environment hook '/home/shivam/bumperbot_ws/install/bumperbot_cpp_examples/share/bumperbot_cpp_examples/hook/cmake_prefix_path.ps1'
[3.594s] INFO:colcon.colcon_core.shell:Creating environment descriptor '/home/shivam/bumperbot_ws/install/bumperbot_cpp_examples/share/bumperbot_cpp_examples/hook/cmake_prefix_path.dsv'
[3.595s] INFO:colcon.colcon_core.shell:Creating environment hook '/home/shivam/bumperbot_ws/install/bumperbot_cpp_examples/share/bumperbot_cpp_examples/hook/cmake_prefix_path.sh'
[3.595s] Level 1:colcon.colcon_core.environment:checking '/home/shivam/bumperbot_ws/install/bumperbot_cpp_examples/lib'
[3.595s] Level 1:colcon.colcon_core.environment:checking '/home/shivam/bumperbot_ws/install/bumperbot_cpp_examples/bin'
[3.595s] Level 1:colcon.colcon_core.environment:checking '/home/shivam/bumperbot_ws/install/bumperbot_cpp_examples/lib/pkgconfig/bumperbot_cpp_examples.pc'
[3.596s] Level 1:colcon.colcon_core.environment:checking '/home/shivam/bumperbot_ws/install/bumperbot_cpp_examples/lib/python3.10/site-packages'
[3.596s] Level 1:colcon.colcon_core.environment:checking '/home/shivam/bumperbot_ws/install/bumperbot_cpp_examples/bin'
[3.596s] INFO:colcon.colcon_core.shell:Creating package script '/home/shivam/bumperbot_ws/install/bumperbot_cpp_examples/share/bumperbot_cpp_examples/package.ps1'
[3.597s] INFO:colcon.colcon_core.shell:Creating package descriptor '/home/shivam/bumperbot_ws/install/bumperbot_cpp_examples/share/bumperbot_cpp_examples/package.dsv'
[3.597s] INFO:colcon.colcon_core.shell:Creating package script '/home/shivam/bumperbot_ws/install/bumperbot_cpp_examples/share/bumperbot_cpp_examples/package.sh'
[3.598s] INFO:colcon.colcon_core.shell:Creating package script '/home/shivam/bumperbot_ws/install/bumperbot_cpp_examples/share/bumperbot_cpp_examples/package.bash'
[3.598s] INFO:colcon.colcon_core.shell:Creating package script '/home/shivam/bumperbot_ws/install/bumperbot_cpp_examples/share/bumperbot_cpp_examples/package.zsh'
[3.598s] Level 1:colcon.colcon_core.environment:create_file_with_runtime_dependencies(/home/shivam/bumperbot_ws/install/bumperbot_cpp_examples/share/colcon-core/packages/bumperbot_cpp_examples)
[4.556s] DEBUG:colcon.colcon_core.event_handler.log_command:Invoking command in '/home/shivam/bumperbot_ws/src/bumperbot_py_examples': AMENT_PREFIX_PATH=/home/shivam/bumperbot_ws/install/bumperbot_msgs:${AMENT_PREFIX_PATH} CMAKE_PREFIX_PATH=/home/shivam/bumperbot_ws/install/bumperbot_msgs LD_LIBRARY_PATH=/home/shivam/bumperbot_ws/install/bumperbot_msgs/lib:${LD_LIBRARY_PATH} PYTHONPATH=/home/shivam/bumperbot_ws/build/bumperbot_py_examples/prefix_override:/home/shivam/bumperbot_ws/install/bumperbot_py_examples/lib/python3.10/site-packages:/home/shivam/bumperbot_ws/install/bumperbot_msgs/local/lib/python3.10/dist-packages:${PYTHONPATH} /usr/bin/python3 -W ignore:setup.py install is deprecated setup.py egg_info --egg-base ../../build/bumperbot_py_examples build --build-base /home/shivam/bumperbot_ws/build/bumperbot_py_examples/build install --record /home/shivam/bumperbot_ws/build/bumperbot_py_examples/install.log --single-version-externally-managed install_data
[4.934s] Level 1:colcon.colcon_core.environment:checking '/home/shivam/bumperbot_ws/install/bumperbot_py_examples' for CMake module files
[4.934s] DEBUG:colcon.colcon_core.event_handler.log_command:Invoked command in '/home/shivam/bumperbot_ws/src/bumperbot_py_examples' returned '0': AMENT_PREFIX_PATH=/home/shivam/bumperbot_ws/install/bumperbot_msgs:${AMENT_PREFIX_PATH} CMAKE_PREFIX_PATH=/home/shivam/bumperbot_ws/install/bumperbot_msgs LD_LIBRARY_PATH=/home/shivam/bumperbot_ws/install/bumperbot_msgs/lib:${LD_LIBRARY_PATH} PYTHONPATH=/home/shivam/bumperbot_ws/build/bumperbot_py_examples/prefix_override:/home/shivam/bumperbot_ws/install/bumperbot_py_examples/lib/python3.10/site-packages:/home/shivam/bumperbot_ws/install/bumperbot_msgs/local/lib/python3.10/dist-packages:${PYTHONPATH} /usr/bin/python3 -W ignore:setup.py install is deprecated setup.py egg_info --egg-base ../../build/bumperbot_py_examples build --build-base /home/shivam/bumperbot_ws/build/bumperbot_py_examples/build install --record /home/shivam/bumperbot_ws/build/bumperbot_py_examples/install.log --single-version-externally-managed install_data
[4.935s] Level 1:colcon.colcon_core.environment:checking '/home/shivam/bumperbot_ws/install/bumperbot_py_examples' for CMake config files
[4.938s] Level 1:colcon.colcon_core.environment:checking '/home/shivam/bumperbot_ws/install/bumperbot_py_examples/lib'
[4.939s] Level 1:colcon.colcon_core.environment:checking '/home/shivam/bumperbot_ws/install/bumperbot_py_examples/bin'
[4.939s] Level 1:colcon.colcon_core.environment:checking '/home/shivam/bumperbot_ws/install/bumperbot_py_examples/lib/pkgconfig/bumperbot_py_examples.pc'
[4.940s] Level 1:colcon.colcon_core.environment:checking '/home/shivam/bumperbot_ws/install/bumperbot_py_examples/lib/python3.10/site-packages'
[4.940s] Level 1:colcon.colcon_core.shell:create_environment_hook('bumperbot_py_examples', 'pythonpath')
[4.940s] INFO:colcon.colcon_core.shell:Creating environment hook '/home/shivam/bumperbot_ws/install/bumperbot_py_examples/share/bumperbot_py_examples/hook/pythonpath.ps1'
[4.941s] INFO:colcon.colcon_core.shell:Creating environment descriptor '/home/shivam/bumperbot_ws/install/bumperbot_py_examples/share/bumperbot_py_examples/hook/pythonpath.dsv'
[4.941s] INFO:colcon.colcon_core.shell:Creating environment hook '/home/shivam/bumperbot_ws/install/bumperbot_py_examples/share/bumperbot_py_examples/hook/pythonpath.sh'
[4.942s] Level 1:colcon.colcon_core.environment:checking '/home/shivam/bumperbot_ws/install/bumperbot_py_examples/bin'
[4.942s] Level 1:colcon.colcon_core.environment:create_environment_scripts_only(bumperbot_py_examples)
[4.942s] INFO:colcon.colcon_core.shell:Creating package script '/home/shivam/bumperbot_ws/install/bumperbot_py_examples/share/bumperbot_py_examples/package.ps1'
[4.942s] INFO:colcon.colcon_core.shell:Creating package descriptor '/home/shivam/bumperbot_ws/install/bumperbot_py_examples/share/bumperbot_py_examples/package.dsv'
[4.943s] INFO:colcon.colcon_core.shell:Creating package script '/home/shivam/bumperbot_ws/install/bumperbot_py_examples/share/bumperbot_py_examples/package.sh'
[4.943s] INFO:colcon.colcon_core.shell:Creating package script '/home/shivam/bumperbot_ws/install/bumperbot_py_examples/share/bumperbot_py_examples/package.bash'
[4.943s] INFO:colcon.colcon_core.shell:Creating package script '/home/shivam/bumperbot_ws/install/bumperbot_py_examples/share/bumperbot_py_examples/package.zsh'
[4.944s] Level 1:colcon.colcon_core.environment:create_file_with_runtime_dependencies(/home/shivam/bumperbot_ws/install/bumperbot_py_examples/share/colcon-core/packages/bumperbot_py_examples)
[4.944s] DEBUG:colcon.colcon_parallel_executor.executor.parallel:closing loop
[4.945s] DEBUG:colcon.colcon_parallel_executor.executor.parallel:loop closed
[4.945s] DEBUG:colcon.colcon_parallel_executor.executor.parallel:run_until_complete finished with '0'
[4.945s] DEBUG:colcon.colcon_core.event_reactor:joining thread
[5.004s] INFO:colcon.colcon_core.plugin_system:Skipping extension 'colcon_notification.desktop_notification.notify_send': Could not find 'notify-send'
[5.004s] INFO:colcon.colcon_core.plugin_system:Skipping extension 'colcon_notification.desktop_notification.terminal_notifier': Not used on non-Darwin systems
[5.004s] INFO:colcon.colcon_core.plugin_system:Skipping extension 'colcon_notification.desktop_notification.win32': Not used on non-Windows systems
[5.004s] INFO:colcon.colcon_notification.desktop_notification:Sending desktop notification using 'notify2'
[5.005s] DEBUG:colcon.colcon_notification.desktop_notification.notify2:Failed to initialize notify2: org.freedesktop.DBus.Error.ServiceUnknown: The name org.freedesktop.Notifications was not provided by any .service files
[5.005s] DEBUG:colcon.colcon_core.event_reactor:joined thread
[5.006s] INFO:colcon.colcon_core.shell:Creating prefix script '/home/shivam/bumperbot_ws/install/local_setup.ps1'
[5.008s] INFO:colcon.colcon_core.shell:Creating prefix util module '/home/shivam/bumperbot_ws/install/_local_setup_util_ps1.py'
[5.010s] INFO:colcon.colcon_core.shell:Creating prefix chain script '/home/shivam/bumperbot_ws/install/setup.ps1'
[5.011s] INFO:colcon.colcon_core.shell:Creating prefix script '/home/shivam/bumperbot_ws/install/local_setup.sh'
[5.012s] INFO:colcon.colcon_core.shell:Creating prefix util module '/home/shivam/bumperbot_ws/install/_local_setup_util_sh.py'
[5.012s] INFO:colcon.colcon_core.shell:Creating prefix chain script '/home/shivam/bumperbot_ws/install/setup.sh'
[5.013s] INFO:colcon.colcon_core.shell:Creating prefix script '/home/shivam/bumperbot_ws/install/local_setup.bash'
[5.015s] INFO:colcon.colcon_core.shell:Creating prefix chain script '/home/shivam/bumperbot_ws/install/setup.bash'
[5.017s] INFO:colcon.colcon_core.shell:Creating prefix script '/home/shivam/bumperbot_ws/install/local_setup.zsh'
[5.018s] INFO:colcon.colcon_core.shell:Creating prefix chain script '/home/shivam/bumperbot_ws/install/setup.zsh'
