[0.016s] Invoking command in '/home/shivam/bumperbot_ws/build/bumperbot_controller': CMAKE_PREFIX_PATH=/opt/ros/humble /usr/bin/cmake /home/shivam/bumperbot_ws/src/bumperbot_controller -DCMAKE_INSTALL_PREFIX=/home/shivam/bumperbot_ws/install/bumperbot_controller
[0.204s] -- The C compiler identification is GNU 11.4.0
[0.515s] -- The CXX compiler identification is GNU 11.4.0
[0.788s] -- Detecting C compiler ABI info
[0.941s] -- Detecting C compiler ABI info - done
[0.949s] -- Check for working C compiler: /usr/bin/cc - skipped
[0.949s] -- Detecting C compile features
[0.949s] -- Detecting C compile features - done
[0.953s] -- Detecting CXX compiler ABI info
[1.250s] -- Detecting CXX compiler ABI info - done
[1.266s] -- Check for working CXX compiler: /usr/bin/c++ - skipped
[1.266s] -- Detecting CXX compile features
[1.267s] -- Detecting CXX compile features - done
[1.271s] -- Found ament_cmake: 1.3.8 (/opt/ros/humble/share/ament_cmake/cmake)
[1.440s] -- Found Python3: /usr/bin/python3 (found version "3.10.12") found components: Interpreter 
[1.526s] -- Found rclcpp: 16.0.8 (/opt/ros/humble/share/rclcpp/cmake)
[1.704s] -- Found rosidl_generator_c: 3.1.5 (/opt/ros/humble/share/rosidl_generator_c/cmake)
[1.708s] -- Found rosidl_adapter: 3.1.5 (/opt/ros/humble/share/rosidl_adapter/cmake)
[1.714s] -- Found rosidl_generator_cpp: 3.1.5 (/opt/ros/humble/share/rosidl_generator_cpp/cmake)
[1.724s] -- Using all available rosidl_typesupport_c: rosidl_typesupport_fastrtps_c;rosidl_typesupport_introspection_c
[1.737s] -- Using all available rosidl_typesupport_cpp: rosidl_typesupport_fastrtps_cpp;rosidl_typesupport_introspection_cpp
[1.786s] -- Found rmw_implementation_cmake: 6.1.1 (/opt/ros/humble/share/rmw_implementation_cmake/cmake)
[1.788s] -- Found rmw_fastrtps_cpp: 6.2.6 (/opt/ros/humble/share/rmw_fastrtps_cpp/cmake)
[2.337s] -- Found OpenSSL: /usr/lib/x86_64-linux-gnu/libcrypto.so (found version "3.0.2")  
[2.922s] -- Found FastRTPS: /opt/ros/humble/include  
[5.810s] -- Using RMW implementation 'rmw_fastrtps_cpp' as default
[5.817s] -- Looking for pthread.h
[5.920s] -- Looking for pthread.h - found
[5.920s] -- Performing Test CMAKE_HAVE_LIBC_PTHREAD
[6.025s] -- Performing Test CMAKE_HAVE_LIBC_PTHREAD - Success
[6.026s] -- Found Threads: TRUE  
[6.138s] -- Found rclpy: 3.3.12 (/opt/ros/humble/share/rclpy/cmake)
[6.139s] -- Found geometry_msgs: 4.2.3 (/opt/ros/humble/share/geometry_msgs/cmake)
[6.173s] -- Found sensor_msgs: 4.2.3 (/opt/ros/humble/share/sensor_msgs/cmake)
[6.236s] -- Found nav_msgs: 4.2.3 (/opt/ros/humble/share/nav_msgs/cmake)
[6.305s] -- Found tf2_ros: 0.25.6 (/opt/ros/humble/share/tf2_ros/cmake)
[6.700s] -- Configuring done
[6.712s] -- Generating done
[6.713s] -- Build files have been written to: /home/shivam/bumperbot_ws/build/bumperbot_controller
[6.722s] Invoked command in '/home/shivam/bumperbot_ws/build/bumperbot_controller' returned '0': CMAKE_PREFIX_PATH=/opt/ros/humble /usr/bin/cmake /home/shivam/bumperbot_ws/src/bumperbot_controller -DCMAKE_INSTALL_PREFIX=/home/shivam/bumperbot_ws/install/bumperbot_controller
[6.723s] Invoking command in '/home/shivam/bumperbot_ws/build/bumperbot_controller': CMAKE_PREFIX_PATH=/opt/ros/humble /usr/bin/cmake --build /home/shivam/bumperbot_ws/build/bumperbot_controller -- -j12 -l12
[6.755s] [ 25%] [32mBuilding CXX object CMakeFiles/noisy_controller.dir/src/noisy_controller.cpp.o[0m
[6.756s] [ 50%] [32mBuilding CXX object CMakeFiles/simple_controller.dir/src/simple_controller.cpp.o[0m
[6.764s] [ 50%] Built target ament_cmake_python_copy_bumperbot_controller
[6.960s] running egg_info
[6.960s] creating bumperbot_controller.egg-info
[6.961s] writing bumperbot_controller.egg-info/PKG-INFO
[6.961s] writing dependency_links to bumperbot_controller.egg-info/dependency_links.txt
[6.961s] writing top-level names to bumperbot_controller.egg-info/top_level.txt
[6.961s] writing manifest file 'bumperbot_controller.egg-info/SOURCES.txt'
[6.963s] reading manifest file 'bumperbot_controller.egg-info/SOURCES.txt'
[6.963s] writing manifest file 'bumperbot_controller.egg-info/SOURCES.txt'
[6.986s] [ 50%] Built target ament_cmake_python_build_bumperbot_controller_egg
[15.268s] [ 75%] [32m[1mLinking CXX executable noisy_controller[0m
[15.817s] [ 75%] Built target noisy_controller
[19.509s] [100%] [32m[1mLinking CXX executable simple_controller[0m
[20.407s] [100%] Built target simple_controller
[20.418s] Invoked command in '/home/shivam/bumperbot_ws/build/bumperbot_controller' returned '0': CMAKE_PREFIX_PATH=/opt/ros/humble /usr/bin/cmake --build /home/shivam/bumperbot_ws/build/bumperbot_controller -- -j12 -l12
[20.451s] Invoking command in '/home/shivam/bumperbot_ws/build/bumperbot_controller': CMAKE_PREFIX_PATH=/opt/ros/humble /usr/bin/cmake --install /home/shivam/bumperbot_ws/build/bumperbot_controller
[20.459s] -- Install configuration: ""
[20.459s] -- Installing: /home/shivam/bumperbot_ws/install/bumperbot_controller/share/bumperbot_controller/environment/pythonpath.sh
[20.460s] -- Installing: /home/shivam/bumperbot_ws/install/bumperbot_controller/share/bumperbot_controller/environment/pythonpath.dsv
[20.460s] -- Installing: /home/shivam/bumperbot_ws/install/bumperbot_controller/local/lib/python3.10/dist-packages/bumperbot_controller-0.0.0-py3.10.egg-info
[20.461s] -- Installing: /home/shivam/bumperbot_ws/install/bumperbot_controller/local/lib/python3.10/dist-packages/bumperbot_controller-0.0.0-py3.10.egg-info/SOURCES.txt
[20.461s] -- Installing: /home/shivam/bumperbot_ws/install/bumperbot_controller/local/lib/python3.10/dist-packages/bumperbot_controller-0.0.0-py3.10.egg-info/dependency_links.txt
[20.461s] -- Installing: /home/shivam/bumperbot_ws/install/bumperbot_controller/local/lib/python3.10/dist-packages/bumperbot_controller-0.0.0-py3.10.egg-info/top_level.txt
[20.462s] -- Installing: /home/shivam/bumperbot_ws/install/bumperbot_controller/local/lib/python3.10/dist-packages/bumperbot_controller-0.0.0-py3.10.egg-info/PKG-INFO
[20.462s] -- Installing: /home/shivam/bumperbot_ws/install/bumperbot_controller/local/lib/python3.10/dist-packages/bumperbot_controller
[20.462s] -- Installing: /home/shivam/bumperbot_ws/install/bumperbot_controller/local/lib/python3.10/dist-packages/bumperbot_controller/__init__.py
[20.462s] -- Installing: /home/shivam/bumperbot_ws/install/bumperbot_controller/local/lib/python3.10/dist-packages/bumperbot_controller/simple_controller.py
[20.462s] -- Installing: /home/shivam/bumperbot_ws/install/bumperbot_controller/local/lib/python3.10/dist-packages/bumperbot_controller/noisy_controller.py
[20.488s] Listing '/home/shivam/bumperbot_ws/install/bumperbot_controller/local/lib/python3.10/dist-packages/bumperbot_controller'...
[20.489s] Compiling '/home/shivam/bumperbot_ws/install/bumperbot_controller/local/lib/python3.10/dist-packages/bumperbot_controller/__init__.py'...
[20.489s] Compiling '/home/shivam/bumperbot_ws/install/bumperbot_controller/local/lib/python3.10/dist-packages/bumperbot_controller/noisy_controller.py'...
[20.489s] Compiling '/home/shivam/bumperbot_ws/install/bumperbot_controller/local/lib/python3.10/dist-packages/bumperbot_controller/simple_controller.py'...
[20.491s] -- Installing: /home/shivam/bumperbot_ws/install/bumperbot_controller/include/include
[20.492s] -- Installing: /home/shivam/bumperbot_ws/install/bumperbot_controller/include/include/bumperbot_controller
[20.492s] -- Installing: /home/shivam/bumperbot_ws/install/bumperbot_controller/include/include/bumperbot_controller/simple_controller.hpp
[20.492s] -- Installing: /home/shivam/bumperbot_ws/install/bumperbot_controller/include/include/bumperbot_controller/noisy_controller.hpp
[20.492s] -- Installing: /home/shivam/bumperbot_ws/install/bumperbot_controller/lib/bumperbot_controller/simple_controller
[20.496s] -- Set runtime path of "/home/shivam/bumperbot_ws/install/bumperbot_controller/lib/bumperbot_controller/simple_controller" to ""
[20.496s] -- Installing: /home/shivam/bumperbot_ws/install/bumperbot_controller/lib/bumperbot_controller/noisy_controller
[20.498s] -- Set runtime path of "/home/shivam/bumperbot_ws/install/bumperbot_controller/lib/bumperbot_controller/noisy_controller" to ""
[20.498s] -- Installing: /home/shivam/bumperbot_ws/install/bumperbot_controller/share/bumperbot_controller/launch
[20.500s] -- Installing: /home/shivam/bumperbot_ws/install/bumperbot_controller/share/bumperbot_controller/launch/controller.launch.py
[20.501s] -- Installing: /home/shivam/bumperbot_ws/install/bumperbot_controller/share/bumperbot_controller/launch/joystick_teleop.launch.py
[20.502s] -- Installing: /home/shivam/bumperbot_ws/install/bumperbot_controller/share/bumperbot_controller/config
[20.502s] -- Installing: /home/shivam/bumperbot_ws/install/bumperbot_controller/share/bumperbot_controller/config/joy_teleop.yaml
[20.503s] -- Installing: /home/shivam/bumperbot_ws/install/bumperbot_controller/share/bumperbot_controller/config/joy_config.yaml
[20.504s] -- Installing: /home/shivam/bumperbot_ws/install/bumperbot_controller/share/bumperbot_controller/config/bumperbot_controllers.yaml
[20.504s] -- Installing: /home/shivam/bumperbot_ws/install/bumperbot_controller/lib/bumperbot_controller/simple_controller.py
[20.504s] -- Installing: /home/shivam/bumperbot_ws/install/bumperbot_controller/lib/bumperbot_controller/noisy_controller.py
[20.505s] -- Installing: /home/shivam/bumperbot_ws/install/bumperbot_controller/share/ament_index/resource_index/package_run_dependencies/bumperbot_controller
[20.505s] -- Installing: /home/shivam/bumperbot_ws/install/bumperbot_controller/share/ament_index/resource_index/parent_prefix_path/bumperbot_controller
[20.505s] -- Installing: /home/shivam/bumperbot_ws/install/bumperbot_controller/share/bumperbot_controller/environment/ament_prefix_path.sh
[20.505s] -- Installing: /home/shivam/bumperbot_ws/install/bumperbot_controller/share/bumperbot_controller/environment/ament_prefix_path.dsv
[20.506s] -- Installing: /home/shivam/bumperbot_ws/install/bumperbot_controller/share/bumperbot_controller/environment/path.sh
[20.506s] -- Installing: /home/shivam/bumperbot_ws/install/bumperbot_controller/share/bumperbot_controller/environment/path.dsv
[20.506s] -- Installing: /home/shivam/bumperbot_ws/install/bumperbot_controller/share/bumperbot_controller/local_setup.bash
[20.506s] -- Installing: /home/shivam/bumperbot_ws/install/bumperbot_controller/share/bumperbot_controller/local_setup.sh
[20.506s] -- Installing: /home/shivam/bumperbot_ws/install/bumperbot_controller/share/bumperbot_controller/local_setup.zsh
[20.507s] -- Installing: /home/shivam/bumperbot_ws/install/bumperbot_controller/share/bumperbot_controller/local_setup.dsv
[20.507s] -- Installing: /home/shivam/bumperbot_ws/install/bumperbot_controller/share/bumperbot_controller/package.dsv
[20.507s] -- Installing: /home/shivam/bumperbot_ws/install/bumperbot_controller/share/ament_index/resource_index/packages/bumperbot_controller
[20.507s] -- Installing: /home/shivam/bumperbot_ws/install/bumperbot_controller/share/bumperbot_controller/cmake/bumperbot_controllerConfig.cmake
[20.508s] -- Installing: /home/shivam/bumperbot_ws/install/bumperbot_controller/share/bumperbot_controller/cmake/bumperbot_controllerConfig-version.cmake
[20.508s] -- Installing: /home/shivam/bumperbot_ws/install/bumperbot_controller/share/bumperbot_controller/package.xml
[20.511s] Invoked command in '/home/shivam/bumperbot_ws/build/bumperbot_controller' returned '0': CMAKE_PREFIX_PATH=/opt/ros/humble /usr/bin/cmake --install /home/shivam/bumperbot_ws/build/bumperbot_controller
